16:53:21.843 [main                     ] DEBUG Logger               - Configured Logger
16:53:21.849 [main                     ] DEBUG GameApplication      - Logging settings
Title: Speedy Plane
Version: 1.0
Width: 1980
Height: 1080
Fullscreen: false
Intro: false
Profiling: false
Single step:false
App Mode: DEVELOPER
Menu Key: ESCAPE
Stage Style: DECORATED
Scene Factory: class com.almasb.fxgl.app.scene.SceneFactory

16:53:22.643 [JavaFX Application Thread] DEBUG FXGLApplication      - Initializing FXGL
16:53:22.647 [JavaFX Application Thread] INFO  Engine               - FXGL-11.17 (16.07.2021 15.46) on WINDOWS (J:17.0.1 FX:16)
16:53:22.647 [JavaFX Application Thread] DEBUG Engine               - JRE Vendor Name: Oracle Corporation
16:53:22.647 [JavaFX Application Thread] DEBUG Engine               - Running on OS: Windows 10 version 10.0
16:53:22.647 [JavaFX Application Thread] DEBUG Engine               - Architecture: amd64
16:53:22.647 [JavaFX Application Thread] INFO  Engine               - Source code and latest versions at: https://github.com/AlmasB/FXGL
16:53:22.648 [JavaFX Application Thread] INFO  Engine               -              Join the FXGL chat at: https://gitter.im/AlmasB/FXGL
16:53:22.808 [JavaFX Application Thread] DEBUG PrimaryStageWindow   - Creating a JavaFX scene
16:53:22.808 [JavaFX Application Thread] DEBUG PrimaryStageWindow   - Target size > screen size
16:53:22.878 [JavaFX Application Thread] DEBUG PrimaryStageWindow   - Target settings size: 1980.0 x 1080.0
16:53:22.878 [JavaFX Application Thread] DEBUG PrimaryStageWindow   - Scaled scene size:    1881.0 x 1039.0
16:53:22.878 [JavaFX Application Thread] DEBUG PrimaryStageWindow   - Scaled ratio: (0.95, 0.962037037037037)
16:53:22.879 [JavaFX Application Thread] DEBUG PrimaryStageWindow   - Set initial scene to FXGLStartupScene
16:53:22.889 [JavaFX Application Thread] DEBUG PrimaryStageWindow   - Opening main window
16:53:23.024 [JavaFX Application Thread] DEBUG PrimaryStageWindow   - Window border size: (16.0, 39.0)
16:53:23.024 [JavaFX Application Thread] DEBUG PrimaryStageWindow   - Scaled size: 1881.0 x 1039.0
16:53:23.024 [JavaFX Application Thread] DEBUG PrimaryStageWindow   - Scaled ratio: (0.95, 0.962037037037037)
16:53:23.025 [JavaFX Application Thread] DEBUG PrimaryStageWindow   - Scene size: 1881.0 x 1039.0
16:53:23.025 [JavaFX Application Thread] DEBUG PrimaryStageWindow   - Stage size: 1897.0 x 1078.0
16:53:23.035 [FXGL Background Thread 1 ] DEBUG Engine               - Initializing environment variables
16:53:23.102 [FXGL Background Thread 1 ] DEBUG FXGLAssetLoaderServi - User app class for loading assets: class com.almasb.fxglgames.flappy.FlappyBirdApp
16:53:23.102 [FXGL Background Thread 1 ] DEBUG GameApplicationServi - Applying CSS: fxgl_dark.css
16:53:23.103 [FXGL Background Thread 1 ] DEBUG FXGLAssetLoaderServi - Loading from file system: jar:file:/C:/Users/William/.m2/repository/com/github/almasb/fxgl/11.17/fxgl-11.17.jar!/fxglassets/ui/css/fxgl_dark.css
16:53:23.153 [FXGL Background Thread 1 ] DEBUG GameApplicationServi - Initializing application scenes
16:53:23.206 [FXGL Background Thread 1 ] DEBUG GameWorld            - Game world initialized
16:53:23.276 [FXGL Background Thread 1 ] DEBUG PhysicsWorld         - Physics world initialized: appHeight=1080, physics.ppm=50.0
16:53:23.276 [FXGL Background Thread 1 ] DEBUG PhysicsWorld         - Using strategy: BRUTE_FORCE
16:53:23.279 [FXGL Background Thread 1 ] DEBUG GameScene            - Game scene initialized: 1980x1080
16:53:23.296 [FXGL Background Thread 1 ] DEBUG FXGL.DefaultMenu     - createMenuBodyMainMenu()
16:53:23.316 [FXGL Background Thread 1 ] DEBUG FXGL.DefaultMenu     - createOptionsMenu()
16:53:23.327 [FXGL Background Thread 1 ] DEBUG FXGLAssetLoaderServi - Loading from file system: jar:file:/C:/Users/William/.m2/repository/com/github/almasb/fxgl/11.17/fxgl-11.17.jar!/fxglassets/textures/particles/smoke.png
16:53:23.452 [FXGL Background Thread 1 ] DEBUG FXGLAssetLoaderServi - Loading from file system: jar:file:/C:/Users/William/.m2/repository/com/github/almasb/fxgl/11.17/fxgl-11.17.jar!/fxglassets/textures/particles/trace_horizontal.png
16:53:23.486 [FXGL Background Thread 1 ] DEBUG FXGL.DefaultMenu     - createMenuBodyGameMenu()
16:53:23.487 [FXGL Background Thread 1 ] DEBUG FXGL.DefaultMenu     - createOptionsMenu()
16:53:23.505 [FXGL Background Thread 1 ] DEBUG GameApplicationServi - Application scenes initialized
16:53:23.521 [FXGL Background Thread 1 ] DEBUG SystemBundleService  - Loading default FXGL system data
16:53:23.522 [FXGL Background Thread 1 ] DEBUG UpdaterService       - Checking for updates
16:53:23.526 [FXGL Background Thread 4 ] DEBUG FXGLApplication      - Loading fonts
16:53:23.527 [FXGL Background Thread 1 ] DEBUG FXGLApplication      - Loading default localization
16:53:23.527 [FXGL Background Thread 4 ] DEBUG FXGLAssetLoaderServi - Loading from file system: jar:file:/C:/Users/William/.m2/repository/com/github/almasb/fxgl/11.17/fxgl-11.17.jar!/fxglassets/ui/fonts/VarelaRound-Regular.ttf
16:53:23.527 [FXGL Background Thread 1 ] DEBUG FXGLAssetLoaderServi - Loading from file system: jar:file:/C:/Users/William/.m2/repository/com/github/almasb/fxgl/11.17/fxgl-11.17.jar!/fxglassets/languages/english.lang
16:53:23.542 [FXGL Background Thread 1 ] INFO  FXGLApplication      - FXGL initialization took: 0.507 sec
16:53:23.556 [JavaFX Application Thread] DEBUG Input                - Registered new binding: Jump - Space
16:53:23.556 [JavaFX Application Thread] DEBUG FXGLAssetLoaderServi - Loading from file system: file:/C:/Users/William/Desktop/Code/Github/CAT201-Project/catprojecttrail1/target/classes/assets/music/bgm.mp3
16:53:23.596 [FXGL Background Thread 4 ] DEBUG FXGLAssetLoaderServi - Loading from file system: jar:file:/C:/Users/William/.m2/repository/com/github/almasb/fxgl/11.17/fxgl-11.17.jar!/fxglassets/ui/fonts/Abel-Regular.ttf
16:53:23.600 [FXGL Background Thread 4 ] DEBUG FXGLAssetLoaderServi - Loading from file system: jar:file:/C:/Users/William/.m2/repository/com/github/almasb/fxgl/11.17/fxgl-11.17.jar!/fxglassets/ui/fonts/lucida_console.ttf
16:53:23.607 [FXGL Background Thread 4 ] DEBUG FXGLAssetLoaderServi - Loading from file system: jar:file:/C:/Users/William/.m2/repository/com/github/almasb/fxgl/11.17/fxgl-11.17.jar!/fxglassets/ui/fonts/Courier-Prime.ttf
16:53:23.775 [JavaFX Application Thread] DEBUG AudioPlayer          - Playing music com.almasb.fxgl.audio.Music@694f7796
16:53:23.776 [JavaFX Application Thread] DEBUG FXGLAssetLoaderServi - Loading from file system: jar:file:/C:/Users/William/.m2/repository/com/github/almasb/fxgl/11.17/fxgl-11.17.jar!/fxglassets/textures/fxgl_icon.png
16:53:23.804 [JavaFX Application Thread] DEBUG FXGLAssetLoaderServi - Loading from file system: jar:file:/C:/Users/William/.m2/repository/com/github/almasb/fxgl/11.17/fxgl-11.17.jar!/fxglassets/textures/fxgl_default_cursor.png
16:53:23.807 [JavaFX Application Thread] DEBUG Input                - Registered new binding: Screenshot - CTRL+8
16:53:23.808 [JavaFX Application Thread] DEBUG Input                - Registered new binding: System info dump - CTRL+9
16:53:23.808 [JavaFX Application Thread] DEBUG Input                - Registered new binding: Restart - CTRL+R
16:53:23.809 [JavaFX Application Thread] DEBUG Input                - Registered new binding: Toggle Debug Camera - CTRL+C
16:53:23.812 [JavaFX Application Thread] DEBUG LoopRunner           - Starting loop
16:53:23.812 [JavaFX Application Thread] DEBUG LoopRunner           - Initializing JavaFX AnimationTimerLoop
16:53:23.822 [JavaFX Application Thread] DEBUG Input                - Clearing active input actions
16:53:23.831 [JavaFX Application Thread] DEBUG GameApplicationServi - Removing overlay from FXGLStartupScene and adding to FXGLMainMenuDummyScene
16:53:23.831 [JavaFX Application Thread] DEBUG PrimaryStageWindow   - FXGLStartupScene -> FXGLMainMenuDummyScene
16:53:23.831 [JavaFX Application Thread] DEBUG PrimaryStageWindow   - Push state: FXGLDefaultMenu
16:53:23.836 [JavaFX Application Thread] DEBUG Input                - Clearing active input actions
16:53:23.850 [JavaFX Application Thread] DEBUG GameApplicationServi - Removing overlay from FXGLMainMenuDummyScene and adding to FXGLDefaultMenu
16:53:23.851 [JavaFX Application Thread] DEBUG PrimaryStageWindow   - FXGLMainMenuDummyScene -> FXGLDefaultMenu
16:53:23.851 [JavaFX Application Thread] DEBUG FXGLApplication      - Registering font factories with UI factory
16:53:24.326 [FXGL Background Thread 2 ] INFO  UpdaterService       - Your current version:  11.17
16:53:24.326 [FXGL Background Thread 2 ] INFO  UpdaterService       - Latest stable version: 17
16:53:25.080 [JavaFX Application Thread] DEBUG Menu                 - fireNewGame()
16:53:25.080 [JavaFX Application Thread] DEBUG GameApplicationServi - Starting new game
16:53:25.083 [JavaFX Application Thread] DEBUG PrimaryStageWindow   - Pop state: FXGLDefaultMenu
16:53:25.083 [JavaFX Application Thread] DEBUG Input                - Clearing active input actions
16:53:25.084 [JavaFX Application Thread] DEBUG GameApplicationServi - Removing overlay from FXGLDefaultMenu and adding to FXGLMainMenuDummyScene
16:53:25.085 [JavaFX Application Thread] DEBUG PrimaryStageWindow   - FXGLMainMenuDummyScene <- FXGLDefaultMenu
16:53:25.085 [JavaFX Application Thread] DEBUG Input                - Clearing active input actions
16:53:25.096 [JavaFX Application Thread] DEBUG GameApplicationServi - Removing overlay from FXGLMainMenuDummyScene and adding to FXGLLoadingScene
16:53:25.097 [JavaFX Application Thread] DEBUG PrimaryStageWindow   - FXGLMainMenuDummyScene -> FXGLLoadingScene
16:53:25.097 [JavaFX Application Thread] DEBUG GameApplicationServi - Clearing previous game
16:53:25.097 [JavaFX Application Thread] DEBUG GameScene            - Clearing game scene
16:53:25.097 [JavaFX Application Thread] DEBUG GameWorld            - Clearing game world
16:53:25.097 [JavaFX Application Thread] DEBUG PhysicsWorld         - Clearing physics world
16:53:25.099 [FXGL Background Thread 2 ] DEBUG FXGLApplication      - Initializing game
16:53:25.113 [FXGL Background Thread 2 ] DEBUG FXGLAssetLoaderServi - Loading from file system: file:/C:/Users/William/Desktop/Code/Github/CAT201-Project/catprojecttrail1/target/classes/assets/textures/plane.png
16:53:25.171 [FXGL Background Thread 2 ] INFO  FXGLApplication      - Game initialization took: 0.072 sec
16:53:25.175 [JavaFX Application Thread] DEBUG Input                - Clearing active input actions
16:53:25.186 [JavaFX Application Thread] DEBUG GameApplicationServi - Removing overlay from FXGLLoadingScene and adding to GameScene
16:53:25.187 [JavaFX Application Thread] DEBUG PrimaryStageWindow   - FXGLLoadingScene -> GameScene
16:53:25.190 [JavaFX Application Thread] DEBUG FXGLAssetLoaderServi - Loading from file system: file:/C:/Users/William/Desktop/Code/Github/CAT201-Project/catprojecttrail1/target/classes/assets/textures/cloud.png
16:53:25.198 [JavaFX Application Thread] DEBUG FXGLAssetLoaderServi - Loading from file system: file:/C:/Users/William/Desktop/Code/Github/CAT201-Project/catprojecttrail1/target/classes/assets/textures/bird.png
16:53:26.534 [FXGL Background Thread 3 ] DEBUG Engine               - Logging environment variables
16:53:26.534 [FXGL Background Thread 3 ] DEBUG Engine               - achievements: []
16:53:26.534 [FXGL Background Thread 3 ] DEBUG Engine               - actualHeight: 1039.0
16:53:26.534 [FXGL Background Thread 3 ] DEBUG Engine               - actualHeightProperty: ReadOnlyDoubleProperty [value: 1039.0]
16:53:26.534 [FXGL Background Thread 3 ] DEBUG Engine               - actualWidth: 1881.0
16:53:26.535 [FXGL Background Thread 3 ] DEBUG Engine               - actualWidthProperty: ReadOnlyDoubleProperty [value: 1881.0]
16:53:26.535 [FXGL Background Thread 3 ] DEBUG Engine               - appIcon: fxgl_icon.png
16:53:26.535 [FXGL Background Thread 3 ] DEBUG Engine               - applicationMode: DEVELOPER
16:53:26.535 [FXGL Background Thread 3 ] DEBUG Engine               - cSSList: [fxgl_dark.css]
16:53:26.535 [FXGL Background Thread 3 ] DEBUG Engine               - collisionDetectionStrategy: BRUTE_FORCE
16:53:26.535 [FXGL Background Thread 3 ] DEBUG Engine               - configClass: Optional.empty
16:53:26.535 [FXGL Background Thread 3 ] DEBUG Engine               - credits: []
16:53:26.535 [FXGL Background Thread 3 ] DEBUG Engine               - defaultCursor: CursorInfo(imageName=fxgl_default_cursor.png, hotspotX=7.0, hotspotY=6.0)
16:53:26.536 [FXGL Background Thread 3 ] DEBUG Engine               - devBBoxColorProperty: ObjectProperty [value: 0xff0000ff]
16:53:26.536 [FXGL Background Thread 3 ] DEBUG Engine               - devEnableDebugCameraProperty: BooleanProperty [value: false]
16:53:26.536 [FXGL Background Thread 3 ] DEBUG Engine               - devSensorColorProperty: ObjectProperty [value: 0xffff00ff]
16:53:26.536 [FXGL Background Thread 3 ] DEBUG Engine               - devShowBBoxProperty: BooleanProperty [value: false]
16:53:26.536 [FXGL Background Thread 3 ] DEBUG Engine               - devShowPositionProperty: BooleanProperty [value: false]
16:53:26.536 [FXGL Background Thread 3 ] DEBUG Engine               - enabledMenuItems: []
16:53:26.536 [FXGL Background Thread 3 ] DEBUG Engine               - engineServices: [class com.almasb.fxgl.app.services.FXGLAssetLoaderService, class com.almasb.fxgl.app.FXGLApplication$GameApplicationService, class com.almasb.fxgl.app.services.FXGLDialogService, class com.almasb.fxgl.app.services.IOTaskExecutorService, class com.almasb.fxgl.io.FileSystemService, class com.almasb.fxgl.localization.LocalizationService, class com.almasb.fxgl.app.services.SystemBundleService, class com.almasb.fxgl.profile.SaveLoadService, class com.almasb.fxgl.ui.FXGLUIFactoryServiceProvider, class com.almasb.fxgl.ui.FXGLDialogFactoryServiceProvider, class com.almasb.fxgl.audio.AudioPlayer, class com.almasb.fxgl.notification.impl.NotificationServiceProvider, class com.almasb.fxgl.achievement.AchievementService, class com.almasb.fxgl.cutscene.CutsceneService, class com.almasb.fxgl.minigames.MiniGameService, class com.almasb.fxgl.net.NetService, class com.almasb.fxgl.app.services.UpdaterService, class com.almasb.fxgl.dev.DevService]
16:53:26.536 [FXGL Background Thread 3 ] DEBUG Engine               - fontGame: Abel-Regular.ttf
16:53:26.537 [FXGL Background Thread 3 ] DEBUG Engine               - fontMono: lucida_console.ttf
16:53:26.537 [FXGL Background Thread 3 ] DEBUG Engine               - fontText: Courier-Prime.ttf
16:53:26.537 [FXGL Background Thread 3 ] DEBUG Engine               - fontUI: VarelaRound-Regular.ttf
16:53:26.537 [FXGL Background Thread 3 ] DEBUG Engine               - fullScreen: BooleanProperty [value: false]
16:53:26.537 [FXGL Background Thread 3 ] DEBUG Engine               - gameDifficulty: MEDIUM
16:53:26.537 [FXGL Background Thread 3 ] DEBUG Engine               - gameDifficultyProperty: ObjectProperty [value: MEDIUM]
16:53:26.537 [FXGL Background Thread 3 ] DEBUG Engine               - globalMusicVolume: 0.5
16:53:26.538 [FXGL Background Thread 3 ] DEBUG Engine               - globalMusicVolumeProperty: DoubleProperty [value: 0.5]
16:53:26.538 [FXGL Background Thread 3 ] DEBUG Engine               - globalSoundVolume: 0.5
16:53:26.538 [FXGL Background Thread 3 ] DEBUG Engine               - globalSoundVolumeProperty: DoubleProperty [value: 0.5]
16:53:26.538 [FXGL Background Thread 3 ] DEBUG Engine               - height: 1080
16:53:26.538 [FXGL Background Thread 3 ] DEBUG Engine               - is3D: false
16:53:26.538 [FXGL Background Thread 3 ] DEBUG Engine               - isAndroid: false
16:53:26.538 [FXGL Background Thread 3 ] DEBUG Engine               - isBrowser: false
16:53:26.538 [FXGL Background Thread 3 ] DEBUG Engine               - isClickFeedbackEnabled: false
16:53:26.538 [FXGL Background Thread 3 ] DEBUG Engine               - isCloseConfirmation: false
16:53:26.539 [FXGL Background Thread 3 ] DEBUG Engine               - isDesktop: true
16:53:26.539 [FXGL Background Thread 3 ] DEBUG Engine               - isDeveloperMenuEnabled: false
16:53:26.539 [FXGL Background Thread 3 ] DEBUG Engine               - isEntityPreloadEnabled: true
16:53:26.539 [FXGL Background Thread 3 ] DEBUG Engine               - isExperimentalTiledLargeMap: false
16:53:26.539 [FXGL Background Thread 3 ] DEBUG Engine               - isFileSystemWriteAllowed: true
16:53:26.539 [FXGL Background Thread 3 ] DEBUG Engine               - isFullScreenAllowed: false
16:53:26.539 [FXGL Background Thread 3 ] DEBUG Engine               - isFullScreenFromStart: false
16:53:26.539 [FXGL Background Thread 3 ] DEBUG Engine               - isGameMenuEnabled: true
16:53:26.539 [FXGL Background Thread 3 ] DEBUG Engine               - isIOS: false
16:53:26.540 [FXGL Background Thread 3 ] DEBUG Engine               - isIntroEnabled: false
16:53:26.540 [FXGL Background Thread 3 ] DEBUG Engine               - isLinux: false
16:53:26.540 [FXGL Background Thread 3 ] DEBUG Engine               - isMac: false
16:53:26.540 [FXGL Background Thread 3 ] DEBUG Engine               - isMainMenuEnabled: true
16:53:26.540 [FXGL Background Thread 3 ] DEBUG Engine               - isManualResizeEnabled: false
16:53:26.540 [FXGL Background Thread 3 ] DEBUG Engine               - isMobile: false
16:53:26.540 [FXGL Background Thread 3 ] DEBUG Engine               - isNative: false
16:53:26.540 [FXGL Background Thread 3 ] DEBUG Engine               - isPauseMusicWhenMinimized: true
16:53:26.540 [FXGL Background Thread 3 ] DEBUG Engine               - isPreserveResizeRatio: false
16:53:26.541 [FXGL Background Thread 3 ] DEBUG Engine               - isProfilingEnabled: false
16:53:26.541 [FXGL Background Thread 3 ] DEBUG Engine               - isScaleAffectedOnResize: true
16:53:26.541 [FXGL Background Thread 3 ] DEBUG Engine               - isSingleStep: false
16:53:26.541 [FXGL Background Thread 3 ] DEBUG Engine               - isUserProfileEnabled: false
16:53:26.541 [FXGL Background Thread 3 ] DEBUG Engine               - isWindows: true
16:53:26.541 [FXGL Background Thread 3 ] DEBUG Engine               - language: ObjectProperty [value: ENGLISH]
16:53:26.542 [FXGL Background Thread 3 ] DEBUG Engine               - menuKey: ESCAPE
16:53:26.542 [FXGL Background Thread 3 ] DEBUG Engine               - mouseSensitivity: 0.2
16:53:26.542 [FXGL Background Thread 3 ] DEBUG Engine               - notificationViewClass: class com.almasb.fxgl.notification.view.XboxNotificationView
16:53:26.542 [FXGL Background Thread 3 ] DEBUG Engine               - pixelsPerMeter: 50.0
16:53:26.542 [FXGL Background Thread 3 ] DEBUG Engine               - platform: WINDOWS
16:53:26.542 [FXGL Background Thread 3 ] DEBUG Engine               - prefHeightProperty: ReadOnlyDoubleProperty [value: 1080.0]
16:53:26.542 [FXGL Background Thread 3 ] DEBUG Engine               - prefWidthProperty: ReadOnlyDoubleProperty [value: 1980.0]
16:53:26.543 [FXGL Background Thread 3 ] DEBUG Engine               - profileDir: profiles/
16:53:26.543 [FXGL Background Thread 3 ] DEBUG Engine               - profileName: StringProperty [value: DEFAULT]
16:53:26.543 [FXGL Background Thread 3 ] DEBUG Engine               - randomSeed: -1
16:53:26.543 [FXGL Background Thread 3 ] DEBUG Engine               - runtimeInfo: RuntimeInfo(platform=WINDOWS, version=11.17, build=16.07.2021 15.46)
16:53:26.543 [FXGL Background Thread 3 ] DEBUG Engine               - saveFileExt: sav
16:53:26.543 [FXGL Background Thread 3 ] DEBUG Engine               - scaledHeightProp$fxgl: DoubleProperty [bound, value: 1039.0]
16:53:26.543 [FXGL Background Thread 3 ] DEBUG Engine               - scaledWidthProp$fxgl: DoubleProperty [bound, value: 1881.0]
16:53:26.544 [FXGL Background Thread 3 ] DEBUG Engine               - sceneFactory: com.almasb.fxgl.app.scene.SceneFactory@5e59d533
16:53:26.544 [FXGL Background Thread 3 ] DEBUG Engine               - secondsIn24h: 60
16:53:26.544 [FXGL Background Thread 3 ] DEBUG Engine               - soundMenuBack: menu/back.wav
16:53:26.544 [FXGL Background Thread 3 ] DEBUG Engine               - soundMenuPress: menu/press.wav
16:53:26.544 [FXGL Background Thread 3 ] DEBUG Engine               - soundMenuSelect: menu/select.wav
16:53:26.544 [FXGL Background Thread 3 ] DEBUG Engine               - soundNotification: core/notification.wav
16:53:26.544 [FXGL Background Thread 3 ] DEBUG Engine               - stageStyle: DECORATED
16:53:26.544 [FXGL Background Thread 3 ] DEBUG Engine               - supportedLanguages: [ENGLISH, FRENCH, GERMAN, HUNGARIAN, RUSSIAN]
16:53:26.544 [FXGL Background Thread 3 ] DEBUG Engine               - ticksPerSecond: -1
16:53:26.544 [FXGL Background Thread 3 ] DEBUG Engine               - title: Speedy Plane
16:53:26.544 [FXGL Background Thread 3 ] DEBUG Engine               - urlGithub: https://github.com/AlmasB/FXGL
16:53:26.545 [FXGL Background Thread 3 ] DEBUG Engine               - urlLeaderboard: http://fxgl-top.herokuapp.com/
16:53:26.545 [FXGL Background Thread 3 ] DEBUG Engine               - urlPOM: https://raw.githubusercontent.com/AlmasB/FXGL/release/README.md
16:53:26.545 [FXGL Background Thread 3 ] DEBUG Engine               - userAppClass: class com.almasb.fxglgames.flappy.FlappyBirdApp
16:53:26.545 [FXGL Background Thread 3 ] DEBUG Engine               - version: 1.0
16:53:26.545 [FXGL Background Thread 3 ] DEBUG Engine               - versionCheckDays: 7
16:53:26.545 [FXGL Background Thread 3 ] DEBUG Engine               - width: 1980
16:53:26.545 [FXGL Background Thread 3 ] DEBUG Engine               - Logging services
16:53:26.545 [FXGL Background Thread 3 ] DEBUG Engine               - class com.almasb.fxgl.app.services.FXGLAssetLoaderService
16:53:26.545 [FXGL Background Thread 3 ] DEBUG Engine               - class com.almasb.fxgl.app.FXGLApplication$GameApplicationService
16:53:26.545 [FXGL Background Thread 3 ] DEBUG Engine               - class com.almasb.fxgl.app.services.FXGLDialogService
16:53:26.545 [FXGL Background Thread 3 ] DEBUG Engine               - class com.almasb.fxgl.app.services.IOTaskExecutorService
16:53:26.546 [FXGL Background Thread 3 ] DEBUG Engine               - class com.almasb.fxgl.io.FileSystemService
16:53:26.546 [FXGL Background Thread 3 ] DEBUG Engine               - class com.almasb.fxgl.localization.LocalizationService
16:53:26.546 [FXGL Background Thread 3 ] DEBUG Engine               - class com.almasb.fxgl.app.services.SystemBundleService
16:53:26.546 [FXGL Background Thread 3 ] DEBUG Engine               - class com.almasb.fxgl.profile.SaveLoadService
16:53:26.546 [FXGL Background Thread 3 ] DEBUG Engine               - class com.almasb.fxgl.ui.FXGLUIFactoryServiceProvider
16:53:26.546 [FXGL Background Thread 3 ] DEBUG Engine               - class com.almasb.fxgl.ui.FXGLDialogFactoryServiceProvider
16:53:26.546 [FXGL Background Thread 3 ] DEBUG Engine               - class com.almasb.fxgl.audio.AudioPlayer
16:53:26.546 [FXGL Background Thread 3 ] DEBUG Engine               - class com.almasb.fxgl.notification.impl.NotificationServiceProvider
16:53:26.546 [FXGL Background Thread 3 ] DEBUG Engine               - class com.almasb.fxgl.achievement.AchievementService
16:53:26.546 [FXGL Background Thread 3 ] DEBUG Engine               - class com.almasb.fxgl.cutscene.CutsceneService
16:53:26.547 [FXGL Background Thread 3 ] DEBUG Engine               - class com.almasb.fxgl.minigames.MiniGameService
16:53:26.547 [FXGL Background Thread 3 ] DEBUG Engine               - class com.almasb.fxgl.net.NetService
16:53:26.547 [FXGL Background Thread 3 ] DEBUG Engine               - class com.almasb.fxgl.app.services.UpdaterService
16:53:26.547 [FXGL Background Thread 3 ] DEBUG Engine               - class com.almasb.fxgl.dev.DevService
16:53:32.649 [JavaFX Application Thread] DEBUG FXGLAssetLoaderServi - Loading from file system: file:/C:/Users/William/Desktop/Code/Github/CAT201-Project/catprojecttrail1/target/classes/assets/textures/blue_mountain.png
16:53:35.189 [JavaFX Application Thread] DEBUG Input                - Mocking key press: Space
16:53:35.320 [JavaFX Application Thread] DEBUG Input                - Mocking key release: Space
16:53:36.402 [JavaFX Application Thread] DEBUG Input                - Mocking key press: Space
16:53:36.549 [JavaFX Application Thread] DEBUG Input                - Mocking key release: Space
16:53:37.702 [JavaFX Application Thread] DEBUG Input                - Mocking key press: Space
16:53:37.830 [JavaFX Application Thread] DEBUG Input                - Mocking key release: Space
16:53:38.907 [JavaFX Application Thread] DEBUG Input                - Mocking key press: Space
16:53:39.056 [JavaFX Application Thread] DEBUG Input                - Mocking key release: Space
16:53:40.166 [JavaFX Application Thread] DEBUG Input                - Mocking key press: Space
16:53:40.309 [JavaFX Application Thread] DEBUG Input                - Mocking key release: Space
16:53:41.416 [JavaFX Application Thread] DEBUG Input                - Mocking key press: Space
16:53:41.563 [JavaFX Application Thread] DEBUG Input                - Mocking key release: Space
16:53:42.798 [JavaFX Application Thread] DEBUG Input                - Mocking key press: Space
16:53:42.960 [JavaFX Application Thread] DEBUG Input                - Mocking key release: Space
16:53:44.102 [JavaFX Application Thread] DEBUG Input                - Mocking key press: Space
16:53:44.252 [JavaFX Application Thread] DEBUG Input                - Mocking key release: Space
16:53:45.416 [JavaFX Application Thread] DEBUG Input                - Mocking key press: Space
16:53:45.521 [JavaFX Application Thread] DEBUG Input                - Mocking key release: Space
16:53:47.989 [JavaFX Application Thread] DEBUG PrimaryStageWindow   - Push state: DialogSubScene
16:53:47.989 [JavaFX Application Thread] DEBUG Input                - Clearing active input actions
16:53:47.989 [JavaFX Application Thread] DEBUG GameApplicationServi - Removing overlay from GameScene and adding to DialogSubScene
16:53:47.990 [JavaFX Application Thread] DEBUG PrimaryStageWindow   - GameScene -> DialogSubScene
16:53:49.052 [JavaFX Application Thread] DEBUG PrimaryStageWindow   - Pop state: DialogSubScene
16:53:49.052 [JavaFX Application Thread] DEBUG Input                - Clearing active input actions
16:53:49.053 [JavaFX Application Thread] DEBUG GameApplicationServi - Removing overlay from DialogSubScene and adding to GameScene
16:53:49.053 [JavaFX Application Thread] DEBUG PrimaryStageWindow   - GameScene <- DialogSubScene
16:53:49.053 [JavaFX Application Thread] DEBUG GameApplicationServi - Starting new game
16:53:49.053 [JavaFX Application Thread] DEBUG Input                - Clearing active input actions
16:53:49.059 [JavaFX Application Thread] DEBUG GameApplicationServi - Removing overlay from GameScene and adding to FXGLLoadingScene
16:53:49.059 [JavaFX Application Thread] DEBUG PrimaryStageWindow   - GameScene -> FXGLLoadingScene
16:53:49.060 [JavaFX Application Thread] DEBUG GameApplicationServi - Clearing previous game
16:53:49.060 [JavaFX Application Thread] DEBUG GameScene            - Clearing game scene
16:53:49.060 [JavaFX Application Thread] DEBUG GameWorld            - Clearing game world
16:53:49.065 [JavaFX Application Thread] DEBUG PhysicsWorld         - Clearing physics world
16:53:49.066 [FXGL Background Thread 2 ] DEBUG FXGLApplication      - Initializing game
16:53:49.069 [FXGL Background Thread 2 ] INFO  FXGLApplication      - Game initialization took: 0.003 sec
16:53:49.070 [JavaFX Application Thread] DEBUG Input                - Clearing active input actions
16:53:49.076 [JavaFX Application Thread] DEBUG GameApplicationServi - Removing overlay from FXGLLoadingScene and adding to GameScene
16:53:49.076 [JavaFX Application Thread] DEBUG PrimaryStageWindow   - FXGLLoadingScene -> GameScene
16:53:49.964 [JavaFX Application Thread] DEBUG PrimaryStageWindow   - Push state: DialogSubScene
16:53:49.964 [JavaFX Application Thread] DEBUG Input                - Clearing active input actions
16:53:49.965 [JavaFX Application Thread] DEBUG GameApplicationServi - Removing overlay from GameScene and adding to DialogSubScene
16:53:49.965 [JavaFX Application Thread] DEBUG PrimaryStageWindow   - GameScene -> DialogSubScene
16:53:50.627 [JavaFX Application Thread] DEBUG PrimaryStageWindow   - Pop state: DialogSubScene
16:53:50.627 [JavaFX Application Thread] DEBUG Input                - Clearing active input actions
16:53:50.628 [JavaFX Application Thread] DEBUG GameApplicationServi - Removing overlay from DialogSubScene and adding to GameScene
16:53:50.628 [JavaFX Application Thread] DEBUG PrimaryStageWindow   - GameScene <- DialogSubScene
16:53:50.628 [JavaFX Application Thread] DEBUG GameApplicationServi - Starting new game
16:53:50.628 [JavaFX Application Thread] DEBUG Input                - Clearing active input actions
16:53:50.633 [JavaFX Application Thread] DEBUG GameApplicationServi - Removing overlay from GameScene and adding to FXGLLoadingScene
16:53:50.633 [JavaFX Application Thread] DEBUG PrimaryStageWindow   - GameScene -> FXGLLoadingScene
16:53:50.633 [JavaFX Application Thread] DEBUG GameApplicationServi - Clearing previous game
16:53:50.633 [JavaFX Application Thread] DEBUG GameScene            - Clearing game scene
16:53:50.633 [JavaFX Application Thread] DEBUG GameWorld            - Clearing game world
16:53:50.634 [JavaFX Application Thread] DEBUG PhysicsWorld         - Clearing physics world
16:53:50.634 [FXGL Background Thread 2 ] DEBUG FXGLApplication      - Initializing game
16:53:50.636 [FXGL Background Thread 2 ] INFO  FXGLApplication      - Game initialization took: 0.002 sec
16:53:50.637 [JavaFX Application Thread] DEBUG Input                - Clearing active input actions
16:53:50.640 [JavaFX Application Thread] DEBUG GameApplicationServi - Removing overlay from FXGLLoadingScene and adding to GameScene
16:53:50.640 [JavaFX Application Thread] DEBUG PrimaryStageWindow   - FXGLLoadingScene -> GameScene
16:53:51.448 [JavaFX Application Thread] DEBUG PrimaryStageWindow   - Push state: DialogSubScene
16:53:51.448 [JavaFX Application Thread] DEBUG Input                - Clearing active input actions
16:53:51.448 [JavaFX Application Thread] DEBUG GameApplicationServi - Removing overlay from GameScene and adding to DialogSubScene
16:53:51.449 [JavaFX Application Thread] DEBUG PrimaryStageWindow   - GameScene -> DialogSubScene
16:53:52.289 [JavaFX Application Thread] DEBUG PrimaryStageWindow   - Pop state: DialogSubScene
16:53:52.289 [JavaFX Application Thread] DEBUG Input                - Clearing active input actions
16:53:52.290 [JavaFX Application Thread] DEBUG GameApplicationServi - Removing overlay from DialogSubScene and adding to GameScene
16:53:52.290 [JavaFX Application Thread] DEBUG PrimaryStageWindow   - GameScene <- DialogSubScene
16:53:52.290 [JavaFX Application Thread] DEBUG GameApplicationServi - Starting new game
16:53:52.291 [JavaFX Application Thread] DEBUG Input                - Clearing active input actions
16:53:52.294 [JavaFX Application Thread] DEBUG GameApplicationServi - Removing overlay from GameScene and adding to FXGLLoadingScene
16:53:52.294 [JavaFX Application Thread] DEBUG PrimaryStageWindow   - GameScene -> FXGLLoadingScene
16:53:52.294 [JavaFX Application Thread] DEBUG GameApplicationServi - Clearing previous game
16:53:52.294 [JavaFX Application Thread] DEBUG GameScene            - Clearing game scene
16:53:52.294 [JavaFX Application Thread] DEBUG GameWorld            - Clearing game world
16:53:52.295 [JavaFX Application Thread] DEBUG PhysicsWorld         - Clearing physics world
16:53:52.295 [FXGL Background Thread 2 ] DEBUG FXGLApplication      - Initializing game
16:53:52.298 [FXGL Background Thread 2 ] INFO  FXGLApplication      - Game initialization took: 0.002 sec
16:53:52.299 [JavaFX Application Thread] DEBUG Input                - Clearing active input actions
16:53:52.303 [JavaFX Application Thread] DEBUG GameApplicationServi - Removing overlay from FXGLLoadingScene and adding to GameScene
16:53:52.304 [JavaFX Application Thread] DEBUG PrimaryStageWindow   - FXGLLoadingScene -> GameScene
16:53:52.789 [JavaFX Application Thread] DEBUG Input                - Mocking key press: Space
16:53:52.867 [JavaFX Application Thread] DEBUG Input                - Mocking key release: Space
16:53:53.654 [JavaFX Application Thread] DEBUG Input                - Mocking key press: Space
16:53:53.751 [JavaFX Application Thread] DEBUG Input                - Mocking key release: Space
16:53:54.581 [JavaFX Application Thread] DEBUG Input                - Mocking key press: Space
16:53:54.710 [JavaFX Application Thread] DEBUG Input                - Mocking key release: Space
16:53:55.638 [JavaFX Application Thread] DEBUG Input                - Mocking key press: Space
16:53:55.751 [JavaFX Application Thread] DEBUG Input                - Mocking key release: Space
16:53:56.753 [JavaFX Application Thread] DEBUG Input                - Mocking key press: Space
16:53:56.871 [JavaFX Application Thread] DEBUG Input                - Mocking key release: Space
16:53:58.072 [JavaFX Application Thread] DEBUG Input                - Mocking key press: Space
16:53:58.225 [JavaFX Application Thread] DEBUG Input                - Mocking key release: Space
16:53:59.450 [JavaFX Application Thread] DEBUG Input                - Mocking key press: Space
16:53:59.608 [JavaFX Application Thread] DEBUG Input                - Mocking key release: Space
16:54:00.704 [JavaFX Application Thread] DEBUG Input                - Mocking key press: Space
16:54:00.874 [JavaFX Application Thread] DEBUG Input                - Mocking key release: Space
16:54:02.083 [JavaFX Application Thread] DEBUG Input                - Mocking key press: Space
16:54:02.221 [JavaFX Application Thread] DEBUG Input                - Mocking key release: Space
16:54:03.400 [JavaFX Application Thread] DEBUG Input                - Mocking key press: Space
16:54:03.538 [JavaFX Application Thread] DEBUG Input                - Mocking key release: Space
16:54:04.626 [JavaFX Application Thread] DEBUG Input                - Mocking key press: Space
16:54:04.777 [JavaFX Application Thread] DEBUG Input                - Mocking key release: Space
16:54:05.721 [JavaFX Application Thread] DEBUG Input                - Mocking key press: Space
16:54:05.850 [JavaFX Application Thread] DEBUG Input                - Mocking key release: Space
16:54:07.218 [JavaFX Application Thread] DEBUG Input                - Mocking key press: Space
16:54:07.351 [JavaFX Application Thread] DEBUG Input                - Mocking key release: Space
16:54:08.591 [JavaFX Application Thread] DEBUG Input                - Mocking key press: Space
16:54:08.729 [JavaFX Application Thread] DEBUG Input                - Mocking key release: Space
16:54:09.720 [JavaFX Application Thread] DEBUG PrimaryStageWindow   - Push state: DialogSubScene
16:54:09.721 [JavaFX Application Thread] DEBUG Input                - Clearing active input actions
16:54:09.721 [JavaFX Application Thread] DEBUG GameApplicationServi - Removing overlay from GameScene and adding to DialogSubScene
16:54:09.722 [JavaFX Application Thread] DEBUG PrimaryStageWindow   - GameScene -> DialogSubScene
16:54:10.666 [JavaFX Application Thread] DEBUG PrimaryStageWindow   - Pop state: DialogSubScene
16:54:10.666 [JavaFX Application Thread] DEBUG Input                - Clearing active input actions
16:54:10.667 [JavaFX Application Thread] DEBUG GameApplicationServi - Removing overlay from DialogSubScene and adding to GameScene
16:54:10.667 [JavaFX Application Thread] DEBUG PrimaryStageWindow   - GameScene <- DialogSubScene
16:54:10.667 [JavaFX Application Thread] DEBUG GameApplicationServi - Starting new game
16:54:10.667 [JavaFX Application Thread] DEBUG Input                - Clearing active input actions
16:54:10.670 [JavaFX Application Thread] DEBUG GameApplicationServi - Removing overlay from GameScene and adding to FXGLLoadingScene
16:54:10.671 [JavaFX Application Thread] DEBUG PrimaryStageWindow   - GameScene -> FXGLLoadingScene
16:54:10.671 [JavaFX Application Thread] DEBUG GameApplicationServi - Clearing previous game
16:54:10.671 [JavaFX Application Thread] DEBUG GameScene            - Clearing game scene
16:54:10.671 [JavaFX Application Thread] DEBUG GameWorld            - Clearing game world
16:54:10.672 [JavaFX Application Thread] DEBUG PhysicsWorld         - Clearing physics world
16:54:10.672 [FXGL Background Thread 2 ] DEBUG FXGLApplication      - Initializing game
16:54:10.674 [FXGL Background Thread 2 ] INFO  FXGLApplication      - Game initialization took: 0.002 sec
16:54:10.676 [JavaFX Application Thread] DEBUG Input                - Clearing active input actions
16:54:10.679 [JavaFX Application Thread] DEBUG GameApplicationServi - Removing overlay from FXGLLoadingScene and adding to GameScene
16:54:10.679 [JavaFX Application Thread] DEBUG PrimaryStageWindow   - FXGLLoadingScene -> GameScene
16:54:11.551 [JavaFX Application Thread] DEBUG PrimaryStageWindow   - Push state: DialogSubScene
16:54:11.551 [JavaFX Application Thread] DEBUG Input                - Clearing active input actions
16:54:11.552 [JavaFX Application Thread] DEBUG GameApplicationServi - Removing overlay from GameScene and adding to DialogSubScene
16:54:11.552 [JavaFX Application Thread] DEBUG PrimaryStageWindow   - GameScene -> DialogSubScene
16:54:12.258 [JavaFX Application Thread] DEBUG PrimaryStageWindow   - Pop state: DialogSubScene
16:54:12.258 [JavaFX Application Thread] DEBUG Input                - Clearing active input actions
16:54:12.259 [JavaFX Application Thread] DEBUG GameApplicationServi - Removing overlay from DialogSubScene and adding to GameScene
16:54:12.259 [JavaFX Application Thread] DEBUG PrimaryStageWindow   - GameScene <- DialogSubScene
16:54:12.259 [JavaFX Application Thread] DEBUG GameApplicationServi - Starting new game
16:54:12.259 [JavaFX Application Thread] DEBUG Input                - Clearing active input actions
16:54:12.262 [JavaFX Application Thread] DEBUG GameApplicationServi - Removing overlay from GameScene and adding to FXGLLoadingScene
16:54:12.263 [JavaFX Application Thread] DEBUG PrimaryStageWindow   - GameScene -> FXGLLoadingScene
16:54:12.263 [JavaFX Application Thread] DEBUG GameApplicationServi - Clearing previous game
16:54:12.263 [JavaFX Application Thread] DEBUG GameScene            - Clearing game scene
16:54:12.263 [JavaFX Application Thread] DEBUG GameWorld            - Clearing game world
16:54:12.263 [JavaFX Application Thread] DEBUG PhysicsWorld         - Clearing physics world
16:54:12.264 [FXGL Background Thread 2 ] DEBUG FXGLApplication      - Initializing game
16:54:12.266 [FXGL Background Thread 2 ] INFO  FXGLApplication      - Game initialization took: 0.002 sec
16:54:12.267 [JavaFX Application Thread] DEBUG Input                - Clearing active input actions
16:54:12.271 [JavaFX Application Thread] DEBUG GameApplicationServi - Removing overlay from FXGLLoadingScene and adding to GameScene
16:54:12.271 [JavaFX Application Thread] DEBUG PrimaryStageWindow   - FXGLLoadingScene -> GameScene
16:54:12.670 [JavaFX Application Thread] DEBUG Input                - Mocking key press: Space
16:54:12.783 [JavaFX Application Thread] DEBUG Input                - Mocking key release: Space
16:54:13.716 [JavaFX Application Thread] DEBUG Input                - Mocking key press: Space
16:54:13.819 [JavaFX Application Thread] DEBUG Input                - Mocking key release: Space
16:54:14.793 [JavaFX Application Thread] DEBUG Input                - Mocking key press: Space
16:54:14.908 [JavaFX Application Thread] DEBUG Input                - Mocking key release: Space
16:54:15.873 [JavaFX Application Thread] DEBUG Input                - Mocking key press: Space
16:54:15.978 [JavaFX Application Thread] DEBUG Input                - Mocking key release: Space
16:54:16.745 [JavaFX Application Thread] DEBUG Input                - Mocking key press: Space
16:54:16.825 [JavaFX Application Thread] DEBUG Input                - Mocking key release: Space
16:54:18.128 [JavaFX Application Thread] DEBUG Input                - Mocking key press: Space
16:54:18.245 [JavaFX Application Thread] DEBUG Input                - Mocking key release: Space
16:54:19.352 [JavaFX Application Thread] DEBUG Input                - Mocking key press: Space
16:54:19.480 [JavaFX Application Thread] DEBUG Input                - Mocking key release: Space
16:54:20.576 [JavaFX Application Thread] DEBUG Input                - Mocking key press: Space
16:54:20.716 [JavaFX Application Thread] DEBUG Input                - Mocking key release: Space
16:54:21.720 [JavaFX Application Thread] DEBUG Input                - Mocking key press: Space
16:54:21.812 [JavaFX Application Thread] DEBUG Input                - Mocking key release: Space
16:54:22.833 [JavaFX Application Thread] DEBUG Input                - Mocking key press: Space
16:54:22.953 [JavaFX Application Thread] DEBUG Input                - Mocking key release: Space
16:54:23.922 [JavaFX Application Thread] DEBUG Input                - Mocking key press: Space
16:54:24.081 [JavaFX Application Thread] DEBUG Input                - Mocking key release: Space
16:54:25.288 [JavaFX Application Thread] DEBUG Input                - Mocking key press: Space
16:54:25.400 [JavaFX Application Thread] DEBUG Input                - Mocking key release: Space
16:54:26.347 [JavaFX Application Thread] DEBUG FXGLApplication      - Exiting FXGL
16:54:26.347 [JavaFX Application Thread] DEBUG LoopRunner           - Stopping loop
16:54:26.347 [JavaFX Application Thread] DEBUG SystemBundleService  - Saving FXGL system data
16:54:26.361 [JavaFX Application Thread] DEBUG FileSystemAccess     - Writing to: C:\Users\William\Desktop\Code\Github\CAT201-Project\system\fxgl.bundle
16:54:26.372 [JavaFX Application Thread] DEBUG Async                - Shutting down background threads
16:54:26.373 [JavaFX Application Thread] DEBUG PrimaryStageWindow   - Closing main window
16:54:26.388 [JavaFX Application Thread] DEBUG Logger               - Closing Logger
