17:50:07.519 [main                     ] DEBUG Logger               - Configured Logger
17:50:07.523 [main                     ] DEBUG GameApplication      - Logging settings
Title: Flappy Bird Clone
Version: 1.0
Width: 1980
Height: 1080
Fullscreen: false
Intro: false
Profiling: false
Single step:false
App Mode: DEVELOPER
Menu Key: ESCAPE
Stage Style: DECORATED
Scene Factory: class com.almasb.fxgl.app.scene.SceneFactory

17:50:08.250 [JavaFX Application Thread] DEBUG FXGLApplication      - Initializing FXGL
17:50:08.252 [JavaFX Application Thread] INFO  Engine               - FXGL-11.17 (16.07.2021 15.46) on WINDOWS (J:17.0.1 FX:16)
17:50:08.253 [JavaFX Application Thread] DEBUG Engine               - JRE Vendor Name: Oracle Corporation
17:50:08.253 [JavaFX Application Thread] DEBUG Engine               - Running on OS: Windows 10 version 10.0
17:50:08.253 [JavaFX Application Thread] DEBUG Engine               - Architecture: amd64
17:50:08.253 [JavaFX Application Thread] INFO  Engine               - Source code and latest versions at: https://github.com/AlmasB/FXGL
17:50:08.253 [JavaFX Application Thread] INFO  Engine               -              Join the FXGL chat at: https://gitter.im/AlmasB/FXGL
17:50:08.402 [JavaFX Application Thread] DEBUG PrimaryStageWindow   - Creating a JavaFX scene
17:50:08.402 [JavaFX Application Thread] DEBUG PrimaryStageWindow   - Target size > screen size
17:50:08.460 [JavaFX Application Thread] DEBUG PrimaryStageWindow   - Target settings size: 1980.0 x 1080.0
17:50:08.460 [JavaFX Application Thread] DEBUG PrimaryStageWindow   - Scaled scene size:    1881.0 x 1039.0
17:50:08.460 [JavaFX Application Thread] DEBUG PrimaryStageWindow   - Scaled ratio: (0.95, 0.962037037037037)
17:50:08.461 [JavaFX Application Thread] DEBUG PrimaryStageWindow   - Set initial scene to FXGLStartupScene
17:50:08.471 [JavaFX Application Thread] DEBUG PrimaryStageWindow   - Opening main window
17:50:08.580 [JavaFX Application Thread] DEBUG PrimaryStageWindow   - Window border size: (16.0, 39.0)
17:50:08.581 [JavaFX Application Thread] DEBUG PrimaryStageWindow   - Scaled size: 1881.0 x 1039.0
17:50:08.581 [JavaFX Application Thread] DEBUG PrimaryStageWindow   - Scaled ratio: (0.95, 0.962037037037037)
17:50:08.581 [JavaFX Application Thread] DEBUG PrimaryStageWindow   - Scene size: 1881.0 x 1039.0
17:50:08.581 [JavaFX Application Thread] DEBUG PrimaryStageWindow   - Stage size: 1897.0 x 1078.0
17:50:08.589 [FXGL Background Thread 1 ] DEBUG Engine               - Initializing environment variables
17:50:08.649 [FXGL Background Thread 1 ] DEBUG FXGLAssetLoaderServi - User app class for loading assets: class com.almasb.fxglgames.flappy.FlappyBirdApp
17:50:08.650 [FXGL Background Thread 1 ] DEBUG GameApplicationServi - Applying CSS: fxgl_dark.css
17:50:08.650 [FXGL Background Thread 1 ] DEBUG FXGLAssetLoaderServi - Loading from file system: jar:file:/C:/Users/William/.m2/repository/com/github/almasb/fxgl/11.17/fxgl-11.17.jar!/fxglassets/ui/css/fxgl_dark.css
17:50:08.702 [FXGL Background Thread 1 ] DEBUG GameApplicationServi - Initializing application scenes
17:50:08.753 [FXGL Background Thread 1 ] DEBUG GameWorld            - Game world initialized
17:50:08.825 [FXGL Background Thread 1 ] DEBUG PhysicsWorld         - Physics world initialized: appHeight=1080, physics.ppm=50.0
17:50:08.825 [FXGL Background Thread 1 ] DEBUG PhysicsWorld         - Using strategy: BRUTE_FORCE
17:50:08.828 [FXGL Background Thread 1 ] DEBUG GameScene            - Game scene initialized: 1980x1080
17:50:08.844 [FXGL Background Thread 1 ] DEBUG FXGL.DefaultMenu     - createMenuBodyMainMenu()
17:50:08.864 [FXGL Background Thread 1 ] DEBUG FXGL.DefaultMenu     - createOptionsMenu()
17:50:08.877 [FXGL Background Thread 1 ] DEBUG FXGLAssetLoaderServi - Loading from file system: jar:file:/C:/Users/William/.m2/repository/com/github/almasb/fxgl/11.17/fxgl-11.17.jar!/fxglassets/textures/particles/smoke.png
17:50:08.996 [FXGL Background Thread 1 ] DEBUG FXGLAssetLoaderServi - Loading from file system: jar:file:/C:/Users/William/.m2/repository/com/github/almasb/fxgl/11.17/fxgl-11.17.jar!/fxglassets/textures/particles/trace_horizontal.png
17:50:09.027 [FXGL Background Thread 1 ] DEBUG FXGL.DefaultMenu     - createMenuBodyGameMenu()
17:50:09.029 [FXGL Background Thread 1 ] DEBUG FXGL.DefaultMenu     - createOptionsMenu()
17:50:09.045 [FXGL Background Thread 1 ] DEBUG GameApplicationServi - Application scenes initialized
17:50:09.059 [FXGL Background Thread 1 ] DEBUG SystemBundleService  - Loading FXGL system data
17:50:09.064 [FXGL Background Thread 1 ] DEBUG FileSystemAccess     - Reading from: C:\Users\William\Desktop\Code\Github\CAT201-Project\system\fxgl.bundle
17:50:09.071 [FXGL Background Thread 1 ] DEBUG SystemBundleService  - Bundle FXGL: {}
17:50:09.071 [FXGL Background Thread 1 ] DEBUG UpdaterService       - Checking for updates
17:50:09.076 [FXGL Background Thread 4 ] DEBUG FXGLApplication      - Loading fonts
17:50:09.076 [FXGL Background Thread 1 ] DEBUG FXGLApplication      - Loading default localization
17:50:09.076 [FXGL Background Thread 4 ] DEBUG FXGLAssetLoaderServi - Loading from file system: jar:file:/C:/Users/William/.m2/repository/com/github/almasb/fxgl/11.17/fxgl-11.17.jar!/fxglassets/ui/fonts/VarelaRound-Regular.ttf
17:50:09.077 [FXGL Background Thread 1 ] DEBUG FXGLAssetLoaderServi - Loading from file system: jar:file:/C:/Users/William/.m2/repository/com/github/almasb/fxgl/11.17/fxgl-11.17.jar!/fxglassets/languages/english.lang
17:50:09.100 [FXGL Background Thread 1 ] INFO  FXGLApplication      - FXGL initialization took: 0.510 sec
17:50:09.112 [JavaFX Application Thread] DEBUG Input                - Registered new binding: Jump - Space
17:50:09.113 [JavaFX Application Thread] DEBUG FXGLAssetLoaderServi - Loading from file system: file:/C:/Users/William/Desktop/Code/Github/CAT201-Project/catprojecttrail1/target/classes/assets/music/bgm.mp3
17:50:09.144 [FXGL Background Thread 4 ] DEBUG FXGLAssetLoaderServi - Loading from file system: jar:file:/C:/Users/William/.m2/repository/com/github/almasb/fxgl/11.17/fxgl-11.17.jar!/fxglassets/ui/fonts/Abel-Regular.ttf
17:50:09.147 [FXGL Background Thread 4 ] DEBUG FXGLAssetLoaderServi - Loading from file system: jar:file:/C:/Users/William/.m2/repository/com/github/almasb/fxgl/11.17/fxgl-11.17.jar!/fxglassets/ui/fonts/lucida_console.ttf
17:50:09.153 [FXGL Background Thread 4 ] DEBUG FXGLAssetLoaderServi - Loading from file system: jar:file:/C:/Users/William/.m2/repository/com/github/almasb/fxgl/11.17/fxgl-11.17.jar!/fxglassets/ui/fonts/Courier-Prime.ttf
17:50:09.327 [JavaFX Application Thread] DEBUG AudioPlayer          - Playing music com.almasb.fxgl.audio.Music@7af99caf
17:50:09.328 [JavaFX Application Thread] DEBUG FXGLAssetLoaderServi - Loading from file system: jar:file:/C:/Users/William/.m2/repository/com/github/almasb/fxgl/11.17/fxgl-11.17.jar!/fxglassets/textures/fxgl_icon.png
17:50:09.361 [JavaFX Application Thread] DEBUG FXGLAssetLoaderServi - Loading from file system: jar:file:/C:/Users/William/.m2/repository/com/github/almasb/fxgl/11.17/fxgl-11.17.jar!/fxglassets/textures/fxgl_default_cursor.png
17:50:09.365 [JavaFX Application Thread] DEBUG Input                - Registered new binding: Screenshot - CTRL+8
17:50:09.365 [JavaFX Application Thread] DEBUG Input                - Registered new binding: System info dump - CTRL+9
17:50:09.365 [JavaFX Application Thread] DEBUG Input                - Registered new binding: Restart - CTRL+R
17:50:09.367 [JavaFX Application Thread] DEBUG Input                - Registered new binding: Toggle Debug Camera - CTRL+C
17:50:09.369 [JavaFX Application Thread] DEBUG LoopRunner           - Starting loop
17:50:09.370 [JavaFX Application Thread] DEBUG LoopRunner           - Initializing JavaFX AnimationTimerLoop
17:50:09.373 [JavaFX Application Thread] DEBUG Input                - Clearing active input actions
17:50:09.380 [JavaFX Application Thread] DEBUG GameApplicationServi - Removing overlay from FXGLStartupScene and adding to FXGLMainMenuDummyScene
17:50:09.381 [JavaFX Application Thread] DEBUG PrimaryStageWindow   - FXGLStartupScene -> FXGLMainMenuDummyScene
17:50:09.381 [JavaFX Application Thread] DEBUG PrimaryStageWindow   - Push state: FXGLDefaultMenu
17:50:09.388 [JavaFX Application Thread] DEBUG Input                - Clearing active input actions
17:50:09.400 [JavaFX Application Thread] DEBUG GameApplicationServi - Removing overlay from FXGLMainMenuDummyScene and adding to FXGLDefaultMenu
17:50:09.401 [JavaFX Application Thread] DEBUG PrimaryStageWindow   - FXGLMainMenuDummyScene -> FXGLDefaultMenu
17:50:09.401 [JavaFX Application Thread] DEBUG FXGLApplication      - Registering font factories with UI factory
17:50:09.516 [FXGL Background Thread 2 ] INFO  UpdaterService       - Your current version:  11.17
17:50:09.517 [FXGL Background Thread 2 ] INFO  UpdaterService       - Latest stable version: 17
17:50:10.703 [JavaFX Application Thread] DEBUG Menu                 - fireNewGame()
17:50:10.703 [JavaFX Application Thread] DEBUG GameApplicationServi - Starting new game
17:50:10.706 [JavaFX Application Thread] DEBUG PrimaryStageWindow   - Pop state: FXGLDefaultMenu
17:50:10.706 [JavaFX Application Thread] DEBUG Input                - Clearing active input actions
17:50:10.707 [JavaFX Application Thread] DEBUG GameApplicationServi - Removing overlay from FXGLDefaultMenu and adding to FXGLMainMenuDummyScene
17:50:10.708 [JavaFX Application Thread] DEBUG PrimaryStageWindow   - FXGLMainMenuDummyScene <- FXGLDefaultMenu
17:50:10.708 [JavaFX Application Thread] DEBUG Input                - Clearing active input actions
17:50:10.718 [JavaFX Application Thread] DEBUG GameApplicationServi - Removing overlay from FXGLMainMenuDummyScene and adding to FXGLLoadingScene
17:50:10.718 [JavaFX Application Thread] DEBUG PrimaryStageWindow   - FXGLMainMenuDummyScene -> FXGLLoadingScene
17:50:10.719 [JavaFX Application Thread] DEBUG GameApplicationServi - Clearing previous game
17:50:10.719 [JavaFX Application Thread] DEBUG GameScene            - Clearing game scene
17:50:10.719 [JavaFX Application Thread] DEBUG GameWorld            - Clearing game world
17:50:10.719 [JavaFX Application Thread] DEBUG PhysicsWorld         - Clearing physics world
17:50:10.721 [FXGL Background Thread 2 ] DEBUG FXGLApplication      - Initializing game
17:50:10.737 [FXGL Background Thread 2 ] DEBUG FXGLAssetLoaderServi - Loading from file system: file:/C:/Users/William/Desktop/Code/Github/CAT201-Project/catprojecttrail1/target/classes/assets/textures/plane.png
17:50:10.776 [FXGL Background Thread 2 ] INFO  FXGLApplication      - Game initialization took: 0.054 sec
17:50:10.781 [JavaFX Application Thread] DEBUG Input                - Clearing active input actions
17:50:10.788 [JavaFX Application Thread] DEBUG GameApplicationServi - Removing overlay from FXGLLoadingScene and adding to GameScene
17:50:10.788 [JavaFX Application Thread] DEBUG PrimaryStageWindow   - FXGLLoadingScene -> GameScene
17:50:10.792 [JavaFX Application Thread] DEBUG FXGLAssetLoaderServi - Loading from file system: file:/C:/Users/William/Desktop/Code/Github/CAT201-Project/catprojecttrail1/target/classes/assets/textures/cloud.png
17:50:10.801 [JavaFX Application Thread] DEBUG FXGLAssetLoaderServi - Loading from file system: file:/C:/Users/William/Desktop/Code/Github/CAT201-Project/catprojecttrail1/target/classes/assets/textures/blue_mountain.png
17:50:12.075 [FXGL Background Thread 3 ] DEBUG Engine               - Logging environment variables
17:50:12.075 [FXGL Background Thread 3 ] DEBUG Engine               - achievements: []
17:50:12.075 [FXGL Background Thread 3 ] DEBUG Engine               - actualHeight: 1039.0
17:50:12.076 [FXGL Background Thread 3 ] DEBUG Engine               - actualHeightProperty: ReadOnlyDoubleProperty [value: 1039.0]
17:50:12.076 [FXGL Background Thread 3 ] DEBUG Engine               - actualWidth: 1881.0
17:50:12.076 [FXGL Background Thread 3 ] DEBUG Engine               - actualWidthProperty: ReadOnlyDoubleProperty [value: 1881.0]
17:50:12.076 [FXGL Background Thread 3 ] DEBUG Engine               - appIcon: fxgl_icon.png
17:50:12.076 [FXGL Background Thread 3 ] DEBUG Engine               - applicationMode: DEVELOPER
17:50:12.076 [FXGL Background Thread 3 ] DEBUG Engine               - cSSList: [fxgl_dark.css]
17:50:12.076 [FXGL Background Thread 3 ] DEBUG Engine               - collisionDetectionStrategy: BRUTE_FORCE
17:50:12.076 [FXGL Background Thread 3 ] DEBUG Engine               - configClass: Optional.empty
17:50:12.076 [FXGL Background Thread 3 ] DEBUG Engine               - credits: []
17:50:12.077 [FXGL Background Thread 3 ] DEBUG Engine               - defaultCursor: CursorInfo(imageName=fxgl_default_cursor.png, hotspotX=7.0, hotspotY=6.0)
17:50:12.077 [FXGL Background Thread 3 ] DEBUG Engine               - devBBoxColorProperty: ObjectProperty [value: 0xff0000ff]
17:50:12.077 [FXGL Background Thread 3 ] DEBUG Engine               - devEnableDebugCameraProperty: BooleanProperty [value: false]
17:50:12.077 [FXGL Background Thread 3 ] DEBUG Engine               - devSensorColorProperty: ObjectProperty [value: 0xffff00ff]
17:50:12.077 [FXGL Background Thread 3 ] DEBUG Engine               - devShowBBoxProperty: BooleanProperty [value: false]
17:50:12.078 [FXGL Background Thread 3 ] DEBUG Engine               - devShowPositionProperty: BooleanProperty [value: false]
17:50:12.078 [FXGL Background Thread 3 ] DEBUG Engine               - enabledMenuItems: []
17:50:12.078 [FXGL Background Thread 3 ] DEBUG Engine               - engineServices: [class com.almasb.fxgl.app.services.FXGLAssetLoaderService, class com.almasb.fxgl.app.FXGLApplication$GameApplicationService, class com.almasb.fxgl.app.services.FXGLDialogService, class com.almasb.fxgl.app.services.IOTaskExecutorService, class com.almasb.fxgl.io.FileSystemService, class com.almasb.fxgl.localization.LocalizationService, class com.almasb.fxgl.app.services.SystemBundleService, class com.almasb.fxgl.profile.SaveLoadService, class com.almasb.fxgl.ui.FXGLUIFactoryServiceProvider, class com.almasb.fxgl.ui.FXGLDialogFactoryServiceProvider, class com.almasb.fxgl.audio.AudioPlayer, class com.almasb.fxgl.notification.impl.NotificationServiceProvider, class com.almasb.fxgl.achievement.AchievementService, class com.almasb.fxgl.cutscene.CutsceneService, class com.almasb.fxgl.minigames.MiniGameService, class com.almasb.fxgl.net.NetService, class com.almasb.fxgl.app.services.UpdaterService, class com.almasb.fxgl.dev.DevService]
17:50:12.078 [FXGL Background Thread 3 ] DEBUG Engine               - fontGame: Abel-Regular.ttf
17:50:12.078 [FXGL Background Thread 3 ] DEBUG Engine               - fontMono: lucida_console.ttf
17:50:12.078 [FXGL Background Thread 3 ] DEBUG Engine               - fontText: Courier-Prime.ttf
17:50:12.078 [FXGL Background Thread 3 ] DEBUG Engine               - fontUI: VarelaRound-Regular.ttf
17:50:12.078 [FXGL Background Thread 3 ] DEBUG Engine               - fullScreen: BooleanProperty [value: false]
17:50:12.079 [FXGL Background Thread 3 ] DEBUG Engine               - gameDifficulty: MEDIUM
17:50:12.079 [FXGL Background Thread 3 ] DEBUG Engine               - gameDifficultyProperty: ObjectProperty [value: MEDIUM]
17:50:12.079 [FXGL Background Thread 3 ] DEBUG Engine               - globalMusicVolume: 0.5
17:50:12.079 [FXGL Background Thread 3 ] DEBUG Engine               - globalMusicVolumeProperty: DoubleProperty [value: 0.5]
17:50:12.079 [FXGL Background Thread 3 ] DEBUG Engine               - globalSoundVolume: 0.5
17:50:12.079 [FXGL Background Thread 3 ] DEBUG Engine               - globalSoundVolumeProperty: DoubleProperty [value: 0.5]
17:50:12.079 [FXGL Background Thread 3 ] DEBUG Engine               - height: 1080
17:50:12.079 [FXGL Background Thread 3 ] DEBUG Engine               - is3D: false
17:50:12.080 [FXGL Background Thread 3 ] DEBUG Engine               - isAndroid: false
17:50:12.080 [FXGL Background Thread 3 ] DEBUG Engine               - isBrowser: false
17:50:12.080 [FXGL Background Thread 3 ] DEBUG Engine               - isClickFeedbackEnabled: false
17:50:12.080 [FXGL Background Thread 3 ] DEBUG Engine               - isCloseConfirmation: false
17:50:12.080 [FXGL Background Thread 3 ] DEBUG Engine               - isDesktop: true
17:50:12.080 [FXGL Background Thread 3 ] DEBUG Engine               - isDeveloperMenuEnabled: false
17:50:12.080 [FXGL Background Thread 3 ] DEBUG Engine               - isEntityPreloadEnabled: true
17:50:12.080 [FXGL Background Thread 3 ] DEBUG Engine               - isExperimentalTiledLargeMap: false
17:50:12.080 [FXGL Background Thread 3 ] DEBUG Engine               - isFileSystemWriteAllowed: true
17:50:12.080 [FXGL Background Thread 3 ] DEBUG Engine               - isFullScreenAllowed: false
17:50:12.081 [FXGL Background Thread 3 ] DEBUG Engine               - isFullScreenFromStart: false
17:50:12.081 [FXGL Background Thread 3 ] DEBUG Engine               - isGameMenuEnabled: true
17:50:12.081 [FXGL Background Thread 3 ] DEBUG Engine               - isIOS: false
17:50:12.081 [FXGL Background Thread 3 ] DEBUG Engine               - isIntroEnabled: false
17:50:12.081 [FXGL Background Thread 3 ] DEBUG Engine               - isLinux: false
17:50:12.081 [FXGL Background Thread 3 ] DEBUG Engine               - isMac: false
17:50:12.081 [FXGL Background Thread 3 ] DEBUG Engine               - isMainMenuEnabled: true
17:50:12.081 [FXGL Background Thread 3 ] DEBUG Engine               - isManualResizeEnabled: false
17:50:12.082 [FXGL Background Thread 3 ] DEBUG Engine               - isMobile: false
17:50:12.082 [FXGL Background Thread 3 ] DEBUG Engine               - isNative: false
17:50:12.082 [FXGL Background Thread 3 ] DEBUG Engine               - isPauseMusicWhenMinimized: true
17:50:12.082 [FXGL Background Thread 3 ] DEBUG Engine               - isPreserveResizeRatio: false
17:50:12.082 [FXGL Background Thread 3 ] DEBUG Engine               - isProfilingEnabled: false
17:50:12.082 [FXGL Background Thread 3 ] DEBUG Engine               - isScaleAffectedOnResize: true
17:50:12.082 [FXGL Background Thread 3 ] DEBUG Engine               - isSingleStep: false
17:50:12.082 [FXGL Background Thread 3 ] DEBUG Engine               - isUserProfileEnabled: false
17:50:12.082 [FXGL Background Thread 3 ] DEBUG Engine               - isWindows: true
17:50:12.082 [FXGL Background Thread 3 ] DEBUG Engine               - language: ObjectProperty [value: ENGLISH]
17:50:12.083 [FXGL Background Thread 3 ] DEBUG Engine               - menuKey: ESCAPE
17:50:12.083 [FXGL Background Thread 3 ] DEBUG Engine               - mouseSensitivity: 0.2
17:50:12.083 [FXGL Background Thread 3 ] DEBUG Engine               - notificationViewClass: class com.almasb.fxgl.notification.view.XboxNotificationView
17:50:12.083 [FXGL Background Thread 3 ] DEBUG Engine               - pixelsPerMeter: 50.0
17:50:12.083 [FXGL Background Thread 3 ] DEBUG Engine               - platform: WINDOWS
17:50:12.083 [FXGL Background Thread 3 ] DEBUG Engine               - prefHeightProperty: ReadOnlyDoubleProperty [value: 1080.0]
17:50:12.083 [FXGL Background Thread 3 ] DEBUG Engine               - prefWidthProperty: ReadOnlyDoubleProperty [value: 1980.0]
17:50:12.083 [FXGL Background Thread 3 ] DEBUG Engine               - profileDir: profiles/
17:50:12.083 [FXGL Background Thread 3 ] DEBUG Engine               - profileName: StringProperty [value: DEFAULT]
17:50:12.084 [FXGL Background Thread 3 ] DEBUG Engine               - randomSeed: -1
17:50:12.084 [FXGL Background Thread 3 ] DEBUG Engine               - runtimeInfo: RuntimeInfo(platform=WINDOWS, version=11.17, build=16.07.2021 15.46)
17:50:12.084 [FXGL Background Thread 3 ] DEBUG Engine               - saveFileExt: sav
17:50:12.084 [FXGL Background Thread 3 ] DEBUG Engine               - scaledHeightProp$fxgl: DoubleProperty [bound, value: 1039.0]
17:50:12.084 [FXGL Background Thread 3 ] DEBUG Engine               - scaledWidthProp$fxgl: DoubleProperty [bound, value: 1881.0]
17:50:12.084 [FXGL Background Thread 3 ] DEBUG Engine               - sceneFactory: com.almasb.fxgl.app.scene.SceneFactory@62a36265
17:50:12.084 [FXGL Background Thread 3 ] DEBUG Engine               - secondsIn24h: 60
17:50:12.085 [FXGL Background Thread 3 ] DEBUG Engine               - soundMenuBack: menu/back.wav
17:50:12.085 [FXGL Background Thread 3 ] DEBUG Engine               - soundMenuPress: menu/press.wav
17:50:12.085 [FXGL Background Thread 3 ] DEBUG Engine               - soundMenuSelect: menu/select.wav
17:50:12.085 [FXGL Background Thread 3 ] DEBUG Engine               - soundNotification: core/notification.wav
17:50:12.085 [FXGL Background Thread 3 ] DEBUG Engine               - stageStyle: DECORATED
17:50:12.085 [FXGL Background Thread 3 ] DEBUG Engine               - supportedLanguages: [ENGLISH, FRENCH, GERMAN, HUNGARIAN, RUSSIAN]
17:50:12.085 [FXGL Background Thread 3 ] DEBUG Engine               - ticksPerSecond: -1
17:50:12.085 [FXGL Background Thread 3 ] DEBUG Engine               - title: Flappy Bird Clone
17:50:12.085 [FXGL Background Thread 3 ] DEBUG Engine               - urlGithub: https://github.com/AlmasB/FXGL
17:50:12.085 [FXGL Background Thread 3 ] DEBUG Engine               - urlLeaderboard: http://fxgl-top.herokuapp.com/
17:50:12.085 [FXGL Background Thread 3 ] DEBUG Engine               - urlPOM: https://raw.githubusercontent.com/AlmasB/FXGL/release/README.md
17:50:12.086 [FXGL Background Thread 3 ] DEBUG Engine               - userAppClass: class com.almasb.fxglgames.flappy.FlappyBirdApp
17:50:12.086 [FXGL Background Thread 3 ] DEBUG Engine               - version: 1.0
17:50:12.086 [FXGL Background Thread 3 ] DEBUG Engine               - versionCheckDays: 7
17:50:12.086 [FXGL Background Thread 3 ] DEBUG Engine               - width: 1980
17:50:12.086 [FXGL Background Thread 3 ] DEBUG Engine               - Logging services
17:50:12.086 [FXGL Background Thread 3 ] DEBUG Engine               - class com.almasb.fxgl.app.services.FXGLAssetLoaderService
17:50:12.086 [FXGL Background Thread 3 ] DEBUG Engine               - class com.almasb.fxgl.app.FXGLApplication$GameApplicationService
17:50:12.086 [FXGL Background Thread 3 ] DEBUG Engine               - class com.almasb.fxgl.app.services.FXGLDialogService
17:50:12.086 [FXGL Background Thread 3 ] DEBUG Engine               - class com.almasb.fxgl.app.services.IOTaskExecutorService
17:50:12.086 [FXGL Background Thread 3 ] DEBUG Engine               - class com.almasb.fxgl.io.FileSystemService
17:50:12.086 [FXGL Background Thread 3 ] DEBUG Engine               - class com.almasb.fxgl.localization.LocalizationService
17:50:12.087 [FXGL Background Thread 3 ] DEBUG Engine               - class com.almasb.fxgl.app.services.SystemBundleService
17:50:12.087 [FXGL Background Thread 3 ] DEBUG Engine               - class com.almasb.fxgl.profile.SaveLoadService
17:50:12.087 [FXGL Background Thread 3 ] DEBUG Engine               - class com.almasb.fxgl.ui.FXGLUIFactoryServiceProvider
17:50:12.087 [FXGL Background Thread 3 ] DEBUG Engine               - class com.almasb.fxgl.ui.FXGLDialogFactoryServiceProvider
17:50:12.087 [FXGL Background Thread 3 ] DEBUG Engine               - class com.almasb.fxgl.audio.AudioPlayer
17:50:12.087 [FXGL Background Thread 3 ] DEBUG Engine               - class com.almasb.fxgl.notification.impl.NotificationServiceProvider
17:50:12.087 [FXGL Background Thread 3 ] DEBUG Engine               - class com.almasb.fxgl.achievement.AchievementService
17:50:12.087 [FXGL Background Thread 3 ] DEBUG Engine               - class com.almasb.fxgl.cutscene.CutsceneService
17:50:12.087 [FXGL Background Thread 3 ] DEBUG Engine               - class com.almasb.fxgl.minigames.MiniGameService
17:50:12.088 [FXGL Background Thread 3 ] DEBUG Engine               - class com.almasb.fxgl.net.NetService
17:50:12.088 [FXGL Background Thread 3 ] DEBUG Engine               - class com.almasb.fxgl.app.services.UpdaterService
17:50:12.088 [FXGL Background Thread 3 ] DEBUG Engine               - class com.almasb.fxgl.dev.DevService
17:50:13.617 [JavaFX Application Thread] DEBUG FXGLAssetLoaderServi - Loading from file system: file:/C:/Users/William/Desktop/Code/Github/CAT201-Project/catprojecttrail1/target/classes/assets/textures/bird.png
17:50:20.360 [JavaFX Application Thread] DEBUG FXGLApplication      - Exiting FXGL
17:50:20.360 [JavaFX Application Thread] DEBUG LoopRunner           - Stopping loop
17:50:20.360 [JavaFX Application Thread] DEBUG SystemBundleService  - Saving FXGL system data
17:50:20.362 [JavaFX Application Thread] DEBUG FileSystemAccess     - Writing to: C:\Users\William\Desktop\Code\Github\CAT201-Project\system\fxgl.bundle
17:50:20.364 [JavaFX Application Thread] DEBUG Async                - Shutting down background threads
17:50:20.365 [JavaFX Application Thread] DEBUG PrimaryStageWindow   - Closing main window
17:50:20.377 [JavaFX Application Thread] DEBUG Logger               - Closing Logger
