17:00:36.314 [main                     ] DEBUG Logger               - Configured Logger
17:00:36.319 [main                     ] DEBUG GameApplication      - Logging settings
Title: Speedy Plane
Version: 1.0
Width: 1980
Height: 1080
Fullscreen: false
Intro: false
Profiling: false
Single step:false
App Mode: DEVELOPER
Menu Key: ESCAPE
Stage Style: DECORATED
Scene Factory: class com.almasb.fxgl.app.scene.SceneFactory

17:00:37.101 [JavaFX Application Thread] DEBUG FXGLApplication      - Initializing FXGL
17:00:37.104 [JavaFX Application Thread] INFO  Engine               - FXGL-11.17 (16.07.2021 15.46) on WINDOWS (J:17.0.1 FX:16)
17:00:37.104 [JavaFX Application Thread] DEBUG Engine               - JRE Vendor Name: Oracle Corporation
17:00:37.104 [JavaFX Application Thread] DEBUG Engine               - Running on OS: Windows 10 version 10.0
17:00:37.105 [JavaFX Application Thread] DEBUG Engine               - Architecture: amd64
17:00:37.105 [JavaFX Application Thread] INFO  Engine               - Source code and latest versions at: https://github.com/AlmasB/FXGL
17:00:37.105 [JavaFX Application Thread] INFO  Engine               -              Join the FXGL chat at: https://gitter.im/AlmasB/FXGL
17:00:37.264 [JavaFX Application Thread] DEBUG PrimaryStageWindow   - Creating a JavaFX scene
17:00:37.264 [JavaFX Application Thread] DEBUG PrimaryStageWindow   - Target size > screen size
17:00:37.328 [JavaFX Application Thread] DEBUG PrimaryStageWindow   - Target settings size: 1980.0 x 1080.0
17:00:37.328 [JavaFX Application Thread] DEBUG PrimaryStageWindow   - Scaled scene size:    1881.0 x 1039.0
17:00:37.328 [JavaFX Application Thread] DEBUG PrimaryStageWindow   - Scaled ratio: (0.95, 0.962037037037037)
17:00:37.329 [JavaFX Application Thread] DEBUG PrimaryStageWindow   - Set initial scene to FXGLStartupScene
17:00:37.339 [JavaFX Application Thread] DEBUG PrimaryStageWindow   - Opening main window
17:00:37.453 [JavaFX Application Thread] DEBUG PrimaryStageWindow   - Window border size: (16.0, 39.0)
17:00:37.453 [JavaFX Application Thread] DEBUG PrimaryStageWindow   - Scaled size: 1881.0 x 1039.0
17:00:37.453 [JavaFX Application Thread] DEBUG PrimaryStageWindow   - Scaled ratio: (0.95, 0.962037037037037)
17:00:37.454 [JavaFX Application Thread] DEBUG PrimaryStageWindow   - Scene size: 1881.0 x 1039.0
17:00:37.454 [JavaFX Application Thread] DEBUG PrimaryStageWindow   - Stage size: 1897.0 x 1078.0
17:00:37.463 [FXGL Background Thread 1 ] DEBUG Engine               - Initializing environment variables
17:00:37.526 [FXGL Background Thread 1 ] DEBUG FXGLAssetLoaderServi - User app class for loading assets: class com.almasb.fxglgames.flappy.FlappyBirdApp
17:00:37.526 [FXGL Background Thread 1 ] DEBUG GameApplicationServi - Applying CSS: fxgl_dark.css
17:00:37.527 [FXGL Background Thread 1 ] DEBUG FXGLAssetLoaderServi - Loading from file system: jar:file:/C:/Users/William/.m2/repository/com/github/almasb/fxgl/11.17/fxgl-11.17.jar!/fxglassets/ui/css/fxgl_dark.css
17:00:37.578 [FXGL Background Thread 1 ] DEBUG GameApplicationServi - Initializing application scenes
17:00:37.627 [FXGL Background Thread 1 ] DEBUG GameWorld            - Game world initialized
17:00:37.699 [FXGL Background Thread 1 ] DEBUG PhysicsWorld         - Physics world initialized: appHeight=1080, physics.ppm=50.0
17:00:37.699 [FXGL Background Thread 1 ] DEBUG PhysicsWorld         - Using strategy: BRUTE_FORCE
17:00:37.702 [FXGL Background Thread 1 ] DEBUG GameScene            - Game scene initialized: 1980x1080
17:00:37.720 [FXGL Background Thread 1 ] DEBUG FXGL.DefaultMenu     - createMenuBodyMainMenu()
17:00:37.743 [FXGL Background Thread 1 ] DEBUG FXGL.DefaultMenu     - createOptionsMenu()
17:00:37.755 [FXGL Background Thread 1 ] DEBUG FXGLAssetLoaderServi - Loading from file system: jar:file:/C:/Users/William/.m2/repository/com/github/almasb/fxgl/11.17/fxgl-11.17.jar!/fxglassets/textures/particles/smoke.png
17:00:37.887 [FXGL Background Thread 1 ] DEBUG FXGLAssetLoaderServi - Loading from file system: jar:file:/C:/Users/William/.m2/repository/com/github/almasb/fxgl/11.17/fxgl-11.17.jar!/fxglassets/textures/particles/trace_horizontal.png
17:00:37.924 [FXGL Background Thread 1 ] DEBUG FXGL.DefaultMenu     - createMenuBodyGameMenu()
17:00:37.926 [FXGL Background Thread 1 ] DEBUG FXGL.DefaultMenu     - createOptionsMenu()
17:00:37.944 [FXGL Background Thread 1 ] DEBUG GameApplicationServi - Application scenes initialized
17:00:37.965 [FXGL Background Thread 1 ] DEBUG SystemBundleService  - Loading FXGL system data
17:00:37.971 [FXGL Background Thread 1 ] DEBUG FileSystemAccess     - Reading from: C:\Users\William\Desktop\Code\Github\CAT201-Project\system\fxgl.bundle
17:00:37.979 [FXGL Background Thread 1 ] DEBUG SystemBundleService  - Bundle FXGL: {}
17:00:37.979 [FXGL Background Thread 1 ] DEBUG UpdaterService       - Checking for updates
17:00:37.984 [FXGL Background Thread 4 ] DEBUG FXGLApplication      - Loading fonts
17:00:37.984 [FXGL Background Thread 1 ] DEBUG FXGLApplication      - Loading default localization
17:00:37.984 [FXGL Background Thread 4 ] DEBUG FXGLAssetLoaderServi - Loading from file system: jar:file:/C:/Users/William/.m2/repository/com/github/almasb/fxgl/11.17/fxgl-11.17.jar!/fxglassets/ui/fonts/VarelaRound-Regular.ttf
17:00:37.985 [FXGL Background Thread 1 ] DEBUG FXGLAssetLoaderServi - Loading from file system: jar:file:/C:/Users/William/.m2/repository/com/github/almasb/fxgl/11.17/fxgl-11.17.jar!/fxglassets/languages/english.lang
17:00:38.003 [FXGL Background Thread 1 ] INFO  FXGLApplication      - FXGL initialization took: 0.540 sec
17:00:38.015 [JavaFX Application Thread] DEBUG Input                - Registered new binding: Jump - Space
17:00:38.015 [JavaFX Application Thread] DEBUG FXGLAssetLoaderServi - Loading from file system: file:/C:/Users/William/Desktop/Code/Github/CAT201-Project/catprojecttrail1/target/classes/assets/music/bgm.mp3
17:00:38.052 [FXGL Background Thread 4 ] DEBUG FXGLAssetLoaderServi - Loading from file system: jar:file:/C:/Users/William/.m2/repository/com/github/almasb/fxgl/11.17/fxgl-11.17.jar!/fxglassets/ui/fonts/Abel-Regular.ttf
17:00:38.057 [FXGL Background Thread 4 ] DEBUG FXGLAssetLoaderServi - Loading from file system: jar:file:/C:/Users/William/.m2/repository/com/github/almasb/fxgl/11.17/fxgl-11.17.jar!/fxglassets/ui/fonts/lucida_console.ttf
17:00:38.063 [FXGL Background Thread 4 ] DEBUG FXGLAssetLoaderServi - Loading from file system: jar:file:/C:/Users/William/.m2/repository/com/github/almasb/fxgl/11.17/fxgl-11.17.jar!/fxglassets/ui/fonts/Courier-Prime.ttf
17:00:38.217 [JavaFX Application Thread] DEBUG AudioPlayer          - Playing music com.almasb.fxgl.audio.Music@72670665
17:00:38.218 [JavaFX Application Thread] DEBUG FXGLAssetLoaderServi - Loading from file system: jar:file:/C:/Users/William/.m2/repository/com/github/almasb/fxgl/11.17/fxgl-11.17.jar!/fxglassets/textures/fxgl_icon.png
17:00:38.245 [JavaFX Application Thread] DEBUG FXGLAssetLoaderServi - Loading from file system: jar:file:/C:/Users/William/.m2/repository/com/github/almasb/fxgl/11.17/fxgl-11.17.jar!/fxglassets/textures/fxgl_default_cursor.png
17:00:38.248 [JavaFX Application Thread] DEBUG Input                - Registered new binding: Screenshot - CTRL+8
17:00:38.249 [JavaFX Application Thread] DEBUG Input                - Registered new binding: System info dump - CTRL+9
17:00:38.249 [JavaFX Application Thread] DEBUG Input                - Registered new binding: Restart - CTRL+R
17:00:38.250 [JavaFX Application Thread] DEBUG Input                - Registered new binding: Toggle Debug Camera - CTRL+C
17:00:38.253 [JavaFX Application Thread] DEBUG LoopRunner           - Starting loop
17:00:38.253 [JavaFX Application Thread] DEBUG LoopRunner           - Initializing JavaFX AnimationTimerLoop
17:00:38.257 [JavaFX Application Thread] DEBUG Input                - Clearing active input actions
17:00:38.272 [JavaFX Application Thread] DEBUG GameApplicationServi - Removing overlay from FXGLStartupScene and adding to FXGLMainMenuDummyScene
17:00:38.272 [JavaFX Application Thread] DEBUG PrimaryStageWindow   - FXGLStartupScene -> FXGLMainMenuDummyScene
17:00:38.272 [JavaFX Application Thread] DEBUG PrimaryStageWindow   - Push state: FXGLDefaultMenu
17:00:38.284 [JavaFX Application Thread] DEBUG Input                - Clearing active input actions
17:00:38.296 [JavaFX Application Thread] DEBUG GameApplicationServi - Removing overlay from FXGLMainMenuDummyScene and adding to FXGLDefaultMenu
17:00:38.296 [JavaFX Application Thread] DEBUG PrimaryStageWindow   - FXGLMainMenuDummyScene -> FXGLDefaultMenu
17:00:38.296 [JavaFX Application Thread] DEBUG FXGLApplication      - Registering font factories with UI factory
17:00:38.804 [FXGL Background Thread 2 ] INFO  UpdaterService       - Your current version:  11.17
17:00:38.805 [FXGL Background Thread 2 ] INFO  UpdaterService       - Latest stable version: 17
17:00:39.200 [JavaFX Application Thread] DEBUG Menu                 - fireNewGame()
17:00:39.200 [JavaFX Application Thread] DEBUG GameApplicationServi - Starting new game
17:00:39.218 [JavaFX Application Thread] DEBUG PrimaryStageWindow   - Pop state: FXGLDefaultMenu
17:00:39.218 [JavaFX Application Thread] DEBUG Input                - Clearing active input actions
17:00:39.219 [JavaFX Application Thread] DEBUG GameApplicationServi - Removing overlay from FXGLDefaultMenu and adding to FXGLMainMenuDummyScene
17:00:39.220 [JavaFX Application Thread] DEBUG PrimaryStageWindow   - FXGLMainMenuDummyScene <- FXGLDefaultMenu
17:00:39.220 [JavaFX Application Thread] DEBUG Input                - Clearing active input actions
17:00:39.229 [JavaFX Application Thread] DEBUG GameApplicationServi - Removing overlay from FXGLMainMenuDummyScene and adding to FXGLLoadingScene
17:00:39.229 [JavaFX Application Thread] DEBUG PrimaryStageWindow   - FXGLMainMenuDummyScene -> FXGLLoadingScene
17:00:39.229 [JavaFX Application Thread] DEBUG GameApplicationServi - Clearing previous game
17:00:39.229 [JavaFX Application Thread] DEBUG GameScene            - Clearing game scene
17:00:39.229 [JavaFX Application Thread] DEBUG GameWorld            - Clearing game world
17:00:39.229 [JavaFX Application Thread] DEBUG PhysicsWorld         - Clearing physics world
17:00:39.231 [FXGL Background Thread 2 ] DEBUG FXGLApplication      - Initializing game
17:00:39.245 [FXGL Background Thread 2 ] DEBUG FXGLAssetLoaderServi - Loading from file system: file:/C:/Users/William/Desktop/Code/Github/CAT201-Project/catprojecttrail1/target/classes/assets/textures/plane.png
17:00:39.282 [FXGL Background Thread 2 ] INFO  FXGLApplication      - Game initialization took: 0.050 sec
17:00:39.282 [JavaFX Application Thread] DEBUG Input                - Clearing active input actions
17:00:39.289 [JavaFX Application Thread] DEBUG GameApplicationServi - Removing overlay from FXGLLoadingScene and adding to GameScene
17:00:39.289 [JavaFX Application Thread] DEBUG PrimaryStageWindow   - FXGLLoadingScene -> GameScene
17:00:39.291 [JavaFX Application Thread] DEBUG FXGLAssetLoaderServi - Loading from file system: file:/C:/Users/William/Desktop/Code/Github/CAT201-Project/catprojecttrail1/target/classes/assets/textures/cloud.png
17:00:39.300 [JavaFX Application Thread] DEBUG FXGLAssetLoaderServi - Loading from file system: file:/C:/Users/William/Desktop/Code/Github/CAT201-Project/catprojecttrail1/target/classes/assets/textures/blue_mountain.png
17:00:40.984 [FXGL Background Thread 3 ] DEBUG Engine               - Logging environment variables
17:00:40.984 [FXGL Background Thread 3 ] DEBUG Engine               - achievements: []
17:00:40.984 [FXGL Background Thread 3 ] DEBUG Engine               - actualHeight: 1039.0
17:00:40.985 [FXGL Background Thread 3 ] DEBUG Engine               - actualHeightProperty: ReadOnlyDoubleProperty [value: 1039.0]
17:00:40.985 [FXGL Background Thread 3 ] DEBUG Engine               - actualWidth: 1881.0
17:00:40.985 [FXGL Background Thread 3 ] DEBUG Engine               - actualWidthProperty: ReadOnlyDoubleProperty [value: 1881.0]
17:00:40.985 [FXGL Background Thread 3 ] DEBUG Engine               - appIcon: fxgl_icon.png
17:00:40.985 [FXGL Background Thread 3 ] DEBUG Engine               - applicationMode: DEVELOPER
17:00:40.985 [FXGL Background Thread 3 ] DEBUG Engine               - cSSList: [fxgl_dark.css]
17:00:40.985 [FXGL Background Thread 3 ] DEBUG Engine               - collisionDetectionStrategy: BRUTE_FORCE
17:00:40.985 [FXGL Background Thread 3 ] DEBUG Engine               - configClass: Optional.empty
17:00:40.985 [FXGL Background Thread 3 ] DEBUG Engine               - credits: []
17:00:40.986 [FXGL Background Thread 3 ] DEBUG Engine               - defaultCursor: CursorInfo(imageName=fxgl_default_cursor.png, hotspotX=7.0, hotspotY=6.0)
17:00:40.986 [FXGL Background Thread 3 ] DEBUG Engine               - devBBoxColorProperty: ObjectProperty [value: 0xff0000ff]
17:00:40.986 [FXGL Background Thread 3 ] DEBUG Engine               - devEnableDebugCameraProperty: BooleanProperty [value: false]
17:00:40.986 [FXGL Background Thread 3 ] DEBUG Engine               - devSensorColorProperty: ObjectProperty [value: 0xffff00ff]
17:00:40.986 [FXGL Background Thread 3 ] DEBUG Engine               - devShowBBoxProperty: BooleanProperty [value: false]
17:00:40.987 [FXGL Background Thread 3 ] DEBUG Engine               - devShowPositionProperty: BooleanProperty [value: false]
17:00:40.987 [FXGL Background Thread 3 ] DEBUG Engine               - enabledMenuItems: []
17:00:40.987 [FXGL Background Thread 3 ] DEBUG Engine               - engineServices: [class com.almasb.fxgl.app.services.FXGLAssetLoaderService, class com.almasb.fxgl.app.FXGLApplication$GameApplicationService, class com.almasb.fxgl.app.services.FXGLDialogService, class com.almasb.fxgl.app.services.IOTaskExecutorService, class com.almasb.fxgl.io.FileSystemService, class com.almasb.fxgl.localization.LocalizationService, class com.almasb.fxgl.app.services.SystemBundleService, class com.almasb.fxgl.profile.SaveLoadService, class com.almasb.fxgl.ui.FXGLUIFactoryServiceProvider, class com.almasb.fxgl.ui.FXGLDialogFactoryServiceProvider, class com.almasb.fxgl.audio.AudioPlayer, class com.almasb.fxgl.notification.impl.NotificationServiceProvider, class com.almasb.fxgl.achievement.AchievementService, class com.almasb.fxgl.cutscene.CutsceneService, class com.almasb.fxgl.minigames.MiniGameService, class com.almasb.fxgl.net.NetService, class com.almasb.fxgl.app.services.UpdaterService, class com.almasb.fxgl.dev.DevService]
17:00:40.987 [FXGL Background Thread 3 ] DEBUG Engine               - fontGame: Abel-Regular.ttf
17:00:40.987 [FXGL Background Thread 3 ] DEBUG Engine               - fontMono: lucida_console.ttf
17:00:40.987 [FXGL Background Thread 3 ] DEBUG Engine               - fontText: Courier-Prime.ttf
17:00:40.987 [FXGL Background Thread 3 ] DEBUG Engine               - fontUI: VarelaRound-Regular.ttf
17:00:40.987 [FXGL Background Thread 3 ] DEBUG Engine               - fullScreen: BooleanProperty [value: false]
17:00:40.988 [FXGL Background Thread 3 ] DEBUG Engine               - gameDifficulty: MEDIUM
17:00:40.988 [FXGL Background Thread 3 ] DEBUG Engine               - gameDifficultyProperty: ObjectProperty [value: MEDIUM]
17:00:40.988 [FXGL Background Thread 3 ] DEBUG Engine               - globalMusicVolume: 0.5
17:00:40.988 [FXGL Background Thread 3 ] DEBUG Engine               - globalMusicVolumeProperty: DoubleProperty [value: 0.5]
17:00:40.988 [FXGL Background Thread 3 ] DEBUG Engine               - globalSoundVolume: 0.5
17:00:40.989 [FXGL Background Thread 3 ] DEBUG Engine               - globalSoundVolumeProperty: DoubleProperty [value: 0.5]
17:00:40.989 [FXGL Background Thread 3 ] DEBUG Engine               - height: 1080
17:00:40.989 [FXGL Background Thread 3 ] DEBUG Engine               - is3D: false
17:00:40.989 [FXGL Background Thread 3 ] DEBUG Engine               - isAndroid: false
17:00:40.989 [FXGL Background Thread 3 ] DEBUG Engine               - isBrowser: false
17:00:40.989 [FXGL Background Thread 3 ] DEBUG Engine               - isClickFeedbackEnabled: false
17:00:40.989 [FXGL Background Thread 3 ] DEBUG Engine               - isCloseConfirmation: false
17:00:40.990 [FXGL Background Thread 3 ] DEBUG Engine               - isDesktop: true
17:00:40.990 [FXGL Background Thread 3 ] DEBUG Engine               - isDeveloperMenuEnabled: false
17:00:40.990 [FXGL Background Thread 3 ] DEBUG Engine               - isEntityPreloadEnabled: true
17:00:40.990 [FXGL Background Thread 3 ] DEBUG Engine               - isExperimentalTiledLargeMap: false
17:00:40.990 [FXGL Background Thread 3 ] DEBUG Engine               - isFileSystemWriteAllowed: true
17:00:40.990 [FXGL Background Thread 3 ] DEBUG Engine               - isFullScreenAllowed: false
17:00:40.991 [FXGL Background Thread 3 ] DEBUG Engine               - isFullScreenFromStart: false
17:00:40.991 [FXGL Background Thread 3 ] DEBUG Engine               - isGameMenuEnabled: true
17:00:40.991 [FXGL Background Thread 3 ] DEBUG Engine               - isIOS: false
17:00:40.991 [FXGL Background Thread 3 ] DEBUG Engine               - isIntroEnabled: false
17:00:40.991 [FXGL Background Thread 3 ] DEBUG Engine               - isLinux: false
17:00:40.991 [FXGL Background Thread 3 ] DEBUG Engine               - isMac: false
17:00:40.991 [FXGL Background Thread 3 ] DEBUG Engine               - isMainMenuEnabled: true
17:00:40.992 [FXGL Background Thread 3 ] DEBUG Engine               - isManualResizeEnabled: false
17:00:40.992 [FXGL Background Thread 3 ] DEBUG Engine               - isMobile: false
17:00:40.992 [FXGL Background Thread 3 ] DEBUG Engine               - isNative: false
17:00:40.992 [FXGL Background Thread 3 ] DEBUG Engine               - isPauseMusicWhenMinimized: true
17:00:40.992 [FXGL Background Thread 3 ] DEBUG Engine               - isPreserveResizeRatio: false
17:00:40.992 [FXGL Background Thread 3 ] DEBUG Engine               - isProfilingEnabled: false
17:00:40.992 [FXGL Background Thread 3 ] DEBUG Engine               - isScaleAffectedOnResize: true
17:00:40.993 [FXGL Background Thread 3 ] DEBUG Engine               - isSingleStep: false
17:00:40.993 [FXGL Background Thread 3 ] DEBUG Engine               - isUserProfileEnabled: false
17:00:40.993 [FXGL Background Thread 3 ] DEBUG Engine               - isWindows: true
17:00:40.993 [FXGL Background Thread 3 ] DEBUG Engine               - language: ObjectProperty [value: ENGLISH]
17:00:40.993 [FXGL Background Thread 3 ] DEBUG Engine               - menuKey: ESCAPE
17:00:40.993 [FXGL Background Thread 3 ] DEBUG Engine               - mouseSensitivity: 0.2
17:00:40.993 [FXGL Background Thread 3 ] DEBUG Engine               - notificationViewClass: class com.almasb.fxgl.notification.view.XboxNotificationView
17:00:40.993 [FXGL Background Thread 3 ] DEBUG Engine               - pixelsPerMeter: 50.0
17:00:40.993 [FXGL Background Thread 3 ] DEBUG Engine               - platform: WINDOWS
17:00:40.994 [FXGL Background Thread 3 ] DEBUG Engine               - prefHeightProperty: ReadOnlyDoubleProperty [value: 1080.0]
17:00:40.994 [FXGL Background Thread 3 ] DEBUG Engine               - prefWidthProperty: ReadOnlyDoubleProperty [value: 1980.0]
17:00:40.994 [FXGL Background Thread 3 ] DEBUG Engine               - profileDir: profiles/
17:00:40.994 [FXGL Background Thread 3 ] DEBUG Engine               - profileName: StringProperty [value: DEFAULT]
17:00:40.994 [FXGL Background Thread 3 ] DEBUG Engine               - randomSeed: -1
17:00:40.994 [FXGL Background Thread 3 ] DEBUG Engine               - runtimeInfo: RuntimeInfo(platform=WINDOWS, version=11.17, build=16.07.2021 15.46)
17:00:40.995 [FXGL Background Thread 3 ] DEBUG Engine               - saveFileExt: sav
17:00:40.995 [FXGL Background Thread 3 ] DEBUG Engine               - scaledHeightProp$fxgl: DoubleProperty [bound, value: 1039.0]
17:00:40.995 [FXGL Background Thread 3 ] DEBUG Engine               - scaledWidthProp$fxgl: DoubleProperty [bound, value: 1881.0]
17:00:40.995 [FXGL Background Thread 3 ] DEBUG Engine               - sceneFactory: com.almasb.fxgl.app.scene.SceneFactory@3ed42c4d
17:00:40.995 [FXGL Background Thread 3 ] DEBUG Engine               - secondsIn24h: 60
17:00:40.995 [FXGL Background Thread 3 ] DEBUG Engine               - soundMenuBack: menu/back.wav
17:00:40.995 [FXGL Background Thread 3 ] DEBUG Engine               - soundMenuPress: menu/press.wav
17:00:40.995 [FXGL Background Thread 3 ] DEBUG Engine               - soundMenuSelect: menu/select.wav
17:00:40.996 [FXGL Background Thread 3 ] DEBUG Engine               - soundNotification: core/notification.wav
17:00:40.996 [FXGL Background Thread 3 ] DEBUG Engine               - stageStyle: DECORATED
17:00:40.996 [FXGL Background Thread 3 ] DEBUG Engine               - supportedLanguages: [ENGLISH, FRENCH, GERMAN, HUNGARIAN, RUSSIAN]
17:00:40.996 [FXGL Background Thread 3 ] DEBUG Engine               - ticksPerSecond: -1
17:00:40.996 [FXGL Background Thread 3 ] DEBUG Engine               - title: Speedy Plane
17:00:40.996 [FXGL Background Thread 3 ] DEBUG Engine               - urlGithub: https://github.com/AlmasB/FXGL
17:00:40.996 [FXGL Background Thread 3 ] DEBUG Engine               - urlLeaderboard: http://fxgl-top.herokuapp.com/
17:00:40.996 [FXGL Background Thread 3 ] DEBUG Engine               - urlPOM: https://raw.githubusercontent.com/AlmasB/FXGL/release/README.md
17:00:40.996 [FXGL Background Thread 3 ] DEBUG Engine               - userAppClass: class com.almasb.fxglgames.flappy.FlappyBirdApp
17:00:40.996 [FXGL Background Thread 3 ] DEBUG Engine               - version: 1.0
17:00:40.996 [FXGL Background Thread 3 ] DEBUG Engine               - versionCheckDays: 7
17:00:40.996 [FXGL Background Thread 3 ] DEBUG Engine               - width: 1980
17:00:40.997 [FXGL Background Thread 3 ] DEBUG Engine               - Logging services
17:00:40.997 [FXGL Background Thread 3 ] DEBUG Engine               - class com.almasb.fxgl.app.services.FXGLAssetLoaderService
17:00:40.997 [FXGL Background Thread 3 ] DEBUG Engine               - class com.almasb.fxgl.app.FXGLApplication$GameApplicationService
17:00:40.997 [FXGL Background Thread 3 ] DEBUG Engine               - class com.almasb.fxgl.app.services.FXGLDialogService
17:00:40.997 [FXGL Background Thread 3 ] DEBUG Engine               - class com.almasb.fxgl.app.services.IOTaskExecutorService
17:00:40.997 [FXGL Background Thread 3 ] DEBUG Engine               - class com.almasb.fxgl.io.FileSystemService
17:00:40.997 [FXGL Background Thread 3 ] DEBUG Engine               - class com.almasb.fxgl.localization.LocalizationService
17:00:40.998 [FXGL Background Thread 3 ] DEBUG Engine               - class com.almasb.fxgl.app.services.SystemBundleService
17:00:40.998 [FXGL Background Thread 3 ] DEBUG Engine               - class com.almasb.fxgl.profile.SaveLoadService
17:00:40.998 [FXGL Background Thread 3 ] DEBUG Engine               - class com.almasb.fxgl.ui.FXGLUIFactoryServiceProvider
17:00:40.998 [FXGL Background Thread 3 ] DEBUG Engine               - class com.almasb.fxgl.ui.FXGLDialogFactoryServiceProvider
17:00:40.998 [FXGL Background Thread 3 ] DEBUG Engine               - class com.almasb.fxgl.audio.AudioPlayer
17:00:40.998 [FXGL Background Thread 3 ] DEBUG Engine               - class com.almasb.fxgl.notification.impl.NotificationServiceProvider
17:00:40.998 [FXGL Background Thread 3 ] DEBUG Engine               - class com.almasb.fxgl.achievement.AchievementService
17:00:40.999 [FXGL Background Thread 3 ] DEBUG Engine               - class com.almasb.fxgl.cutscene.CutsceneService
17:00:40.999 [FXGL Background Thread 3 ] DEBUG Engine               - class com.almasb.fxgl.minigames.MiniGameService
17:00:40.999 [FXGL Background Thread 3 ] DEBUG Engine               - class com.almasb.fxgl.net.NetService
17:00:40.999 [FXGL Background Thread 3 ] DEBUG Engine               - class com.almasb.fxgl.app.services.UpdaterService
17:00:40.999 [FXGL Background Thread 3 ] DEBUG Engine               - class com.almasb.fxgl.dev.DevService
17:00:42.203 [JavaFX Application Thread] DEBUG FXGLAssetLoaderServi - Loading from file system: file:/C:/Users/William/Desktop/Code/Github/CAT201-Project/catprojecttrail1/target/classes/assets/textures/bird.png
17:01:15.447 [JavaFX Application Thread] DEBUG FXGLApplication      - Exiting FXGL
17:01:15.447 [JavaFX Application Thread] DEBUG LoopRunner           - Stopping loop
17:01:15.447 [JavaFX Application Thread] DEBUG SystemBundleService  - Saving FXGL system data
17:01:15.450 [JavaFX Application Thread] DEBUG FileSystemAccess     - Writing to: C:\Users\William\Desktop\Code\Github\CAT201-Project\system\fxgl.bundle
17:01:15.452 [JavaFX Application Thread] DEBUG Async                - Shutting down background threads
17:01:15.452 [JavaFX Application Thread] DEBUG PrimaryStageWindow   - Closing main window
17:01:15.463 [JavaFX Application Thread] DEBUG Logger               - Closing Logger
