23:14:05.991 [main                     ] DEBUG Logger               - Configured Logger
23:14:05.996 [main                     ] DEBUG GameApplication      - Logging settings
Title: Speedy Plane
Version: 1.0
Width: 1980
Height: 1080
Fullscreen: false
Intro: false
Profiling: false
Single step:false
App Mode: DEVELOPER
Menu Key: ESCAPE
Stage Style: DECORATED
Scene Factory: class com.almasb.fxgl.app.scene.SceneFactory

23:14:06.466 [JavaFX Application Thread] DEBUG FXGLApplication      - Initializing FXGL
23:14:06.473 [JavaFX Application Thread] INFO  Engine               - FXGL-11.17 (16.07.2021 15.46) on WINDOWS (J:17.0.1 FX:16)
23:14:06.473 [JavaFX Application Thread] DEBUG Engine               - JRE Vendor Name: Oracle Corporation
23:14:06.473 [JavaFX Application Thread] DEBUG Engine               - Running on OS: Windows 10 version 10.0
23:14:06.473 [JavaFX Application Thread] DEBUG Engine               - Architecture: amd64
23:14:06.473 [JavaFX Application Thread] INFO  Engine               - Source code and latest versions at: https://github.com/AlmasB/FXGL
23:14:06.473 [JavaFX Application Thread] INFO  Engine               -              Join the FXGL chat at: https://gitter.im/AlmasB/FXGL
23:14:06.597 [JavaFX Application Thread] DEBUG PrimaryStageWindow   - Creating a JavaFX scene
23:14:06.597 [JavaFX Application Thread] DEBUG PrimaryStageWindow   - Target size > screen size
23:14:06.653 [JavaFX Application Thread] DEBUG PrimaryStageWindow   - Target settings size: 1980.0 x 1080.0
23:14:06.653 [JavaFX Application Thread] DEBUG PrimaryStageWindow   - Scaled scene size:    1485.0 x 823.0
23:14:06.653 [JavaFX Application Thread] DEBUG PrimaryStageWindow   - Scaled ratio: (0.75, 0.7620370370370371)
23:14:06.654 [JavaFX Application Thread] DEBUG PrimaryStageWindow   - Set initial scene to FXGLStartupScene
23:14:06.663 [JavaFX Application Thread] DEBUG PrimaryStageWindow   - Opening main window
23:14:06.758 [JavaFX Application Thread] DEBUG PrimaryStageWindow   - Window border size: (15.0, 37.79998779296875)
23:14:06.758 [JavaFX Application Thread] DEBUG PrimaryStageWindow   - Scaled size: 1485.0 x 823.0
23:14:06.758 [JavaFX Application Thread] DEBUG PrimaryStageWindow   - Scaled ratio: (0.75, 0.7620370370370371)
23:14:06.759 [JavaFX Application Thread] DEBUG PrimaryStageWindow   - Scene size: 1485.0 x 823.0
23:14:06.759 [JavaFX Application Thread] DEBUG PrimaryStageWindow   - Stage size: 1500.0 x 860.7999877929688
23:14:06.766 [FXGL Background Thread 1 ] DEBUG Engine               - Initializing environment variables
23:14:06.839 [FXGL Background Thread 1 ] DEBUG FXGLAssetLoaderServi - User app class for loading assets: class com.almasb.fxglgames.flappy.FlappyBirdApp
23:14:06.839 [FXGL Background Thread 1 ] DEBUG GameApplicationServi - Applying CSS: fxgl_dark.css
23:14:06.840 [FXGL Background Thread 1 ] DEBUG FXGLAssetLoaderServi - Loading from file system: jar:file:/C:/Users/chunh/.m2/repository/com/github/almasb/fxgl/11.17/fxgl-11.17.jar!/fxglassets/ui/css/fxgl_dark.css
23:14:06.889 [FXGL Background Thread 1 ] DEBUG GameApplicationServi - Initializing application scenes
23:14:06.949 [FXGL Background Thread 1 ] DEBUG GameWorld            - Game world initialized
23:14:07.019 [FXGL Background Thread 1 ] DEBUG PhysicsWorld         - Physics world initialized: appHeight=1080, physics.ppm=50.0
23:14:07.019 [FXGL Background Thread 1 ] DEBUG PhysicsWorld         - Using strategy: BRUTE_FORCE
23:14:07.023 [FXGL Background Thread 1 ] DEBUG GameScene            - Game scene initialized: 1980x1080
23:14:07.042 [FXGL Background Thread 1 ] DEBUG FXGL.DefaultMenu     - createMenuBodyMainMenu()
23:14:07.062 [FXGL Background Thread 1 ] DEBUG FXGL.DefaultMenu     - createOptionsMenu()
23:14:07.073 [FXGL Background Thread 1 ] DEBUG FXGLAssetLoaderServi - Loading from file system: jar:file:/C:/Users/chunh/.m2/repository/com/github/almasb/fxgl/11.17/fxgl-11.17.jar!/fxglassets/textures/particles/smoke.png
23:14:07.188 [FXGL Background Thread 1 ] DEBUG FXGLAssetLoaderServi - Loading from file system: jar:file:/C:/Users/chunh/.m2/repository/com/github/almasb/fxgl/11.17/fxgl-11.17.jar!/fxglassets/textures/particles/trace_horizontal.png
23:14:07.217 [FXGL Background Thread 1 ] DEBUG FXGL.DefaultMenu     - createMenuBodyGameMenu()
23:14:07.220 [FXGL Background Thread 1 ] DEBUG FXGL.DefaultMenu     - createOptionsMenu()
23:14:07.235 [FXGL Background Thread 1 ] DEBUG GameApplicationServi - Application scenes initialized
23:14:07.247 [FXGL Background Thread 1 ] DEBUG SystemBundleService  - Loading FXGL system data
23:14:07.253 [FXGL Background Thread 1 ] DEBUG FileSystemAccess     - Reading from: C:\Users\chunh\IdeaProjects\catprojecttrail1\system\fxgl.bundle
23:14:07.260 [FXGL Background Thread 1 ] DEBUG SystemBundleService  - Bundle FXGL: {}
23:14:07.260 [FXGL Background Thread 1 ] DEBUG UpdaterService       - Checking for updates
23:14:07.265 [FXGL Background Thread 4 ] DEBUG FXGLApplication      - Loading fonts
23:14:07.266 [FXGL Background Thread 4 ] DEBUG FXGLAssetLoaderServi - Loading from file system: jar:file:/C:/Users/chunh/.m2/repository/com/github/almasb/fxgl/11.17/fxgl-11.17.jar!/fxglassets/ui/fonts/VarelaRound-Regular.ttf
23:14:07.266 [FXGL Background Thread 1 ] DEBUG FXGLApplication      - Loading default localization
23:14:07.267 [FXGL Background Thread 1 ] DEBUG FXGLAssetLoaderServi - Loading from file system: jar:file:/C:/Users/chunh/.m2/repository/com/github/almasb/fxgl/11.17/fxgl-11.17.jar!/fxglassets/languages/english.lang
23:14:07.285 [FXGL Background Thread 1 ] INFO  FXGLApplication      - FXGL initialization took: 0.519 sec
23:14:07.299 [JavaFX Application Thread] DEBUG Input                - Registered new binding: Jump - Space
23:14:07.300 [JavaFX Application Thread] DEBUG FXGLAssetLoaderServi - Loading from file system: file:/C:/Users/chunh/IdeaProjects/catprojecttrail1/target/classes/assets/music/bgm.mp3
23:14:07.337 [FXGL Background Thread 4 ] DEBUG FXGLAssetLoaderServi - Loading from file system: jar:file:/C:/Users/chunh/.m2/repository/com/github/almasb/fxgl/11.17/fxgl-11.17.jar!/fxglassets/ui/fonts/Abel-Regular.ttf
23:14:07.344 [FXGL Background Thread 4 ] DEBUG FXGLAssetLoaderServi - Loading from file system: jar:file:/C:/Users/chunh/.m2/repository/com/github/almasb/fxgl/11.17/fxgl-11.17.jar!/fxglassets/ui/fonts/lucida_console.ttf
23:14:07.351 [FXGL Background Thread 4 ] DEBUG FXGLAssetLoaderServi - Loading from file system: jar:file:/C:/Users/chunh/.m2/repository/com/github/almasb/fxgl/11.17/fxgl-11.17.jar!/fxglassets/ui/fonts/Courier-Prime.ttf
23:14:07.440 [JavaFX Application Thread] DEBUG AudioPlayer          - Playing music com.almasb.fxgl.audio.Music@5604cb83
23:14:07.441 [JavaFX Application Thread] DEBUG FXGLAssetLoaderServi - Loading from file system: jar:file:/C:/Users/chunh/.m2/repository/com/github/almasb/fxgl/11.17/fxgl-11.17.jar!/fxglassets/textures/fxgl_icon.png
23:14:07.456 [JavaFX Application Thread] DEBUG FXGLAssetLoaderServi - Loading from file system: jar:file:/C:/Users/chunh/.m2/repository/com/github/almasb/fxgl/11.17/fxgl-11.17.jar!/fxglassets/textures/fxgl_default_cursor.png
23:14:07.458 [JavaFX Application Thread] DEBUG Input                - Registered new binding: Screenshot - CTRL+8
23:14:07.459 [JavaFX Application Thread] DEBUG Input                - Registered new binding: System info dump - CTRL+9
23:14:07.460 [JavaFX Application Thread] DEBUG Input                - Registered new binding: Restart - CTRL+R
23:14:07.461 [JavaFX Application Thread] DEBUG Input                - Registered new binding: Toggle Debug Camera - CTRL+C
23:14:07.469 [JavaFX Application Thread] DEBUG LoopRunner           - Starting loop
23:14:07.469 [JavaFX Application Thread] DEBUG LoopRunner           - Initializing JavaFX AnimationTimerLoop
23:14:07.473 [JavaFX Application Thread] DEBUG Input                - Clearing active input actions
23:14:07.479 [JavaFX Application Thread] DEBUG GameApplicationServi - Removing overlay from FXGLStartupScene and adding to FXGLMainMenuDummyScene
23:14:07.480 [JavaFX Application Thread] DEBUG PrimaryStageWindow   - FXGLStartupScene -> FXGLMainMenuDummyScene
23:14:07.480 [JavaFX Application Thread] DEBUG PrimaryStageWindow   - Push state: FXGLDefaultMenu
23:14:07.487 [JavaFX Application Thread] DEBUG Input                - Clearing active input actions
23:14:07.494 [JavaFX Application Thread] DEBUG GameApplicationServi - Removing overlay from FXGLMainMenuDummyScene and adding to FXGLDefaultMenu
23:14:07.495 [JavaFX Application Thread] DEBUG PrimaryStageWindow   - FXGLMainMenuDummyScene -> FXGLDefaultMenu
23:14:07.502 [JavaFX Application Thread] DEBUG FXGLApplication      - Registering font factories with UI factory
23:14:07.947 [FXGL Background Thread 2 ] INFO  UpdaterService       - Your current version:  11.17
23:14:07.947 [FXGL Background Thread 2 ] INFO  UpdaterService       - Latest stable version: 17
23:14:08.429 [JavaFX Application Thread] DEBUG Menu                 - fireNewGame()
23:14:08.429 [JavaFX Application Thread] DEBUG GameApplicationServi - Starting new game
23:14:08.432 [JavaFX Application Thread] DEBUG PrimaryStageWindow   - Pop state: FXGLDefaultMenu
23:14:08.432 [JavaFX Application Thread] DEBUG Input                - Clearing active input actions
23:14:08.434 [JavaFX Application Thread] DEBUG GameApplicationServi - Removing overlay from FXGLDefaultMenu and adding to FXGLMainMenuDummyScene
23:14:08.435 [JavaFX Application Thread] DEBUG PrimaryStageWindow   - FXGLMainMenuDummyScene <- FXGLDefaultMenu
23:14:08.435 [JavaFX Application Thread] DEBUG Input                - Clearing active input actions
23:14:08.442 [JavaFX Application Thread] DEBUG GameApplicationServi - Removing overlay from FXGLMainMenuDummyScene and adding to FXGLLoadingScene
23:14:08.443 [JavaFX Application Thread] DEBUG PrimaryStageWindow   - FXGLMainMenuDummyScene -> FXGLLoadingScene
23:14:08.443 [JavaFX Application Thread] DEBUG GameApplicationServi - Clearing previous game
23:14:08.443 [JavaFX Application Thread] DEBUG GameScene            - Clearing game scene
23:14:08.443 [JavaFX Application Thread] DEBUG GameWorld            - Clearing game world
23:14:08.444 [JavaFX Application Thread] DEBUG PhysicsWorld         - Clearing physics world
23:14:08.447 [FXGL Background Thread 2 ] DEBUG FXGLApplication      - Initializing game
23:14:08.464 [FXGL Background Thread 2 ] DEBUG FXGLAssetLoaderServi - Loading from file system: file:/C:/Users/chunh/IdeaProjects/catprojecttrail1/target/classes/assets/textures/plane.png
23:14:08.509 [FXGL Background Thread 2 ] INFO  FXGLApplication      - Game initialization took: 0.062 sec
23:14:08.512 [JavaFX Application Thread] DEBUG Input                - Clearing active input actions
23:14:08.520 [JavaFX Application Thread] DEBUG GameApplicationServi - Removing overlay from FXGLLoadingScene and adding to GameScene
23:14:08.521 [JavaFX Application Thread] DEBUG PrimaryStageWindow   - FXGLLoadingScene -> GameScene
23:14:08.528 [JavaFX Application Thread] DEBUG FXGLAssetLoaderServi - Loading from file system: file:/C:/Users/chunh/IdeaProjects/catprojecttrail1/target/classes/assets/textures/cloud.png
23:14:08.535 [JavaFX Application Thread] DEBUG FXGLAssetLoaderServi - Loading from file system: file:/C:/Users/chunh/IdeaProjects/catprojecttrail1/target/classes/assets/textures/blue_mountain.png
23:14:08.576 [JavaFX Application Thread] DEBUG FXGLAssetLoaderServi - Loading from file system: file:/C:/Users/chunh/IdeaProjects/catprojecttrail1/target/classes/assets/textures/bird.png
23:14:09.005 [JavaFX Application Thread] DEBUG Input                - Mocking key press: Space
23:14:09.069 [JavaFX Application Thread] DEBUG Input                - Mocking key release: Space
23:14:09.764 [JavaFX Application Thread] DEBUG Input                - Mocking key press: Space
23:14:09.835 [JavaFX Application Thread] DEBUG Input                - Mocking key release: Space
23:14:10.264 [FXGL Background Thread 3 ] DEBUG Engine               - Logging environment variables
23:14:10.264 [FXGL Background Thread 3 ] DEBUG Engine               - achievements: []
23:14:10.264 [FXGL Background Thread 3 ] DEBUG Engine               - actualHeight: 823.0
23:14:10.264 [FXGL Background Thread 3 ] DEBUG Engine               - actualHeightProperty: ReadOnlyDoubleProperty [value: 823.0]
23:14:10.264 [FXGL Background Thread 3 ] DEBUG Engine               - actualWidth: 1485.0
23:14:10.264 [FXGL Background Thread 3 ] DEBUG Engine               - actualWidthProperty: ReadOnlyDoubleProperty [value: 1485.0]
23:14:10.264 [FXGL Background Thread 3 ] DEBUG Engine               - appIcon: fxgl_icon.png
23:14:10.264 [FXGL Background Thread 3 ] DEBUG Engine               - applicationMode: DEVELOPER
23:14:10.264 [FXGL Background Thread 3 ] DEBUG Engine               - cSSList: [fxgl_dark.css]
23:14:10.264 [FXGL Background Thread 3 ] DEBUG Engine               - collisionDetectionStrategy: BRUTE_FORCE
23:14:10.264 [FXGL Background Thread 3 ] DEBUG Engine               - configClass: Optional.empty
23:14:10.265 [FXGL Background Thread 3 ] DEBUG Engine               - credits: []
23:14:10.265 [FXGL Background Thread 3 ] DEBUG Engine               - defaultCursor: CursorInfo(imageName=fxgl_default_cursor.png, hotspotX=7.0, hotspotY=6.0)
23:14:10.265 [FXGL Background Thread 3 ] DEBUG Engine               - devBBoxColorProperty: ObjectProperty [value: 0xff0000ff]
23:14:10.265 [FXGL Background Thread 3 ] DEBUG Engine               - devEnableDebugCameraProperty: BooleanProperty [value: false]
23:14:10.265 [FXGL Background Thread 3 ] DEBUG Engine               - devSensorColorProperty: ObjectProperty [value: 0xffff00ff]
23:14:10.265 [FXGL Background Thread 3 ] DEBUG Engine               - devShowBBoxProperty: BooleanProperty [value: false]
23:14:10.265 [FXGL Background Thread 3 ] DEBUG Engine               - devShowPositionProperty: BooleanProperty [value: false]
23:14:10.266 [FXGL Background Thread 3 ] DEBUG Engine               - enabledMenuItems: []
23:14:10.266 [FXGL Background Thread 3 ] DEBUG Engine               - engineServices: [class com.almasb.fxgl.app.services.FXGLAssetLoaderService, class com.almasb.fxgl.app.FXGLApplication$GameApplicationService, class com.almasb.fxgl.app.services.FXGLDialogService, class com.almasb.fxgl.app.services.IOTaskExecutorService, class com.almasb.fxgl.io.FileSystemService, class com.almasb.fxgl.localization.LocalizationService, class com.almasb.fxgl.app.services.SystemBundleService, class com.almasb.fxgl.profile.SaveLoadService, class com.almasb.fxgl.ui.FXGLUIFactoryServiceProvider, class com.almasb.fxgl.ui.FXGLDialogFactoryServiceProvider, class com.almasb.fxgl.audio.AudioPlayer, class com.almasb.fxgl.notification.impl.NotificationServiceProvider, class com.almasb.fxgl.achievement.AchievementService, class com.almasb.fxgl.cutscene.CutsceneService, class com.almasb.fxgl.minigames.MiniGameService, class com.almasb.fxgl.net.NetService, class com.almasb.fxgl.app.services.UpdaterService, class com.almasb.fxgl.dev.DevService]
23:14:10.266 [FXGL Background Thread 3 ] DEBUG Engine               - fontGame: Abel-Regular.ttf
23:14:10.266 [FXGL Background Thread 3 ] DEBUG Engine               - fontMono: lucida_console.ttf
23:14:10.266 [FXGL Background Thread 3 ] DEBUG Engine               - fontText: Courier-Prime.ttf
23:14:10.266 [FXGL Background Thread 3 ] DEBUG Engine               - fontUI: VarelaRound-Regular.ttf
23:14:10.266 [FXGL Background Thread 3 ] DEBUG Engine               - fullScreen: BooleanProperty [value: false]
23:14:10.266 [FXGL Background Thread 3 ] DEBUG Engine               - gameDifficulty: MEDIUM
23:14:10.266 [FXGL Background Thread 3 ] DEBUG Engine               - gameDifficultyProperty: ObjectProperty [value: MEDIUM]
23:14:10.266 [FXGL Background Thread 3 ] DEBUG Engine               - globalMusicVolume: 0.5
23:14:10.266 [FXGL Background Thread 3 ] DEBUG Engine               - globalMusicVolumeProperty: DoubleProperty [value: 0.5]
23:14:10.266 [FXGL Background Thread 3 ] DEBUG Engine               - globalSoundVolume: 0.5
23:14:10.266 [FXGL Background Thread 3 ] DEBUG Engine               - globalSoundVolumeProperty: DoubleProperty [value: 0.5]
23:14:10.267 [FXGL Background Thread 3 ] DEBUG Engine               - height: 1080
23:14:10.267 [FXGL Background Thread 3 ] DEBUG Engine               - is3D: false
23:14:10.267 [FXGL Background Thread 3 ] DEBUG Engine               - isAndroid: false
23:14:10.267 [FXGL Background Thread 3 ] DEBUG Engine               - isBrowser: false
23:14:10.267 [FXGL Background Thread 3 ] DEBUG Engine               - isClickFeedbackEnabled: false
23:14:10.267 [FXGL Background Thread 3 ] DEBUG Engine               - isCloseConfirmation: false
23:14:10.267 [FXGL Background Thread 3 ] DEBUG Engine               - isDesktop: true
23:14:10.267 [FXGL Background Thread 3 ] DEBUG Engine               - isDeveloperMenuEnabled: false
23:14:10.267 [FXGL Background Thread 3 ] DEBUG Engine               - isEntityPreloadEnabled: true
23:14:10.267 [FXGL Background Thread 3 ] DEBUG Engine               - isExperimentalTiledLargeMap: false
23:14:10.267 [FXGL Background Thread 3 ] DEBUG Engine               - isFileSystemWriteAllowed: true
23:14:10.268 [FXGL Background Thread 3 ] DEBUG Engine               - isFullScreenAllowed: false
23:14:10.268 [FXGL Background Thread 3 ] DEBUG Engine               - isFullScreenFromStart: false
23:14:10.268 [FXGL Background Thread 3 ] DEBUG Engine               - isGameMenuEnabled: true
23:14:10.268 [FXGL Background Thread 3 ] DEBUG Engine               - isIOS: false
23:14:10.268 [FXGL Background Thread 3 ] DEBUG Engine               - isIntroEnabled: false
23:14:10.268 [FXGL Background Thread 3 ] DEBUG Engine               - isLinux: false
23:14:10.268 [FXGL Background Thread 3 ] DEBUG Engine               - isMac: false
23:14:10.268 [FXGL Background Thread 3 ] DEBUG Engine               - isMainMenuEnabled: true
23:14:10.268 [FXGL Background Thread 3 ] DEBUG Engine               - isManualResizeEnabled: false
23:14:10.268 [FXGL Background Thread 3 ] DEBUG Engine               - isMobile: false
23:14:10.268 [FXGL Background Thread 3 ] DEBUG Engine               - isNative: false
23:14:10.268 [FXGL Background Thread 3 ] DEBUG Engine               - isPauseMusicWhenMinimized: true
23:14:10.269 [FXGL Background Thread 3 ] DEBUG Engine               - isPreserveResizeRatio: false
23:14:10.269 [FXGL Background Thread 3 ] DEBUG Engine               - isProfilingEnabled: false
23:14:10.269 [FXGL Background Thread 3 ] DEBUG Engine               - isScaleAffectedOnResize: true
23:14:10.269 [FXGL Background Thread 3 ] DEBUG Engine               - isSingleStep: false
23:14:10.269 [FXGL Background Thread 3 ] DEBUG Engine               - isUserProfileEnabled: false
23:14:10.269 [FXGL Background Thread 3 ] DEBUG Engine               - isWindows: true
23:14:10.269 [FXGL Background Thread 3 ] DEBUG Engine               - language: ObjectProperty [value: ENGLISH]
23:14:10.269 [FXGL Background Thread 3 ] DEBUG Engine               - menuKey: ESCAPE
23:14:10.269 [FXGL Background Thread 3 ] DEBUG Engine               - mouseSensitivity: 0.2
23:14:10.269 [FXGL Background Thread 3 ] DEBUG Engine               - notificationViewClass: class com.almasb.fxgl.notification.view.XboxNotificationView
23:14:10.269 [FXGL Background Thread 3 ] DEBUG Engine               - pixelsPerMeter: 50.0
23:14:10.269 [FXGL Background Thread 3 ] DEBUG Engine               - platform: WINDOWS
23:14:10.269 [FXGL Background Thread 3 ] DEBUG Engine               - prefHeightProperty: ReadOnlyDoubleProperty [value: 1080.0]
23:14:10.269 [FXGL Background Thread 3 ] DEBUG Engine               - prefWidthProperty: ReadOnlyDoubleProperty [value: 1980.0]
23:14:10.269 [FXGL Background Thread 3 ] DEBUG Engine               - profileDir: profiles/
23:14:10.269 [FXGL Background Thread 3 ] DEBUG Engine               - profileName: StringProperty [value: DEFAULT]
23:14:10.270 [FXGL Background Thread 3 ] DEBUG Engine               - randomSeed: -1
23:14:10.270 [FXGL Background Thread 3 ] DEBUG Engine               - runtimeInfo: RuntimeInfo(platform=WINDOWS, version=11.17, build=16.07.2021 15.46)
23:14:10.270 [FXGL Background Thread 3 ] DEBUG Engine               - saveFileExt: sav
23:14:10.270 [FXGL Background Thread 3 ] DEBUG Engine               - scaledHeightProp$fxgl: DoubleProperty [bound, value: 823.0]
23:14:10.270 [FXGL Background Thread 3 ] DEBUG Engine               - scaledWidthProp$fxgl: DoubleProperty [bound, value: 1485.0]
23:14:10.270 [FXGL Background Thread 3 ] DEBUG Engine               - sceneFactory: com.almasb.fxgl.app.scene.SceneFactory@11550fe4
23:14:10.270 [FXGL Background Thread 3 ] DEBUG Engine               - secondsIn24h: 60
23:14:10.270 [FXGL Background Thread 3 ] DEBUG Engine               - soundMenuBack: menu/back.wav
23:14:10.270 [FXGL Background Thread 3 ] DEBUG Engine               - soundMenuPress: menu/press.wav
23:14:10.270 [FXGL Background Thread 3 ] DEBUG Engine               - soundMenuSelect: menu/select.wav
23:14:10.270 [FXGL Background Thread 3 ] DEBUG Engine               - soundNotification: core/notification.wav
23:14:10.270 [FXGL Background Thread 3 ] DEBUG Engine               - stageStyle: DECORATED
23:14:10.270 [FXGL Background Thread 3 ] DEBUG Engine               - supportedLanguages: [ENGLISH, FRENCH, GERMAN, HUNGARIAN, RUSSIAN]
23:14:10.270 [FXGL Background Thread 3 ] DEBUG Engine               - ticksPerSecond: -1
23:14:10.270 [FXGL Background Thread 3 ] DEBUG Engine               - title: Speedy Plane
23:14:10.270 [FXGL Background Thread 3 ] DEBUG Engine               - urlGithub: https://github.com/AlmasB/FXGL
23:14:10.270 [FXGL Background Thread 3 ] DEBUG Engine               - urlLeaderboard: http://fxgl-top.herokuapp.com/
23:14:10.270 [FXGL Background Thread 3 ] DEBUG Engine               - urlPOM: https://raw.githubusercontent.com/AlmasB/FXGL/release/README.md
23:14:10.270 [FXGL Background Thread 3 ] DEBUG Engine               - userAppClass: class com.almasb.fxglgames.flappy.FlappyBirdApp
23:14:10.270 [FXGL Background Thread 3 ] DEBUG Engine               - version: 1.0
23:14:10.271 [FXGL Background Thread 3 ] DEBUG Engine               - versionCheckDays: 7
23:14:10.271 [FXGL Background Thread 3 ] DEBUG Engine               - width: 1980
23:14:10.271 [FXGL Background Thread 3 ] DEBUG Engine               - Logging services
23:14:10.271 [FXGL Background Thread 3 ] DEBUG Engine               - class com.almasb.fxgl.app.services.FXGLAssetLoaderService
23:14:10.271 [FXGL Background Thread 3 ] DEBUG Engine               - class com.almasb.fxgl.app.FXGLApplication$GameApplicationService
23:14:10.271 [FXGL Background Thread 3 ] DEBUG Engine               - class com.almasb.fxgl.app.services.FXGLDialogService
23:14:10.271 [FXGL Background Thread 3 ] DEBUG Engine               - class com.almasb.fxgl.app.services.IOTaskExecutorService
23:14:10.271 [FXGL Background Thread 3 ] DEBUG Engine               - class com.almasb.fxgl.io.FileSystemService
23:14:10.271 [FXGL Background Thread 3 ] DEBUG Engine               - class com.almasb.fxgl.localization.LocalizationService
23:14:10.271 [FXGL Background Thread 3 ] DEBUG Engine               - class com.almasb.fxgl.app.services.SystemBundleService
23:14:10.271 [FXGL Background Thread 3 ] DEBUG Engine               - class com.almasb.fxgl.profile.SaveLoadService
23:14:10.271 [FXGL Background Thread 3 ] DEBUG Engine               - class com.almasb.fxgl.ui.FXGLUIFactoryServiceProvider
23:14:10.272 [FXGL Background Thread 3 ] DEBUG Engine               - class com.almasb.fxgl.ui.FXGLDialogFactoryServiceProvider
23:14:10.272 [FXGL Background Thread 3 ] DEBUG Engine               - class com.almasb.fxgl.audio.AudioPlayer
23:14:10.272 [FXGL Background Thread 3 ] DEBUG Engine               - class com.almasb.fxgl.notification.impl.NotificationServiceProvider
23:14:10.272 [FXGL Background Thread 3 ] DEBUG Engine               - class com.almasb.fxgl.achievement.AchievementService
23:14:10.272 [FXGL Background Thread 3 ] DEBUG Engine               - class com.almasb.fxgl.cutscene.CutsceneService
23:14:10.272 [FXGL Background Thread 3 ] DEBUG Engine               - class com.almasb.fxgl.minigames.MiniGameService
23:14:10.272 [FXGL Background Thread 3 ] DEBUG Engine               - class com.almasb.fxgl.net.NetService
23:14:10.272 [FXGL Background Thread 3 ] DEBUG Engine               - class com.almasb.fxgl.app.services.UpdaterService
23:14:10.272 [FXGL Background Thread 3 ] DEBUG Engine               - class com.almasb.fxgl.dev.DevService
23:14:10.549 [JavaFX Application Thread] DEBUG Input                - Mocking key press: Space
23:14:10.636 [JavaFX Application Thread] DEBUG Input                - Mocking key release: Space
23:14:11.444 [JavaFX Application Thread] DEBUG Input                - Mocking key press: Space
23:14:11.547 [JavaFX Application Thread] DEBUG Input                - Mocking key release: Space
23:14:12.675 [JavaFX Application Thread] DEBUG Input                - Mocking key press: Space
23:14:12.748 [JavaFX Application Thread] DEBUG Input                - Mocking key release: Space
23:14:13.973 [JavaFX Application Thread] DEBUG Input                - Mocking key press: Space
23:14:14.076 [JavaFX Application Thread] DEBUG Input                - Mocking key release: Space
23:14:15.108 [JavaFX Application Thread] DEBUG Input                - Mocking key press: Space
23:14:15.228 [JavaFX Application Thread] DEBUG Input                - Mocking key release: Space
23:14:16.356 [JavaFX Application Thread] DEBUG Input                - Mocking key press: Space
23:14:16.404 [JavaFX Application Thread] DEBUG Input                - Mocking key release: Space
23:14:17.212 [JavaFX Application Thread] DEBUG Input                - Mocking key press: Space
23:14:17.276 [JavaFX Application Thread] DEBUG Input                - Mocking key release: Space
23:14:18.469 [JavaFX Application Thread] DEBUG Input                - Mocking key press: Space
23:14:18.548 [JavaFX Application Thread] DEBUG Input                - Mocking key release: Space
23:14:19.445 [JavaFX Application Thread] DEBUG Input                - Mocking key press: Space
23:14:19.532 [JavaFX Application Thread] DEBUG Input                - Mocking key release: Space
23:14:20.764 [JavaFX Application Thread] DEBUG Input                - Mocking key press: Space
23:14:20.861 [JavaFX Application Thread] DEBUG Input                - Mocking key release: Space
23:14:21.821 [JavaFX Application Thread] DEBUG Input                - Mocking key press: Space
23:14:21.908 [JavaFX Application Thread] DEBUG Input                - Mocking key release: Space
23:14:23.028 [JavaFX Application Thread] DEBUG Input                - Mocking key press: Space
23:14:23.108 [JavaFX Application Thread] DEBUG Input                - Mocking key release: Space
23:14:24.182 [JavaFX Application Thread] DEBUG Input                - Mocking key press: Space
23:14:24.260 [JavaFX Application Thread] DEBUG Input                - Mocking key release: Space
23:14:25.413 [JavaFX Application Thread] DEBUG Input                - Mocking key press: Space
23:14:25.492 [JavaFX Application Thread] DEBUG Input                - Mocking key release: Space
23:14:26.456 [JavaFX Application Thread] DEBUG AudioPlayer          - Pausing music com.almasb.fxgl.audio.Music@5604cb83
23:14:26.501 [JavaFX Application Thread] DEBUG LoopRunner           - Pausing loop
23:14:37.835 [JavaFX Application Thread] DEBUG LoopRunner           - Resuming loop
23:14:37.835 [JavaFX Application Thread] DEBUG AudioPlayer          - Resuming music com.almasb.fxgl.audio.Music@5604cb83
23:14:38.176 [JavaFX Application Thread] DEBUG PrimaryStageWindow   - Push state: DialogSubScene
23:14:38.177 [JavaFX Application Thread] DEBUG Input                - Clearing active input actions
23:14:38.178 [JavaFX Application Thread] DEBUG GameApplicationServi - Removing overlay from GameScene and adding to DialogSubScene
23:14:38.178 [JavaFX Application Thread] DEBUG PrimaryStageWindow   - GameScene -> DialogSubScene
23:14:38.865 [JavaFX Application Thread] DEBUG AudioPlayer          - Pausing music com.almasb.fxgl.audio.Music@5604cb83
23:14:38.865 [JavaFX Application Thread] DEBUG LoopRunner           - Pausing loop
23:14:41.626 [JavaFX Application Thread] DEBUG LoopRunner           - Resuming loop
23:14:41.626 [JavaFX Application Thread] DEBUG AudioPlayer          - Resuming music com.almasb.fxgl.audio.Music@5604cb83
23:14:42.629 [JavaFX Application Thread] DEBUG PrimaryStageWindow   - Pop state: DialogSubScene
23:14:42.629 [JavaFX Application Thread] DEBUG Input                - Clearing active input actions
23:14:42.629 [JavaFX Application Thread] DEBUG GameApplicationServi - Removing overlay from DialogSubScene and adding to GameScene
23:14:42.629 [JavaFX Application Thread] DEBUG PrimaryStageWindow   - GameScene <- DialogSubScene
23:14:42.629 [JavaFX Application Thread] DEBUG GameApplicationServi - Starting new game
23:14:42.629 [JavaFX Application Thread] DEBUG Input                - Clearing active input actions
23:14:42.633 [JavaFX Application Thread] DEBUG GameApplicationServi - Removing overlay from GameScene and adding to FXGLLoadingScene
23:14:42.633 [JavaFX Application Thread] DEBUG PrimaryStageWindow   - GameScene -> FXGLLoadingScene
23:14:42.633 [JavaFX Application Thread] DEBUG GameApplicationServi - Clearing previous game
23:14:42.633 [JavaFX Application Thread] DEBUG GameScene            - Clearing game scene
23:14:42.633 [JavaFX Application Thread] DEBUG GameWorld            - Clearing game world
23:14:42.636 [JavaFX Application Thread] DEBUG PhysicsWorld         - Clearing physics world
23:14:42.637 [FXGL Background Thread 2 ] DEBUG FXGLApplication      - Initializing game
23:14:42.639 [FXGL Background Thread 2 ] INFO  FXGLApplication      - Game initialization took: 0.002 sec
23:14:42.640 [JavaFX Application Thread] DEBUG Input                - Clearing active input actions
23:14:42.644 [JavaFX Application Thread] DEBUG GameApplicationServi - Removing overlay from FXGLLoadingScene and adding to GameScene
23:14:42.644 [JavaFX Application Thread] DEBUG PrimaryStageWindow   - FXGLLoadingScene -> GameScene
23:14:43.422 [JavaFX Application Thread] DEBUG Input                - Mocking key press: Space
23:14:43.494 [JavaFX Application Thread] DEBUG Input                - Mocking key release: Space
23:14:44.078 [JavaFX Application Thread] DEBUG Input                - Mocking key press: Space
23:14:44.141 [JavaFX Application Thread] DEBUG Input                - Mocking key release: Space
23:14:45.054 [JavaFX Application Thread] DEBUG Input                - Mocking key press: Space
23:14:45.173 [JavaFX Application Thread] DEBUG Input                - Mocking key release: Space
23:14:46.078 [JavaFX Application Thread] DEBUG Input                - Mocking key press: Space
23:14:46.182 [JavaFX Application Thread] DEBUG Input                - Mocking key release: Space
23:14:47.182 [JavaFX Application Thread] DEBUG Input                - Mocking key press: Space
23:14:47.301 [JavaFX Application Thread] DEBUG Input                - Mocking key release: Space
23:14:48.253 [JavaFX Application Thread] DEBUG Input                - Mocking key press: Space
23:14:48.325 [JavaFX Application Thread] DEBUG Input                - Mocking key release: Space
23:14:48.877 [JavaFX Application Thread] DEBUG FXGLApplication      - Exiting FXGL
23:14:48.877 [JavaFX Application Thread] DEBUG LoopRunner           - Stopping loop
23:14:48.877 [JavaFX Application Thread] DEBUG SystemBundleService  - Saving FXGL system data
23:14:48.879 [JavaFX Application Thread] DEBUG FileSystemAccess     - Writing to: C:\Users\chunh\IdeaProjects\catprojecttrail1\system\fxgl.bundle
23:14:48.881 [JavaFX Application Thread] DEBUG Async                - Shutting down background threads
23:14:48.881 [JavaFX Application Thread] DEBUG PrimaryStageWindow   - Closing main window
23:14:48.899 [JavaFX Application Thread] DEBUG Logger               - Closing Logger
