23:09:03.465 [main                     ] DEBUG Logger               - Configured Logger
23:09:03.470 [main                     ] DEBUG GameApplication      - Logging settings
Title: Speedy Plane
Version: 1.0
Width: 1980
Height: 1080
Fullscreen: false
Intro: false
Profiling: false
Single step:false
App Mode: DEVELOPER
Menu Key: ESCAPE
Stage Style: DECORATED
Scene Factory: class com.almasb.fxgl.app.scene.SceneFactory

23:09:04.069 [JavaFX Application Thread] DEBUG FXGLApplication      - Initializing FXGL
23:09:04.072 [JavaFX Application Thread] INFO  Engine               - FXGL-11.17 (16.07.2021 15.46) on WINDOWS (J:17.0.1 FX:16)
23:09:04.072 [JavaFX Application Thread] DEBUG Engine               - JRE Vendor Name: Oracle Corporation
23:09:04.072 [JavaFX Application Thread] DEBUG Engine               - Running on OS: Windows 10 version 10.0
23:09:04.073 [JavaFX Application Thread] DEBUG Engine               - Architecture: amd64
23:09:04.073 [JavaFX Application Thread] INFO  Engine               - Source code and latest versions at: https://github.com/AlmasB/FXGL
23:09:04.073 [JavaFX Application Thread] INFO  Engine               -              Join the FXGL chat at: https://gitter.im/AlmasB/FXGL
23:09:04.236 [JavaFX Application Thread] DEBUG PrimaryStageWindow   - Creating a JavaFX scene
23:09:04.236 [JavaFX Application Thread] DEBUG PrimaryStageWindow   - Target size > screen size
23:09:04.290 [JavaFX Application Thread] DEBUG PrimaryStageWindow   - Target settings size: 1980.0 x 1080.0
23:09:04.290 [JavaFX Application Thread] DEBUG PrimaryStageWindow   - Scaled scene size:    1485.0 x 823.0
23:09:04.290 [JavaFX Application Thread] DEBUG PrimaryStageWindow   - Scaled ratio: (0.75, 0.7620370370370371)
23:09:04.292 [JavaFX Application Thread] DEBUG PrimaryStageWindow   - Set initial scene to FXGLStartupScene
23:09:04.300 [JavaFX Application Thread] DEBUG PrimaryStageWindow   - Opening main window
23:09:04.395 [JavaFX Application Thread] DEBUG PrimaryStageWindow   - Window border size: (15.0, 37.79998779296875)
23:09:04.395 [JavaFX Application Thread] DEBUG PrimaryStageWindow   - Scaled size: 1485.0 x 823.0
23:09:04.396 [JavaFX Application Thread] DEBUG PrimaryStageWindow   - Scaled ratio: (0.75, 0.7620370370370371)
23:09:04.396 [JavaFX Application Thread] DEBUG PrimaryStageWindow   - Scene size: 1485.0 x 823.0
23:09:04.396 [JavaFX Application Thread] DEBUG PrimaryStageWindow   - Stage size: 1500.0 x 860.7999877929688
23:09:04.406 [FXGL Background Thread 1 ] DEBUG Engine               - Initializing environment variables
23:09:04.471 [FXGL Background Thread 1 ] DEBUG FXGLAssetLoaderServi - User app class for loading assets: class com.almasb.fxglgames.flappy.FlappyBirdApp
23:09:04.471 [FXGL Background Thread 1 ] DEBUG GameApplicationServi - Applying CSS: fxgl_dark.css
23:09:04.472 [FXGL Background Thread 1 ] DEBUG FXGLAssetLoaderServi - Loading from file system: jar:file:/C:/Users/chunh/.m2/repository/com/github/almasb/fxgl/11.17/fxgl-11.17.jar!/fxglassets/ui/css/fxgl_dark.css
23:09:04.523 [FXGL Background Thread 1 ] DEBUG GameApplicationServi - Initializing application scenes
23:09:04.589 [FXGL Background Thread 1 ] DEBUG GameWorld            - Game world initialized
23:09:04.662 [FXGL Background Thread 1 ] DEBUG PhysicsWorld         - Physics world initialized: appHeight=1080, physics.ppm=50.0
23:09:04.662 [FXGL Background Thread 1 ] DEBUG PhysicsWorld         - Using strategy: BRUTE_FORCE
23:09:04.664 [FXGL Background Thread 1 ] DEBUG GameScene            - Game scene initialized: 1980x1080
23:09:04.684 [FXGL Background Thread 1 ] DEBUG FXGL.DefaultMenu     - createMenuBodyMainMenu()
23:09:04.715 [FXGL Background Thread 1 ] DEBUG FXGL.DefaultMenu     - createOptionsMenu()
23:09:04.729 [FXGL Background Thread 1 ] DEBUG FXGLAssetLoaderServi - Loading from file system: jar:file:/C:/Users/chunh/.m2/repository/com/github/almasb/fxgl/11.17/fxgl-11.17.jar!/fxglassets/textures/particles/smoke.png
23:09:04.844 [FXGL Background Thread 1 ] DEBUG FXGLAssetLoaderServi - Loading from file system: jar:file:/C:/Users/chunh/.m2/repository/com/github/almasb/fxgl/11.17/fxgl-11.17.jar!/fxglassets/textures/particles/trace_horizontal.png
23:09:04.879 [FXGL Background Thread 1 ] DEBUG FXGL.DefaultMenu     - createMenuBodyGameMenu()
23:09:04.881 [FXGL Background Thread 1 ] DEBUG FXGL.DefaultMenu     - createOptionsMenu()
23:09:04.894 [FXGL Background Thread 1 ] DEBUG GameApplicationServi - Application scenes initialized
23:09:04.911 [FXGL Background Thread 1 ] DEBUG SystemBundleService  - Loading FXGL system data
23:09:04.916 [FXGL Background Thread 1 ] DEBUG FileSystemAccess     - Reading from: C:\Users\chunh\IdeaProjects\catprojecttrail1\system\fxgl.bundle
23:09:04.924 [FXGL Background Thread 1 ] DEBUG SystemBundleService  - Bundle FXGL: {}
23:09:04.924 [FXGL Background Thread 1 ] DEBUG UpdaterService       - Checking for updates
23:09:04.928 [FXGL Background Thread 4 ] DEBUG FXGLApplication      - Loading fonts
23:09:04.929 [FXGL Background Thread 4 ] DEBUG FXGLAssetLoaderServi - Loading from file system: jar:file:/C:/Users/chunh/.m2/repository/com/github/almasb/fxgl/11.17/fxgl-11.17.jar!/fxglassets/ui/fonts/VarelaRound-Regular.ttf
23:09:04.929 [FXGL Background Thread 1 ] DEBUG FXGLApplication      - Loading default localization
23:09:04.930 [FXGL Background Thread 1 ] DEBUG FXGLAssetLoaderServi - Loading from file system: jar:file:/C:/Users/chunh/.m2/repository/com/github/almasb/fxgl/11.17/fxgl-11.17.jar!/fxglassets/languages/english.lang
23:09:04.955 [FXGL Background Thread 1 ] INFO  FXGLApplication      - FXGL initialization took: 0.549 sec
23:09:04.963 [JavaFX Application Thread] DEBUG Input                - Registered new binding: Jump - Space
23:09:04.965 [JavaFX Application Thread] DEBUG FXGLAssetLoaderServi - Loading from file system: file:/C:/Users/chunh/IdeaProjects/catprojecttrail1/target/classes/assets/music/bgm.mp3
23:09:05.006 [FXGL Background Thread 4 ] DEBUG FXGLAssetLoaderServi - Loading from file system: jar:file:/C:/Users/chunh/.m2/repository/com/github/almasb/fxgl/11.17/fxgl-11.17.jar!/fxglassets/ui/fonts/Abel-Regular.ttf
23:09:05.011 [FXGL Background Thread 4 ] DEBUG FXGLAssetLoaderServi - Loading from file system: jar:file:/C:/Users/chunh/.m2/repository/com/github/almasb/fxgl/11.17/fxgl-11.17.jar!/fxglassets/ui/fonts/lucida_console.ttf
23:09:05.019 [FXGL Background Thread 4 ] DEBUG FXGLAssetLoaderServi - Loading from file system: jar:file:/C:/Users/chunh/.m2/repository/com/github/almasb/fxgl/11.17/fxgl-11.17.jar!/fxglassets/ui/fonts/Courier-Prime.ttf
23:09:05.127 [JavaFX Application Thread] DEBUG AudioPlayer          - Playing music com.almasb.fxgl.audio.Music@995c121
23:09:05.127 [JavaFX Application Thread] DEBUG FXGLAssetLoaderServi - Loading from file system: jar:file:/C:/Users/chunh/.m2/repository/com/github/almasb/fxgl/11.17/fxgl-11.17.jar!/fxglassets/textures/fxgl_icon.png
23:09:05.144 [JavaFX Application Thread] DEBUG FXGLAssetLoaderServi - Loading from file system: jar:file:/C:/Users/chunh/.m2/repository/com/github/almasb/fxgl/11.17/fxgl-11.17.jar!/fxglassets/textures/fxgl_default_cursor.png
23:09:05.147 [JavaFX Application Thread] DEBUG Input                - Registered new binding: Screenshot - CTRL+8
23:09:05.148 [JavaFX Application Thread] DEBUG Input                - Registered new binding: System info dump - CTRL+9
23:09:05.149 [JavaFX Application Thread] DEBUG Input                - Registered new binding: Restart - CTRL+R
23:09:05.150 [JavaFX Application Thread] DEBUG Input                - Registered new binding: Toggle Debug Camera - CTRL+C
23:09:05.153 [JavaFX Application Thread] DEBUG LoopRunner           - Starting loop
23:09:05.153 [JavaFX Application Thread] DEBUG LoopRunner           - Initializing JavaFX AnimationTimerLoop
23:09:05.157 [JavaFX Application Thread] DEBUG Input                - Clearing active input actions
23:09:05.165 [JavaFX Application Thread] DEBUG GameApplicationServi - Removing overlay from FXGLStartupScene and adding to FXGLMainMenuDummyScene
23:09:05.167 [JavaFX Application Thread] DEBUG PrimaryStageWindow   - FXGLStartupScene -> FXGLMainMenuDummyScene
23:09:05.168 [JavaFX Application Thread] DEBUG PrimaryStageWindow   - Push state: FXGLDefaultMenu
23:09:05.175 [JavaFX Application Thread] DEBUG Input                - Clearing active input actions
23:09:05.194 [JavaFX Application Thread] DEBUG GameApplicationServi - Removing overlay from FXGLMainMenuDummyScene and adding to FXGLDefaultMenu
23:09:05.195 [JavaFX Application Thread] DEBUG PrimaryStageWindow   - FXGLMainMenuDummyScene -> FXGLDefaultMenu
23:09:05.207 [JavaFX Application Thread] DEBUG FXGLApplication      - Registering font factories with UI factory
23:09:05.827 [FXGL Background Thread 2 ] INFO  UpdaterService       - Your current version:  11.17
23:09:05.827 [FXGL Background Thread 2 ] INFO  UpdaterService       - Latest stable version: 17
23:09:05.984 [JavaFX Application Thread] DEBUG Menu                 - fireNewGame()
23:09:05.984 [JavaFX Application Thread] DEBUG GameApplicationServi - Starting new game
23:09:05.989 [JavaFX Application Thread] DEBUG PrimaryStageWindow   - Pop state: FXGLDefaultMenu
23:09:05.989 [JavaFX Application Thread] DEBUG Input                - Clearing active input actions
23:09:05.991 [JavaFX Application Thread] DEBUG GameApplicationServi - Removing overlay from FXGLDefaultMenu and adding to FXGLMainMenuDummyScene
23:09:05.992 [JavaFX Application Thread] DEBUG PrimaryStageWindow   - FXGLMainMenuDummyScene <- FXGLDefaultMenu
23:09:05.992 [JavaFX Application Thread] DEBUG Input                - Clearing active input actions
23:09:05.999 [JavaFX Application Thread] DEBUG GameApplicationServi - Removing overlay from FXGLMainMenuDummyScene and adding to FXGLLoadingScene
23:09:05.999 [JavaFX Application Thread] DEBUG PrimaryStageWindow   - FXGLMainMenuDummyScene -> FXGLLoadingScene
23:09:05.999 [JavaFX Application Thread] DEBUG GameApplicationServi - Clearing previous game
23:09:05.999 [JavaFX Application Thread] DEBUG GameScene            - Clearing game scene
23:09:05.999 [JavaFX Application Thread] DEBUG GameWorld            - Clearing game world
23:09:06.000 [JavaFX Application Thread] DEBUG PhysicsWorld         - Clearing physics world
23:09:06.002 [FXGL Background Thread 2 ] DEBUG FXGLApplication      - Initializing game
23:09:06.019 [FXGL Background Thread 2 ] DEBUG FXGLAssetLoaderServi - Loading from file system: file:/C:/Users/chunh/IdeaProjects/catprojecttrail1/target/classes/assets/textures/plane.png
23:09:06.067 [FXGL Background Thread 2 ] INFO  FXGLApplication      - Game initialization took: 0.065 sec
23:09:06.070 [JavaFX Application Thread] DEBUG Input                - Clearing active input actions
23:09:06.075 [JavaFX Application Thread] DEBUG GameApplicationServi - Removing overlay from FXGLLoadingScene and adding to GameScene
23:09:06.076 [JavaFX Application Thread] DEBUG PrimaryStageWindow   - FXGLLoadingScene -> GameScene
23:09:06.079 [JavaFX Application Thread] DEBUG FXGLAssetLoaderServi - Loading from file system: file:/C:/Users/chunh/IdeaProjects/catprojecttrail1/target/classes/assets/textures/cloud.png
23:09:06.086 [JavaFX Application Thread] DEBUG FXGLAssetLoaderServi - Loading from file system: file:/C:/Users/chunh/IdeaProjects/catprojecttrail1/target/classes/assets/textures/blue_mountain.png
23:09:06.121 [JavaFX Application Thread] DEBUG FXGLAssetLoaderServi - Loading from file system: file:/C:/Users/chunh/IdeaProjects/catprojecttrail1/target/classes/assets/textures/bird.png
23:09:06.578 [JavaFX Application Thread] DEBUG Input                - Mocking key press: Space
23:09:06.665 [JavaFX Application Thread] DEBUG Input                - Mocking key release: Space
23:09:07.186 [JavaFX Application Thread] DEBUG Input                - Mocking key press: Space
23:09:07.280 [JavaFX Application Thread] DEBUG Input                - Mocking key release: Space
23:09:07.927 [FXGL Background Thread 3 ] DEBUG Engine               - Logging environment variables
23:09:07.927 [FXGL Background Thread 3 ] DEBUG Engine               - achievements: []
23:09:07.927 [FXGL Background Thread 3 ] DEBUG Engine               - actualHeight: 823.0
23:09:07.928 [FXGL Background Thread 3 ] DEBUG Engine               - actualHeightProperty: ReadOnlyDoubleProperty [value: 823.0]
23:09:07.928 [FXGL Background Thread 3 ] DEBUG Engine               - actualWidth: 1485.0
23:09:07.928 [FXGL Background Thread 3 ] DEBUG Engine               - actualWidthProperty: ReadOnlyDoubleProperty [value: 1485.0]
23:09:07.928 [FXGL Background Thread 3 ] DEBUG Engine               - appIcon: fxgl_icon.png
23:09:07.928 [FXGL Background Thread 3 ] DEBUG Engine               - applicationMode: DEVELOPER
23:09:07.928 [FXGL Background Thread 3 ] DEBUG Engine               - cSSList: [fxgl_dark.css]
23:09:07.928 [FXGL Background Thread 3 ] DEBUG Engine               - collisionDetectionStrategy: BRUTE_FORCE
23:09:07.928 [FXGL Background Thread 3 ] DEBUG Engine               - configClass: Optional.empty
23:09:07.928 [FXGL Background Thread 3 ] DEBUG Engine               - credits: []
23:09:07.928 [FXGL Background Thread 3 ] DEBUG Engine               - defaultCursor: CursorInfo(imageName=fxgl_default_cursor.png, hotspotX=7.0, hotspotY=6.0)
23:09:07.929 [FXGL Background Thread 3 ] DEBUG Engine               - devBBoxColorProperty: ObjectProperty [value: 0xff0000ff]
23:09:07.929 [FXGL Background Thread 3 ] DEBUG Engine               - devEnableDebugCameraProperty: BooleanProperty [value: false]
23:09:07.929 [FXGL Background Thread 3 ] DEBUG Engine               - devSensorColorProperty: ObjectProperty [value: 0xffff00ff]
23:09:07.929 [FXGL Background Thread 3 ] DEBUG Engine               - devShowBBoxProperty: BooleanProperty [value: false]
23:09:07.929 [FXGL Background Thread 3 ] DEBUG Engine               - devShowPositionProperty: BooleanProperty [value: false]
23:09:07.929 [FXGL Background Thread 3 ] DEBUG Engine               - enabledMenuItems: []
23:09:07.929 [FXGL Background Thread 3 ] DEBUG Engine               - engineServices: [class com.almasb.fxgl.app.services.FXGLAssetLoaderService, class com.almasb.fxgl.app.FXGLApplication$GameApplicationService, class com.almasb.fxgl.app.services.FXGLDialogService, class com.almasb.fxgl.app.services.IOTaskExecutorService, class com.almasb.fxgl.io.FileSystemService, class com.almasb.fxgl.localization.LocalizationService, class com.almasb.fxgl.app.services.SystemBundleService, class com.almasb.fxgl.profile.SaveLoadService, class com.almasb.fxgl.ui.FXGLUIFactoryServiceProvider, class com.almasb.fxgl.ui.FXGLDialogFactoryServiceProvider, class com.almasb.fxgl.audio.AudioPlayer, class com.almasb.fxgl.notification.impl.NotificationServiceProvider, class com.almasb.fxgl.achievement.AchievementService, class com.almasb.fxgl.cutscene.CutsceneService, class com.almasb.fxgl.minigames.MiniGameService, class com.almasb.fxgl.net.NetService, class com.almasb.fxgl.app.services.UpdaterService, class com.almasb.fxgl.dev.DevService]
23:09:07.930 [FXGL Background Thread 3 ] DEBUG Engine               - fontGame: Abel-Regular.ttf
23:09:07.930 [FXGL Background Thread 3 ] DEBUG Engine               - fontMono: lucida_console.ttf
23:09:07.930 [FXGL Background Thread 3 ] DEBUG Engine               - fontText: Courier-Prime.ttf
23:09:07.930 [FXGL Background Thread 3 ] DEBUG Engine               - fontUI: VarelaRound-Regular.ttf
23:09:07.930 [FXGL Background Thread 3 ] DEBUG Engine               - fullScreen: BooleanProperty [value: false]
23:09:07.930 [FXGL Background Thread 3 ] DEBUG Engine               - gameDifficulty: MEDIUM
23:09:07.930 [FXGL Background Thread 3 ] DEBUG Engine               - gameDifficultyProperty: ObjectProperty [value: MEDIUM]
23:09:07.930 [FXGL Background Thread 3 ] DEBUG Engine               - globalMusicVolume: 0.5
23:09:07.930 [FXGL Background Thread 3 ] DEBUG Engine               - globalMusicVolumeProperty: DoubleProperty [value: 0.5]
23:09:07.930 [FXGL Background Thread 3 ] DEBUG Engine               - globalSoundVolume: 0.5
23:09:07.930 [FXGL Background Thread 3 ] DEBUG Engine               - globalSoundVolumeProperty: DoubleProperty [value: 0.5]
23:09:07.930 [FXGL Background Thread 3 ] DEBUG Engine               - height: 1080
23:09:07.930 [FXGL Background Thread 3 ] DEBUG Engine               - is3D: false
23:09:07.931 [FXGL Background Thread 3 ] DEBUG Engine               - isAndroid: false
23:09:07.931 [FXGL Background Thread 3 ] DEBUG Engine               - isBrowser: false
23:09:07.931 [FXGL Background Thread 3 ] DEBUG Engine               - isClickFeedbackEnabled: false
23:09:07.931 [FXGL Background Thread 3 ] DEBUG Engine               - isCloseConfirmation: false
23:09:07.931 [FXGL Background Thread 3 ] DEBUG Engine               - isDesktop: true
23:09:07.931 [FXGL Background Thread 3 ] DEBUG Engine               - isDeveloperMenuEnabled: false
23:09:07.931 [FXGL Background Thread 3 ] DEBUG Engine               - isEntityPreloadEnabled: true
23:09:07.931 [FXGL Background Thread 3 ] DEBUG Engine               - isExperimentalTiledLargeMap: false
23:09:07.931 [FXGL Background Thread 3 ] DEBUG Engine               - isFileSystemWriteAllowed: true
23:09:07.931 [FXGL Background Thread 3 ] DEBUG Engine               - isFullScreenAllowed: false
23:09:07.931 [FXGL Background Thread 3 ] DEBUG Engine               - isFullScreenFromStart: false
23:09:07.931 [FXGL Background Thread 3 ] DEBUG Engine               - isGameMenuEnabled: true
23:09:07.931 [FXGL Background Thread 3 ] DEBUG Engine               - isIOS: false
23:09:07.931 [FXGL Background Thread 3 ] DEBUG Engine               - isIntroEnabled: false
23:09:07.931 [FXGL Background Thread 3 ] DEBUG Engine               - isLinux: false
23:09:07.931 [FXGL Background Thread 3 ] DEBUG Engine               - isMac: false
23:09:07.931 [FXGL Background Thread 3 ] DEBUG Engine               - isMainMenuEnabled: true
23:09:07.932 [FXGL Background Thread 3 ] DEBUG Engine               - isManualResizeEnabled: false
23:09:07.932 [FXGL Background Thread 3 ] DEBUG Engine               - isMobile: false
23:09:07.932 [FXGL Background Thread 3 ] DEBUG Engine               - isNative: false
23:09:07.932 [FXGL Background Thread 3 ] DEBUG Engine               - isPauseMusicWhenMinimized: true
23:09:07.932 [FXGL Background Thread 3 ] DEBUG Engine               - isPreserveResizeRatio: false
23:09:07.932 [FXGL Background Thread 3 ] DEBUG Engine               - isProfilingEnabled: false
23:09:07.932 [FXGL Background Thread 3 ] DEBUG Engine               - isScaleAffectedOnResize: true
23:09:07.932 [FXGL Background Thread 3 ] DEBUG Engine               - isSingleStep: false
23:09:07.932 [FXGL Background Thread 3 ] DEBUG Engine               - isUserProfileEnabled: false
23:09:07.932 [FXGL Background Thread 3 ] DEBUG Engine               - isWindows: true
23:09:07.932 [FXGL Background Thread 3 ] DEBUG Engine               - language: ObjectProperty [value: ENGLISH]
23:09:07.932 [FXGL Background Thread 3 ] DEBUG Engine               - menuKey: ESCAPE
23:09:07.932 [FXGL Background Thread 3 ] DEBUG Engine               - mouseSensitivity: 0.2
23:09:07.932 [FXGL Background Thread 3 ] DEBUG Engine               - notificationViewClass: class com.almasb.fxgl.notification.view.XboxNotificationView
23:09:07.932 [FXGL Background Thread 3 ] DEBUG Engine               - pixelsPerMeter: 50.0
23:09:07.932 [FXGL Background Thread 3 ] DEBUG Engine               - platform: WINDOWS
23:09:07.932 [FXGL Background Thread 3 ] DEBUG Engine               - prefHeightProperty: ReadOnlyDoubleProperty [value: 1080.0]
23:09:07.933 [FXGL Background Thread 3 ] DEBUG Engine               - prefWidthProperty: ReadOnlyDoubleProperty [value: 1980.0]
23:09:07.933 [FXGL Background Thread 3 ] DEBUG Engine               - profileDir: profiles/
23:09:07.933 [FXGL Background Thread 3 ] DEBUG Engine               - profileName: StringProperty [value: DEFAULT]
23:09:07.933 [FXGL Background Thread 3 ] DEBUG Engine               - randomSeed: -1
23:09:07.933 [FXGL Background Thread 3 ] DEBUG Engine               - runtimeInfo: RuntimeInfo(platform=WINDOWS, version=11.17, build=16.07.2021 15.46)
23:09:07.933 [FXGL Background Thread 3 ] DEBUG Engine               - saveFileExt: sav
23:09:07.933 [FXGL Background Thread 3 ] DEBUG Engine               - scaledHeightProp$fxgl: DoubleProperty [bound, value: 823.0]
23:09:07.933 [FXGL Background Thread 3 ] DEBUG Engine               - scaledWidthProp$fxgl: DoubleProperty [bound, value: 1485.0]
23:09:07.933 [FXGL Background Thread 3 ] DEBUG Engine               - sceneFactory: com.almasb.fxgl.app.scene.SceneFactory@2cc07c6a
23:09:07.933 [FXGL Background Thread 3 ] DEBUG Engine               - secondsIn24h: 60
23:09:07.933 [FXGL Background Thread 3 ] DEBUG Engine               - soundMenuBack: menu/back.wav
23:09:07.933 [FXGL Background Thread 3 ] DEBUG Engine               - soundMenuPress: menu/press.wav
23:09:07.933 [FXGL Background Thread 3 ] DEBUG Engine               - soundMenuSelect: menu/select.wav
23:09:07.933 [FXGL Background Thread 3 ] DEBUG Engine               - soundNotification: core/notification.wav
23:09:07.933 [FXGL Background Thread 3 ] DEBUG Engine               - stageStyle: DECORATED
23:09:07.933 [FXGL Background Thread 3 ] DEBUG Engine               - supportedLanguages: [ENGLISH, FRENCH, GERMAN, HUNGARIAN, RUSSIAN]
23:09:07.933 [FXGL Background Thread 3 ] DEBUG Engine               - ticksPerSecond: -1
23:09:07.933 [FXGL Background Thread 3 ] DEBUG Engine               - title: Speedy Plane
23:09:07.934 [FXGL Background Thread 3 ] DEBUG Engine               - urlGithub: https://github.com/AlmasB/FXGL
23:09:07.934 [FXGL Background Thread 3 ] DEBUG Engine               - urlLeaderboard: http://fxgl-top.herokuapp.com/
23:09:07.934 [FXGL Background Thread 3 ] DEBUG Engine               - urlPOM: https://raw.githubusercontent.com/AlmasB/FXGL/release/README.md
23:09:07.934 [FXGL Background Thread 3 ] DEBUG Engine               - userAppClass: class com.almasb.fxglgames.flappy.FlappyBirdApp
23:09:07.934 [FXGL Background Thread 3 ] DEBUG Engine               - version: 1.0
23:09:07.934 [FXGL Background Thread 3 ] DEBUG Engine               - versionCheckDays: 7
23:09:07.934 [FXGL Background Thread 3 ] DEBUG Engine               - width: 1980
23:09:07.934 [FXGL Background Thread 3 ] DEBUG Engine               - Logging services
23:09:07.934 [FXGL Background Thread 3 ] DEBUG Engine               - class com.almasb.fxgl.app.services.FXGLAssetLoaderService
23:09:07.934 [FXGL Background Thread 3 ] DEBUG Engine               - class com.almasb.fxgl.app.FXGLApplication$GameApplicationService
23:09:07.934 [FXGL Background Thread 3 ] DEBUG Engine               - class com.almasb.fxgl.app.services.FXGLDialogService
23:09:07.934 [FXGL Background Thread 3 ] DEBUG Engine               - class com.almasb.fxgl.app.services.IOTaskExecutorService
23:09:07.934 [FXGL Background Thread 3 ] DEBUG Engine               - class com.almasb.fxgl.io.FileSystemService
23:09:07.934 [FXGL Background Thread 3 ] DEBUG Engine               - class com.almasb.fxgl.localization.LocalizationService
23:09:07.934 [FXGL Background Thread 3 ] DEBUG Engine               - class com.almasb.fxgl.app.services.SystemBundleService
23:09:07.934 [FXGL Background Thread 3 ] DEBUG Engine               - class com.almasb.fxgl.profile.SaveLoadService
23:09:07.935 [FXGL Background Thread 3 ] DEBUG Engine               - class com.almasb.fxgl.ui.FXGLUIFactoryServiceProvider
23:09:07.935 [FXGL Background Thread 3 ] DEBUG Engine               - class com.almasb.fxgl.ui.FXGLDialogFactoryServiceProvider
23:09:07.935 [FXGL Background Thread 3 ] DEBUG Engine               - class com.almasb.fxgl.audio.AudioPlayer
23:09:07.935 [FXGL Background Thread 3 ] DEBUG Engine               - class com.almasb.fxgl.notification.impl.NotificationServiceProvider
23:09:07.935 [FXGL Background Thread 3 ] DEBUG Engine               - class com.almasb.fxgl.achievement.AchievementService
23:09:07.935 [FXGL Background Thread 3 ] DEBUG Engine               - class com.almasb.fxgl.cutscene.CutsceneService
23:09:07.935 [FXGL Background Thread 3 ] DEBUG Engine               - class com.almasb.fxgl.minigames.MiniGameService
23:09:07.935 [FXGL Background Thread 3 ] DEBUG Engine               - class com.almasb.fxgl.net.NetService
23:09:07.935 [FXGL Background Thread 3 ] DEBUG Engine               - class com.almasb.fxgl.app.services.UpdaterService
23:09:07.935 [FXGL Background Thread 3 ] DEBUG Engine               - class com.almasb.fxgl.dev.DevService
23:09:07.985 [JavaFX Application Thread] DEBUG Input                - Mocking key press: Space
23:09:08.078 [JavaFX Application Thread] DEBUG Input                - Mocking key release: Space
23:09:08.481 [JavaFX Application Thread] DEBUG Input                - Mocking key press: Space
23:09:08.488 [JavaFX Application Thread] DEBUG PrimaryStageWindow   - Push state: DialogSubScene
23:09:08.488 [JavaFX Application Thread] DEBUG Input                - Clearing active input actions
23:09:08.488 [JavaFX Application Thread] DEBUG GameApplicationServi - Removing overlay from GameScene and adding to DialogSubScene
23:09:08.489 [JavaFX Application Thread] DEBUG PrimaryStageWindow   - GameScene -> DialogSubScene
23:09:08.585 [JavaFX Application Thread] DEBUG Input                - Mocking key release: Space
23:09:10.126 [JavaFX Application Thread] DEBUG AudioPlayer          - Pausing music com.almasb.fxgl.audio.Music@995c121
23:09:10.126 [JavaFX Application Thread] DEBUG LoopRunner           - Pausing loop
23:09:13.219 [JavaFX Application Thread] DEBUG LoopRunner           - Resuming loop
23:09:13.219 [JavaFX Application Thread] DEBUG AudioPlayer          - Resuming music com.almasb.fxgl.audio.Music@995c121
23:09:14.553 [JavaFX Application Thread] DEBUG PrimaryStageWindow   - Pop state: DialogSubScene
23:09:14.553 [JavaFX Application Thread] DEBUG Input                - Clearing active input actions
23:09:14.554 [JavaFX Application Thread] DEBUG GameApplicationServi - Removing overlay from DialogSubScene and adding to GameScene
23:09:14.554 [JavaFX Application Thread] DEBUG PrimaryStageWindow   - GameScene <- DialogSubScene
23:09:14.554 [JavaFX Application Thread] DEBUG Input                - Clearing active input actions
23:09:14.557 [JavaFX Application Thread] DEBUG GameApplicationServi - Removing overlay from GameScene and adding to FXGLMainMenuDummyScene
23:09:14.557 [JavaFX Application Thread] DEBUG PrimaryStageWindow   - GameScene -> FXGLMainMenuDummyScene
23:09:14.557 [JavaFX Application Thread] DEBUG PrimaryStageWindow   - Push state: FXGLDefaultMenu
23:09:14.557 [JavaFX Application Thread] DEBUG Input                - Clearing active input actions
23:09:14.558 [JavaFX Application Thread] DEBUG GameApplicationServi - Removing overlay from FXGLMainMenuDummyScene and adding to FXGLDefaultMenu
23:09:14.559 [JavaFX Application Thread] DEBUG PrimaryStageWindow   - FXGLMainMenuDummyScene -> FXGLDefaultMenu
23:09:16.201 [JavaFX Application Thread] DEBUG FXGLApplication      - Exiting FXGL
23:09:16.201 [JavaFX Application Thread] DEBUG LoopRunner           - Stopping loop
23:09:16.202 [JavaFX Application Thread] DEBUG SystemBundleService  - Saving FXGL system data
23:09:16.206 [JavaFX Application Thread] DEBUG FileSystemAccess     - Writing to: C:\Users\chunh\IdeaProjects\catprojecttrail1\system\fxgl.bundle
23:09:16.208 [JavaFX Application Thread] DEBUG Async                - Shutting down background threads
23:09:16.208 [JavaFX Application Thread] DEBUG PrimaryStageWindow   - Closing main window
23:09:16.225 [JavaFX Application Thread] DEBUG Logger               - Closing Logger
