23:14:55.448 [main                     ] DEBUG Logger               - Configured Logger
23:14:55.452 [main                     ] DEBUG GameApplication      - Logging settings
Title: Speedy Plane
Version: 1.0
Width: 1980
Height: 1080
Fullscreen: false
Intro: false
Profiling: false
Single step:false
App Mode: DEVELOPER
Menu Key: ESCAPE
Stage Style: DECORATED
Scene Factory: class com.almasb.fxgl.app.scene.SceneFactory

23:14:55.962 [JavaFX Application Thread] DEBUG FXGLApplication      - Initializing FXGL
23:14:55.966 [JavaFX Application Thread] INFO  Engine               - FXGL-11.17 (16.07.2021 15.46) on WINDOWS (J:17.0.1 FX:16)
23:14:55.966 [JavaFX Application Thread] DEBUG Engine               - JRE Vendor Name: Oracle Corporation
23:14:55.966 [JavaFX Application Thread] DEBUG Engine               - Running on OS: Windows 10 version 10.0
23:14:55.967 [JavaFX Application Thread] DEBUG Engine               - Architecture: amd64
23:14:55.967 [JavaFX Application Thread] INFO  Engine               - Source code and latest versions at: https://github.com/AlmasB/FXGL
23:14:55.967 [JavaFX Application Thread] INFO  Engine               -              Join the FXGL chat at: https://gitter.im/AlmasB/FXGL
23:14:56.094 [JavaFX Application Thread] DEBUG PrimaryStageWindow   - Creating a JavaFX scene
23:14:56.095 [JavaFX Application Thread] DEBUG PrimaryStageWindow   - Target size > screen size
23:14:56.150 [JavaFX Application Thread] DEBUG PrimaryStageWindow   - Target settings size: 1980.0 x 1080.0
23:14:56.151 [JavaFX Application Thread] DEBUG PrimaryStageWindow   - Scaled scene size:    1485.0 x 823.0
23:14:56.151 [JavaFX Application Thread] DEBUG PrimaryStageWindow   - Scaled ratio: (0.75, 0.7620370370370371)
23:14:56.152 [JavaFX Application Thread] DEBUG PrimaryStageWindow   - Set initial scene to FXGLStartupScene
23:14:56.161 [JavaFX Application Thread] DEBUG PrimaryStageWindow   - Opening main window
23:14:56.260 [JavaFX Application Thread] DEBUG PrimaryStageWindow   - Window border size: (15.0, 37.79998779296875)
23:14:56.260 [JavaFX Application Thread] DEBUG PrimaryStageWindow   - Scaled size: 1485.0 x 823.0
23:14:56.261 [JavaFX Application Thread] DEBUG PrimaryStageWindow   - Scaled ratio: (0.75, 0.7620370370370371)
23:14:56.261 [JavaFX Application Thread] DEBUG PrimaryStageWindow   - Scene size: 1485.0 x 823.0
23:14:56.261 [JavaFX Application Thread] DEBUG PrimaryStageWindow   - Stage size: 1500.0 x 860.7999877929688
23:14:56.270 [FXGL Background Thread 1 ] DEBUG Engine               - Initializing environment variables
23:14:56.338 [FXGL Background Thread 1 ] DEBUG FXGLAssetLoaderServi - User app class for loading assets: class com.almasb.fxglgames.flappy.FlappyBirdApp
23:14:56.338 [FXGL Background Thread 1 ] DEBUG GameApplicationServi - Applying CSS: fxgl_dark.css
23:14:56.338 [FXGL Background Thread 1 ] DEBUG FXGLAssetLoaderServi - Loading from file system: jar:file:/C:/Users/chunh/.m2/repository/com/github/almasb/fxgl/11.17/fxgl-11.17.jar!/fxglassets/ui/css/fxgl_dark.css
23:14:56.384 [FXGL Background Thread 1 ] DEBUG GameApplicationServi - Initializing application scenes
23:14:56.447 [FXGL Background Thread 1 ] DEBUG GameWorld            - Game world initialized
23:14:56.522 [FXGL Background Thread 1 ] DEBUG PhysicsWorld         - Physics world initialized: appHeight=1080, physics.ppm=50.0
23:14:56.523 [FXGL Background Thread 1 ] DEBUG PhysicsWorld         - Using strategy: BRUTE_FORCE
23:14:56.527 [FXGL Background Thread 1 ] DEBUG GameScene            - Game scene initialized: 1980x1080
23:14:56.547 [FXGL Background Thread 1 ] DEBUG FXGL.DefaultMenu     - createMenuBodyMainMenu()
23:14:56.569 [FXGL Background Thread 1 ] DEBUG FXGL.DefaultMenu     - createOptionsMenu()
23:14:56.581 [FXGL Background Thread 1 ] DEBUG FXGLAssetLoaderServi - Loading from file system: jar:file:/C:/Users/chunh/.m2/repository/com/github/almasb/fxgl/11.17/fxgl-11.17.jar!/fxglassets/textures/particles/smoke.png
23:14:56.689 [FXGL Background Thread 1 ] DEBUG FXGLAssetLoaderServi - Loading from file system: jar:file:/C:/Users/chunh/.m2/repository/com/github/almasb/fxgl/11.17/fxgl-11.17.jar!/fxglassets/textures/particles/trace_horizontal.png
23:14:56.718 [FXGL Background Thread 1 ] DEBUG FXGL.DefaultMenu     - createMenuBodyGameMenu()
23:14:56.720 [FXGL Background Thread 1 ] DEBUG FXGL.DefaultMenu     - createOptionsMenu()
23:14:56.735 [FXGL Background Thread 1 ] DEBUG GameApplicationServi - Application scenes initialized
23:14:56.746 [FXGL Background Thread 1 ] DEBUG SystemBundleService  - Loading FXGL system data
23:14:56.750 [FXGL Background Thread 1 ] DEBUG FileSystemAccess     - Reading from: C:\Users\chunh\IdeaProjects\catprojecttrail1\system\fxgl.bundle
23:14:56.756 [FXGL Background Thread 1 ] DEBUG SystemBundleService  - Bundle FXGL: {}
23:14:56.756 [FXGL Background Thread 1 ] DEBUG UpdaterService       - Checking for updates
23:14:56.761 [FXGL Background Thread 4 ] DEBUG FXGLApplication      - Loading fonts
23:14:56.762 [FXGL Background Thread 4 ] DEBUG FXGLAssetLoaderServi - Loading from file system: jar:file:/C:/Users/chunh/.m2/repository/com/github/almasb/fxgl/11.17/fxgl-11.17.jar!/fxglassets/ui/fonts/VarelaRound-Regular.ttf
23:14:56.762 [FXGL Background Thread 1 ] DEBUG FXGLApplication      - Loading default localization
23:14:56.763 [FXGL Background Thread 1 ] DEBUG FXGLAssetLoaderServi - Loading from file system: jar:file:/C:/Users/chunh/.m2/repository/com/github/almasb/fxgl/11.17/fxgl-11.17.jar!/fxglassets/languages/english.lang
23:14:56.786 [FXGL Background Thread 1 ] INFO  FXGLApplication      - FXGL initialization took: 0.515 sec
23:14:56.799 [JavaFX Application Thread] DEBUG Input                - Registered new binding: Jump - Space
23:14:56.800 [JavaFX Application Thread] DEBUG FXGLAssetLoaderServi - Loading from file system: file:/C:/Users/chunh/IdeaProjects/catprojecttrail1/target/classes/assets/music/bgm.mp3
23:14:56.840 [FXGL Background Thread 4 ] DEBUG FXGLAssetLoaderServi - Loading from file system: jar:file:/C:/Users/chunh/.m2/repository/com/github/almasb/fxgl/11.17/fxgl-11.17.jar!/fxglassets/ui/fonts/Abel-Regular.ttf
23:14:56.846 [FXGL Background Thread 4 ] DEBUG FXGLAssetLoaderServi - Loading from file system: jar:file:/C:/Users/chunh/.m2/repository/com/github/almasb/fxgl/11.17/fxgl-11.17.jar!/fxglassets/ui/fonts/lucida_console.ttf
23:14:56.854 [FXGL Background Thread 4 ] DEBUG FXGLAssetLoaderServi - Loading from file system: jar:file:/C:/Users/chunh/.m2/repository/com/github/almasb/fxgl/11.17/fxgl-11.17.jar!/fxglassets/ui/fonts/Courier-Prime.ttf
23:14:56.946 [JavaFX Application Thread] DEBUG AudioPlayer          - Playing music com.almasb.fxgl.audio.Music@693982bd
23:14:56.947 [JavaFX Application Thread] DEBUG FXGLAssetLoaderServi - Loading from file system: jar:file:/C:/Users/chunh/.m2/repository/com/github/almasb/fxgl/11.17/fxgl-11.17.jar!/fxglassets/textures/fxgl_icon.png
23:14:56.963 [JavaFX Application Thread] DEBUG FXGLAssetLoaderServi - Loading from file system: jar:file:/C:/Users/chunh/.m2/repository/com/github/almasb/fxgl/11.17/fxgl-11.17.jar!/fxglassets/textures/fxgl_default_cursor.png
23:14:56.965 [JavaFX Application Thread] DEBUG Input                - Registered new binding: Screenshot - CTRL+8
23:14:56.966 [JavaFX Application Thread] DEBUG Input                - Registered new binding: System info dump - CTRL+9
23:14:56.966 [JavaFX Application Thread] DEBUG Input                - Registered new binding: Restart - CTRL+R
23:14:56.968 [JavaFX Application Thread] DEBUG Input                - Registered new binding: Toggle Debug Camera - CTRL+C
23:14:56.971 [JavaFX Application Thread] DEBUG LoopRunner           - Starting loop
23:14:56.972 [JavaFX Application Thread] DEBUG LoopRunner           - Initializing JavaFX AnimationTimerLoop
23:14:56.974 [JavaFX Application Thread] DEBUG Input                - Clearing active input actions
23:14:56.987 [JavaFX Application Thread] DEBUG GameApplicationServi - Removing overlay from FXGLStartupScene and adding to FXGLMainMenuDummyScene
23:14:56.989 [JavaFX Application Thread] DEBUG PrimaryStageWindow   - FXGLStartupScene -> FXGLMainMenuDummyScene
23:14:56.989 [JavaFX Application Thread] DEBUG PrimaryStageWindow   - Push state: FXGLDefaultMenu
23:14:56.999 [JavaFX Application Thread] DEBUG Input                - Clearing active input actions
23:14:57.008 [JavaFX Application Thread] DEBUG GameApplicationServi - Removing overlay from FXGLMainMenuDummyScene and adding to FXGLDefaultMenu
23:14:57.009 [JavaFX Application Thread] DEBUG PrimaryStageWindow   - FXGLMainMenuDummyScene -> FXGLDefaultMenu
23:14:57.015 [JavaFX Application Thread] DEBUG FXGLApplication      - Registering font factories with UI factory
23:14:57.232 [FXGL Background Thread 2 ] INFO  UpdaterService       - Your current version:  11.17
23:14:57.232 [FXGL Background Thread 2 ] INFO  UpdaterService       - Latest stable version: 17
23:14:57.771 [JavaFX Application Thread] DEBUG Menu                 - fireNewGame()
23:14:57.771 [JavaFX Application Thread] DEBUG GameApplicationServi - Starting new game
23:14:57.777 [JavaFX Application Thread] DEBUG PrimaryStageWindow   - Pop state: FXGLDefaultMenu
23:14:57.778 [JavaFX Application Thread] DEBUG Input                - Clearing active input actions
23:14:57.780 [JavaFX Application Thread] DEBUG GameApplicationServi - Removing overlay from FXGLDefaultMenu and adding to FXGLMainMenuDummyScene
23:14:57.781 [JavaFX Application Thread] DEBUG PrimaryStageWindow   - FXGLMainMenuDummyScene <- FXGLDefaultMenu
23:14:57.782 [JavaFX Application Thread] DEBUG Input                - Clearing active input actions
23:14:57.792 [JavaFX Application Thread] DEBUG GameApplicationServi - Removing overlay from FXGLMainMenuDummyScene and adding to FXGLLoadingScene
23:14:57.793 [JavaFX Application Thread] DEBUG PrimaryStageWindow   - FXGLMainMenuDummyScene -> FXGLLoadingScene
23:14:57.793 [JavaFX Application Thread] DEBUG GameApplicationServi - Clearing previous game
23:14:57.794 [JavaFX Application Thread] DEBUG GameScene            - Clearing game scene
23:14:57.794 [JavaFX Application Thread] DEBUG GameWorld            - Clearing game world
23:14:57.794 [JavaFX Application Thread] DEBUG PhysicsWorld         - Clearing physics world
23:14:57.798 [FXGL Background Thread 2 ] DEBUG FXGLApplication      - Initializing game
23:14:57.818 [FXGL Background Thread 2 ] DEBUG FXGLAssetLoaderServi - Loading from file system: file:/C:/Users/chunh/IdeaProjects/catprojecttrail1/target/classes/assets/textures/plane.png
23:14:57.867 [FXGL Background Thread 2 ] INFO  FXGLApplication      - Game initialization took: 0.068 sec
23:14:57.869 [JavaFX Application Thread] DEBUG Input                - Clearing active input actions
23:14:57.875 [JavaFX Application Thread] DEBUG GameApplicationServi - Removing overlay from FXGLLoadingScene and adding to GameScene
23:14:57.875 [JavaFX Application Thread] DEBUG PrimaryStageWindow   - FXGLLoadingScene -> GameScene
23:14:57.880 [JavaFX Application Thread] DEBUG FXGLAssetLoaderServi - Loading from file system: file:/C:/Users/chunh/IdeaProjects/catprojecttrail1/target/classes/assets/textures/cloud.png
23:14:57.887 [JavaFX Application Thread] DEBUG FXGLAssetLoaderServi - Loading from file system: file:/C:/Users/chunh/IdeaProjects/catprojecttrail1/target/classes/assets/textures/blue_mountain.png
23:14:57.930 [JavaFX Application Thread] DEBUG FXGLAssetLoaderServi - Loading from file system: file:/C:/Users/chunh/IdeaProjects/catprojecttrail1/target/classes/assets/textures/bird.png
23:14:58.253 [JavaFX Application Thread] DEBUG Input                - Mocking key press: Space
23:14:58.333 [JavaFX Application Thread] DEBUG Input                - Mocking key release: Space
23:14:58.957 [JavaFX Application Thread] DEBUG Input                - Mocking key press: Space
23:14:59.038 [JavaFX Application Thread] DEBUG Input                - Mocking key release: Space
23:14:59.759 [FXGL Background Thread 3 ] DEBUG Engine               - Logging environment variables
23:14:59.759 [FXGL Background Thread 3 ] DEBUG Engine               - achievements: []
23:14:59.759 [FXGL Background Thread 3 ] DEBUG Engine               - actualHeight: 823.0
23:14:59.759 [FXGL Background Thread 3 ] DEBUG Engine               - actualHeightProperty: ReadOnlyDoubleProperty [value: 823.0]
23:14:59.760 [FXGL Background Thread 3 ] DEBUG Engine               - actualWidth: 1485.0
23:14:59.760 [FXGL Background Thread 3 ] DEBUG Engine               - actualWidthProperty: ReadOnlyDoubleProperty [value: 1485.0]
23:14:59.760 [FXGL Background Thread 3 ] DEBUG Engine               - appIcon: fxgl_icon.png
23:14:59.760 [FXGL Background Thread 3 ] DEBUG Engine               - applicationMode: DEVELOPER
23:14:59.760 [FXGL Background Thread 3 ] DEBUG Engine               - cSSList: [fxgl_dark.css]
23:14:59.760 [FXGL Background Thread 3 ] DEBUG Engine               - collisionDetectionStrategy: BRUTE_FORCE
23:14:59.760 [FXGL Background Thread 3 ] DEBUG Engine               - configClass: Optional.empty
23:14:59.760 [FXGL Background Thread 3 ] DEBUG Engine               - credits: []
23:14:59.760 [FXGL Background Thread 3 ] DEBUG Engine               - defaultCursor: CursorInfo(imageName=fxgl_default_cursor.png, hotspotX=7.0, hotspotY=6.0)
23:14:59.760 [FXGL Background Thread 3 ] DEBUG Engine               - devBBoxColorProperty: ObjectProperty [value: 0xff0000ff]
23:14:59.761 [FXGL Background Thread 3 ] DEBUG Engine               - devEnableDebugCameraProperty: BooleanProperty [value: false]
23:14:59.761 [FXGL Background Thread 3 ] DEBUG Engine               - devSensorColorProperty: ObjectProperty [value: 0xffff00ff]
23:14:59.761 [FXGL Background Thread 3 ] DEBUG Engine               - devShowBBoxProperty: BooleanProperty [value: false]
23:14:59.761 [FXGL Background Thread 3 ] DEBUG Engine               - devShowPositionProperty: BooleanProperty [value: false]
23:14:59.761 [FXGL Background Thread 3 ] DEBUG Engine               - enabledMenuItems: []
23:14:59.761 [FXGL Background Thread 3 ] DEBUG Engine               - engineServices: [class com.almasb.fxgl.app.services.FXGLAssetLoaderService, class com.almasb.fxgl.app.FXGLApplication$GameApplicationService, class com.almasb.fxgl.app.services.FXGLDialogService, class com.almasb.fxgl.app.services.IOTaskExecutorService, class com.almasb.fxgl.io.FileSystemService, class com.almasb.fxgl.localization.LocalizationService, class com.almasb.fxgl.app.services.SystemBundleService, class com.almasb.fxgl.profile.SaveLoadService, class com.almasb.fxgl.ui.FXGLUIFactoryServiceProvider, class com.almasb.fxgl.ui.FXGLDialogFactoryServiceProvider, class com.almasb.fxgl.audio.AudioPlayer, class com.almasb.fxgl.notification.impl.NotificationServiceProvider, class com.almasb.fxgl.achievement.AchievementService, class com.almasb.fxgl.cutscene.CutsceneService, class com.almasb.fxgl.minigames.MiniGameService, class com.almasb.fxgl.net.NetService, class com.almasb.fxgl.app.services.UpdaterService, class com.almasb.fxgl.dev.DevService]
23:14:59.761 [FXGL Background Thread 3 ] DEBUG Engine               - fontGame: Abel-Regular.ttf
23:14:59.761 [FXGL Background Thread 3 ] DEBUG Engine               - fontMono: lucida_console.ttf
23:14:59.761 [FXGL Background Thread 3 ] DEBUG Engine               - fontText: Courier-Prime.ttf
23:14:59.761 [FXGL Background Thread 3 ] DEBUG Engine               - fontUI: VarelaRound-Regular.ttf
23:14:59.761 [FXGL Background Thread 3 ] DEBUG Engine               - fullScreen: BooleanProperty [value: false]
23:14:59.761 [FXGL Background Thread 3 ] DEBUG Engine               - gameDifficulty: MEDIUM
23:14:59.761 [FXGL Background Thread 3 ] DEBUG Engine               - gameDifficultyProperty: ObjectProperty [value: MEDIUM]
23:14:59.762 [FXGL Background Thread 3 ] DEBUG Engine               - globalMusicVolume: 0.5
23:14:59.762 [FXGL Background Thread 3 ] DEBUG Engine               - globalMusicVolumeProperty: DoubleProperty [value: 0.5]
23:14:59.762 [FXGL Background Thread 3 ] DEBUG Engine               - globalSoundVolume: 0.5
23:14:59.762 [FXGL Background Thread 3 ] DEBUG Engine               - globalSoundVolumeProperty: DoubleProperty [value: 0.5]
23:14:59.762 [FXGL Background Thread 3 ] DEBUG Engine               - height: 1080
23:14:59.762 [FXGL Background Thread 3 ] DEBUG Engine               - is3D: false
23:14:59.762 [FXGL Background Thread 3 ] DEBUG Engine               - isAndroid: false
23:14:59.762 [FXGL Background Thread 3 ] DEBUG Engine               - isBrowser: false
23:14:59.762 [FXGL Background Thread 3 ] DEBUG Engine               - isClickFeedbackEnabled: false
23:14:59.762 [FXGL Background Thread 3 ] DEBUG Engine               - isCloseConfirmation: false
23:14:59.762 [FXGL Background Thread 3 ] DEBUG Engine               - isDesktop: true
23:14:59.763 [FXGL Background Thread 3 ] DEBUG Engine               - isDeveloperMenuEnabled: false
23:14:59.763 [FXGL Background Thread 3 ] DEBUG Engine               - isEntityPreloadEnabled: true
23:14:59.763 [FXGL Background Thread 3 ] DEBUG Engine               - isExperimentalTiledLargeMap: false
23:14:59.763 [FXGL Background Thread 3 ] DEBUG Engine               - isFileSystemWriteAllowed: true
23:14:59.763 [FXGL Background Thread 3 ] DEBUG Engine               - isFullScreenAllowed: false
23:14:59.763 [FXGL Background Thread 3 ] DEBUG Engine               - isFullScreenFromStart: false
23:14:59.763 [FXGL Background Thread 3 ] DEBUG Engine               - isGameMenuEnabled: true
23:14:59.763 [FXGL Background Thread 3 ] DEBUG Engine               - isIOS: false
23:14:59.763 [FXGL Background Thread 3 ] DEBUG Engine               - isIntroEnabled: false
23:14:59.763 [FXGL Background Thread 3 ] DEBUG Engine               - isLinux: false
23:14:59.763 [FXGL Background Thread 3 ] DEBUG Engine               - isMac: false
23:14:59.763 [FXGL Background Thread 3 ] DEBUG Engine               - isMainMenuEnabled: true
23:14:59.763 [FXGL Background Thread 3 ] DEBUG Engine               - isManualResizeEnabled: false
23:14:59.763 [FXGL Background Thread 3 ] DEBUG Engine               - isMobile: false
23:14:59.763 [FXGL Background Thread 3 ] DEBUG Engine               - isNative: false
23:14:59.763 [FXGL Background Thread 3 ] DEBUG Engine               - isPauseMusicWhenMinimized: true
23:14:59.763 [FXGL Background Thread 3 ] DEBUG Engine               - isPreserveResizeRatio: false
23:14:59.763 [FXGL Background Thread 3 ] DEBUG Engine               - isProfilingEnabled: false
23:14:59.763 [FXGL Background Thread 3 ] DEBUG Engine               - isScaleAffectedOnResize: true
23:14:59.763 [FXGL Background Thread 3 ] DEBUG Engine               - isSingleStep: false
23:14:59.763 [FXGL Background Thread 3 ] DEBUG Engine               - isUserProfileEnabled: false
23:14:59.764 [FXGL Background Thread 3 ] DEBUG Engine               - isWindows: true
23:14:59.764 [FXGL Background Thread 3 ] DEBUG Engine               - language: ObjectProperty [value: ENGLISH]
23:14:59.764 [FXGL Background Thread 3 ] DEBUG Engine               - menuKey: ESCAPE
23:14:59.764 [FXGL Background Thread 3 ] DEBUG Engine               - mouseSensitivity: 0.2
23:14:59.764 [FXGL Background Thread 3 ] DEBUG Engine               - notificationViewClass: class com.almasb.fxgl.notification.view.XboxNotificationView
23:14:59.764 [FXGL Background Thread 3 ] DEBUG Engine               - pixelsPerMeter: 50.0
23:14:59.764 [FXGL Background Thread 3 ] DEBUG Engine               - platform: WINDOWS
23:14:59.764 [FXGL Background Thread 3 ] DEBUG Engine               - prefHeightProperty: ReadOnlyDoubleProperty [value: 1080.0]
23:14:59.764 [FXGL Background Thread 3 ] DEBUG Engine               - prefWidthProperty: ReadOnlyDoubleProperty [value: 1980.0]
23:14:59.764 [FXGL Background Thread 3 ] DEBUG Engine               - profileDir: profiles/
23:14:59.764 [FXGL Background Thread 3 ] DEBUG Engine               - profileName: StringProperty [value: DEFAULT]
23:14:59.764 [FXGL Background Thread 3 ] DEBUG Engine               - randomSeed: -1
23:14:59.764 [FXGL Background Thread 3 ] DEBUG Engine               - runtimeInfo: RuntimeInfo(platform=WINDOWS, version=11.17, build=16.07.2021 15.46)
23:14:59.764 [FXGL Background Thread 3 ] DEBUG Engine               - saveFileExt: sav
23:14:59.765 [FXGL Background Thread 3 ] DEBUG Engine               - scaledHeightProp$fxgl: DoubleProperty [bound, value: 823.0]
23:14:59.765 [FXGL Background Thread 3 ] DEBUG Engine               - scaledWidthProp$fxgl: DoubleProperty [bound, value: 1485.0]
23:14:59.765 [FXGL Background Thread 3 ] DEBUG Engine               - sceneFactory: com.almasb.fxgl.app.scene.SceneFactory@180726ed
23:14:59.765 [FXGL Background Thread 3 ] DEBUG Engine               - secondsIn24h: 60
23:14:59.765 [FXGL Background Thread 3 ] DEBUG Engine               - soundMenuBack: menu/back.wav
23:14:59.765 [FXGL Background Thread 3 ] DEBUG Engine               - soundMenuPress: menu/press.wav
23:14:59.765 [FXGL Background Thread 3 ] DEBUG Engine               - soundMenuSelect: menu/select.wav
23:14:59.765 [FXGL Background Thread 3 ] DEBUG Engine               - soundNotification: core/notification.wav
23:14:59.765 [FXGL Background Thread 3 ] DEBUG Engine               - stageStyle: DECORATED
23:14:59.765 [FXGL Background Thread 3 ] DEBUG Engine               - supportedLanguages: [ENGLISH, FRENCH, GERMAN, HUNGARIAN, RUSSIAN]
23:14:59.765 [FXGL Background Thread 3 ] DEBUG Engine               - ticksPerSecond: -1
23:14:59.765 [FXGL Background Thread 3 ] DEBUG Engine               - title: Speedy Plane
23:14:59.765 [FXGL Background Thread 3 ] DEBUG Engine               - urlGithub: https://github.com/AlmasB/FXGL
23:14:59.765 [FXGL Background Thread 3 ] DEBUG Engine               - urlLeaderboard: http://fxgl-top.herokuapp.com/
23:14:59.765 [FXGL Background Thread 3 ] DEBUG Engine               - urlPOM: https://raw.githubusercontent.com/AlmasB/FXGL/release/README.md
23:14:59.765 [FXGL Background Thread 3 ] DEBUG Engine               - userAppClass: class com.almasb.fxglgames.flappy.FlappyBirdApp
23:14:59.765 [FXGL Background Thread 3 ] DEBUG Engine               - version: 1.0
23:14:59.766 [FXGL Background Thread 3 ] DEBUG Engine               - versionCheckDays: 7
23:14:59.766 [FXGL Background Thread 3 ] DEBUG Engine               - width: 1980
23:14:59.766 [FXGL Background Thread 3 ] DEBUG Engine               - Logging services
23:14:59.766 [FXGL Background Thread 3 ] DEBUG Engine               - class com.almasb.fxgl.app.services.FXGLAssetLoaderService
23:14:59.766 [FXGL Background Thread 3 ] DEBUG Engine               - class com.almasb.fxgl.app.FXGLApplication$GameApplicationService
23:14:59.766 [FXGL Background Thread 3 ] DEBUG Engine               - class com.almasb.fxgl.app.services.FXGLDialogService
23:14:59.766 [FXGL Background Thread 3 ] DEBUG Engine               - class com.almasb.fxgl.app.services.IOTaskExecutorService
23:14:59.766 [FXGL Background Thread 3 ] DEBUG Engine               - class com.almasb.fxgl.io.FileSystemService
23:14:59.766 [FXGL Background Thread 3 ] DEBUG Engine               - class com.almasb.fxgl.localization.LocalizationService
23:14:59.766 [FXGL Background Thread 3 ] DEBUG Engine               - class com.almasb.fxgl.app.services.SystemBundleService
23:14:59.766 [FXGL Background Thread 3 ] DEBUG Engine               - class com.almasb.fxgl.profile.SaveLoadService
23:14:59.766 [FXGL Background Thread 3 ] DEBUG Engine               - class com.almasb.fxgl.ui.FXGLUIFactoryServiceProvider
23:14:59.766 [FXGL Background Thread 3 ] DEBUG Engine               - class com.almasb.fxgl.ui.FXGLDialogFactoryServiceProvider
23:14:59.767 [FXGL Background Thread 3 ] DEBUG Engine               - class com.almasb.fxgl.audio.AudioPlayer
23:14:59.767 [FXGL Background Thread 3 ] DEBUG Engine               - class com.almasb.fxgl.notification.impl.NotificationServiceProvider
23:14:59.767 [FXGL Background Thread 3 ] DEBUG Engine               - class com.almasb.fxgl.achievement.AchievementService
23:14:59.767 [FXGL Background Thread 3 ] DEBUG Engine               - class com.almasb.fxgl.cutscene.CutsceneService
23:14:59.767 [FXGL Background Thread 3 ] DEBUG Engine               - class com.almasb.fxgl.minigames.MiniGameService
23:14:59.767 [FXGL Background Thread 3 ] DEBUG Engine               - class com.almasb.fxgl.net.NetService
23:14:59.767 [FXGL Background Thread 3 ] DEBUG Engine               - class com.almasb.fxgl.app.services.UpdaterService
23:14:59.767 [FXGL Background Thread 3 ] DEBUG Engine               - class com.almasb.fxgl.dev.DevService
23:14:59.894 [JavaFX Application Thread] DEBUG Input                - Mocking key press: Space
23:14:59.990 [JavaFX Application Thread] DEBUG Input                - Mocking key release: Space
23:15:00.846 [JavaFX Application Thread] DEBUG Input                - Mocking key press: Space
23:15:00.942 [JavaFX Application Thread] DEBUG Input                - Mocking key release: Space
23:15:01.790 [JavaFX Application Thread] DEBUG Input                - Mocking key press: Space
23:15:01.885 [JavaFX Application Thread] DEBUG Input                - Mocking key release: Space
23:15:03.263 [JavaFX Application Thread] DEBUG Input                - Mocking key press: Space
23:15:03.342 [JavaFX Application Thread] DEBUG Input                - Mocking key release: Space
23:15:04.319 [JavaFX Application Thread] DEBUG Input                - Mocking key press: Space
23:15:04.374 [JavaFX Application Thread] DEBUG Input                - Mocking key release: Space
23:15:05.311 [JavaFX Application Thread] DEBUG Input                - Mocking key press: Space
23:15:05.390 [JavaFX Application Thread] DEBUG Input                - Mocking key release: Space
23:15:06.326 [JavaFX Application Thread] DEBUG Input                - Mocking key press: Space
23:15:06.405 [JavaFX Application Thread] DEBUG Input                - Mocking key release: Space
23:15:07.655 [JavaFX Application Thread] DEBUG Input                - Mocking key press: Space
23:15:07.741 [JavaFX Application Thread] DEBUG Input                - Mocking key release: Space
23:15:08.806 [JavaFX Application Thread] DEBUG Input                - Mocking key press: Space
23:15:08.886 [JavaFX Application Thread] DEBUG Input                - Mocking key release: Space
23:15:09.918 [JavaFX Application Thread] DEBUG Input                - Mocking key press: Space
23:15:09.990 [JavaFX Application Thread] DEBUG Input                - Mocking key release: Space
23:15:11.110 [JavaFX Application Thread] DEBUG Input                - Mocking key press: Space
23:15:11.182 [JavaFX Application Thread] DEBUG Input                - Mocking key release: Space
23:15:12.247 [JavaFX Application Thread] DEBUG Input                - Mocking key press: Space
23:15:12.310 [JavaFX Application Thread] DEBUG Input                - Mocking key release: Space
23:15:13.366 [JavaFX Application Thread] DEBUG Input                - Mocking key press: Space
23:15:13.438 [JavaFX Application Thread] DEBUG Input                - Mocking key release: Space
23:15:15.107 [JavaFX Application Thread] DEBUG PrimaryStageWindow   - Push state: DialogSubScene
23:15:15.107 [JavaFX Application Thread] DEBUG Input                - Clearing active input actions
23:15:15.108 [JavaFX Application Thread] DEBUG GameApplicationServi - Removing overlay from GameScene and adding to DialogSubScene
23:15:15.108 [JavaFX Application Thread] DEBUG PrimaryStageWindow   - GameScene -> DialogSubScene
23:15:43.912 [JavaFX Application Thread] DEBUG PrimaryStageWindow   - Pop state: DialogSubScene
23:15:43.912 [JavaFX Application Thread] DEBUG Input                - Clearing active input actions
23:15:43.913 [JavaFX Application Thread] DEBUG GameApplicationServi - Removing overlay from DialogSubScene and adding to GameScene
23:15:43.913 [JavaFX Application Thread] DEBUG PrimaryStageWindow   - GameScene <- DialogSubScene
23:15:43.913 [JavaFX Application Thread] DEBUG GameApplicationServi - Starting new game
23:15:43.913 [JavaFX Application Thread] DEBUG Input                - Clearing active input actions
23:15:43.916 [JavaFX Application Thread] DEBUG GameApplicationServi - Removing overlay from GameScene and adding to FXGLLoadingScene
23:15:43.917 [JavaFX Application Thread] DEBUG PrimaryStageWindow   - GameScene -> FXGLLoadingScene
23:15:43.917 [JavaFX Application Thread] DEBUG GameApplicationServi - Clearing previous game
23:15:43.917 [JavaFX Application Thread] DEBUG GameScene            - Clearing game scene
23:15:43.917 [JavaFX Application Thread] DEBUG GameWorld            - Clearing game world
23:15:43.919 [JavaFX Application Thread] DEBUG PhysicsWorld         - Clearing physics world
23:15:43.920 [FXGL Background Thread 2 ] DEBUG FXGLApplication      - Initializing game
23:15:43.922 [FXGL Background Thread 2 ] INFO  FXGLApplication      - Game initialization took: 0.002 sec
23:15:43.923 [JavaFX Application Thread] DEBUG Input                - Clearing active input actions
23:15:43.927 [JavaFX Application Thread] DEBUG GameApplicationServi - Removing overlay from FXGLLoadingScene and adding to GameScene
23:15:43.928 [JavaFX Application Thread] DEBUG PrimaryStageWindow   - FXGLLoadingScene -> GameScene
23:15:44.457 [JavaFX Application Thread] DEBUG Input                - Mocking key press: Space
23:15:44.527 [JavaFX Application Thread] DEBUG Input                - Mocking key release: Space
23:15:45.278 [JavaFX Application Thread] DEBUG PrimaryStageWindow   - Push state: DialogSubScene
23:15:45.278 [JavaFX Application Thread] DEBUG Input                - Clearing active input actions
23:15:45.279 [JavaFX Application Thread] DEBUG GameApplicationServi - Removing overlay from GameScene and adding to DialogSubScene
23:15:45.279 [JavaFX Application Thread] DEBUG PrimaryStageWindow   - GameScene -> DialogSubScene
23:15:46.023 [JavaFX Application Thread] DEBUG PrimaryStageWindow   - Pop state: DialogSubScene
23:15:46.023 [JavaFX Application Thread] DEBUG Input                - Clearing active input actions
23:15:46.024 [JavaFX Application Thread] DEBUG GameApplicationServi - Removing overlay from DialogSubScene and adding to GameScene
23:15:46.024 [JavaFX Application Thread] DEBUG PrimaryStageWindow   - GameScene <- DialogSubScene
23:15:46.024 [JavaFX Application Thread] DEBUG Input                - Clearing active input actions
23:15:46.026 [JavaFX Application Thread] DEBUG GameApplicationServi - Removing overlay from GameScene and adding to FXGLMainMenuDummyScene
23:15:46.026 [JavaFX Application Thread] DEBUG PrimaryStageWindow   - GameScene -> FXGLMainMenuDummyScene
23:15:46.026 [JavaFX Application Thread] DEBUG PrimaryStageWindow   - Push state: FXGLDefaultMenu
23:15:46.026 [JavaFX Application Thread] DEBUG Input                - Clearing active input actions
23:15:46.027 [JavaFX Application Thread] DEBUG GameApplicationServi - Removing overlay from FXGLMainMenuDummyScene and adding to FXGLDefaultMenu
23:15:46.028 [JavaFX Application Thread] DEBUG PrimaryStageWindow   - FXGLMainMenuDummyScene -> FXGLDefaultMenu
23:15:47.151 [JavaFX Application Thread] DEBUG FXGLApplication      - Exiting FXGL
23:15:47.151 [JavaFX Application Thread] DEBUG LoopRunner           - Stopping loop
23:15:47.151 [JavaFX Application Thread] DEBUG SystemBundleService  - Saving FXGL system data
23:15:47.154 [JavaFX Application Thread] DEBUG FileSystemAccess     - Writing to: C:\Users\chunh\IdeaProjects\catprojecttrail1\system\fxgl.bundle
23:15:47.157 [JavaFX Application Thread] DEBUG Async                - Shutting down background threads
23:15:47.157 [JavaFX Application Thread] DEBUG PrimaryStageWindow   - Closing main window
23:15:47.176 [JavaFX Application Thread] DEBUG Logger               - Closing Logger
