23:15:55.137 [main                     ] DEBUG Logger               - Configured Logger
23:15:55.142 [main                     ] DEBUG GameApplication      - Logging settings
Title: Speedy Plane
Version: 1.0
Width: 1980
Height: 1080
Fullscreen: false
Intro: false
Profiling: false
Single step:false
App Mode: DEVELOPER
Menu Key: ESCAPE
Stage Style: DECORATED
Scene Factory: class com.almasb.fxgl.app.scene.SceneFactory

23:15:55.681 [JavaFX Application Thread] DEBUG FXGLApplication      - Initializing FXGL
23:15:55.684 [JavaFX Application Thread] INFO  Engine               - FXGL-11.17 (16.07.2021 15.46) on WINDOWS (J:17.0.1 FX:16)
23:15:55.685 [JavaFX Application Thread] DEBUG Engine               - JRE Vendor Name: Oracle Corporation
23:15:55.685 [JavaFX Application Thread] DEBUG Engine               - Running on OS: Windows 10 version 10.0
23:15:55.685 [JavaFX Application Thread] DEBUG Engine               - Architecture: amd64
23:15:55.685 [JavaFX Application Thread] INFO  Engine               - Source code and latest versions at: https://github.com/AlmasB/FXGL
23:15:55.685 [JavaFX Application Thread] INFO  Engine               -              Join the FXGL chat at: https://gitter.im/AlmasB/FXGL
23:15:55.838 [JavaFX Application Thread] DEBUG PrimaryStageWindow   - Creating a JavaFX scene
23:15:55.838 [JavaFX Application Thread] DEBUG PrimaryStageWindow   - Target size > screen size
23:15:55.909 [JavaFX Application Thread] DEBUG PrimaryStageWindow   - Target settings size: 1980.0 x 1080.0
23:15:55.910 [JavaFX Application Thread] DEBUG PrimaryStageWindow   - Scaled scene size:    1485.0 x 823.0
23:15:55.910 [JavaFX Application Thread] DEBUG PrimaryStageWindow   - Scaled ratio: (0.75, 0.7620370370370371)
23:15:55.911 [JavaFX Application Thread] DEBUG PrimaryStageWindow   - Set initial scene to FXGLStartupScene
23:15:55.925 [JavaFX Application Thread] DEBUG PrimaryStageWindow   - Opening main window
23:15:56.024 [JavaFX Application Thread] DEBUG PrimaryStageWindow   - Window border size: (15.0, 37.79998779296875)
23:15:56.024 [JavaFX Application Thread] DEBUG PrimaryStageWindow   - Scaled size: 1485.0 x 823.0
23:15:56.025 [JavaFX Application Thread] DEBUG PrimaryStageWindow   - Scaled ratio: (0.75, 0.7620370370370371)
23:15:56.025 [JavaFX Application Thread] DEBUG PrimaryStageWindow   - Scene size: 1485.0 x 823.0
23:15:56.025 [JavaFX Application Thread] DEBUG PrimaryStageWindow   - Stage size: 1500.0 x 860.7999877929688
23:15:56.033 [FXGL Background Thread 1 ] DEBUG Engine               - Initializing environment variables
23:15:56.100 [FXGL Background Thread 1 ] DEBUG FXGLAssetLoaderServi - User app class for loading assets: class com.almasb.fxglgames.flappy.FlappyBirdApp
23:15:56.100 [FXGL Background Thread 1 ] DEBUG GameApplicationServi - Applying CSS: fxgl_dark.css
23:15:56.101 [FXGL Background Thread 1 ] DEBUG FXGLAssetLoaderServi - Loading from file system: jar:file:/C:/Users/chunh/.m2/repository/com/github/almasb/fxgl/11.17/fxgl-11.17.jar!/fxglassets/ui/css/fxgl_dark.css
23:15:56.147 [FXGL Background Thread 1 ] DEBUG GameApplicationServi - Initializing application scenes
23:15:56.198 [FXGL Background Thread 1 ] DEBUG GameWorld            - Game world initialized
23:15:56.261 [FXGL Background Thread 1 ] DEBUG PhysicsWorld         - Physics world initialized: appHeight=1080, physics.ppm=50.0
23:15:56.261 [FXGL Background Thread 1 ] DEBUG PhysicsWorld         - Using strategy: BRUTE_FORCE
23:15:56.265 [FXGL Background Thread 1 ] DEBUG GameScene            - Game scene initialized: 1980x1080
23:15:56.286 [FXGL Background Thread 1 ] DEBUG FXGL.DefaultMenu     - createMenuBodyMainMenu()
23:15:56.304 [FXGL Background Thread 1 ] DEBUG FXGL.DefaultMenu     - createOptionsMenu()
23:15:56.316 [FXGL Background Thread 1 ] DEBUG FXGLAssetLoaderServi - Loading from file system: jar:file:/C:/Users/chunh/.m2/repository/com/github/almasb/fxgl/11.17/fxgl-11.17.jar!/fxglassets/textures/particles/smoke.png
23:15:56.423 [FXGL Background Thread 1 ] DEBUG FXGLAssetLoaderServi - Loading from file system: jar:file:/C:/Users/chunh/.m2/repository/com/github/almasb/fxgl/11.17/fxgl-11.17.jar!/fxglassets/textures/particles/trace_horizontal.png
23:15:56.444 [FXGL Background Thread 1 ] DEBUG FXGL.DefaultMenu     - createMenuBodyGameMenu()
23:15:56.445 [FXGL Background Thread 1 ] DEBUG FXGL.DefaultMenu     - createOptionsMenu()
23:15:56.472 [FXGL Background Thread 1 ] DEBUG GameApplicationServi - Application scenes initialized
23:15:56.484 [FXGL Background Thread 1 ] DEBUG SystemBundleService  - Loading FXGL system data
23:15:56.492 [FXGL Background Thread 1 ] DEBUG FileSystemAccess     - Reading from: C:\Users\chunh\IdeaProjects\catprojecttrail1\system\fxgl.bundle
23:15:56.501 [FXGL Background Thread 1 ] DEBUG SystemBundleService  - Bundle FXGL: {}
23:15:56.502 [FXGL Background Thread 1 ] DEBUG UpdaterService       - Checking for updates
23:15:56.508 [FXGL Background Thread 4 ] DEBUG FXGLApplication      - Loading fonts
23:15:56.508 [FXGL Background Thread 4 ] DEBUG FXGLAssetLoaderServi - Loading from file system: jar:file:/C:/Users/chunh/.m2/repository/com/github/almasb/fxgl/11.17/fxgl-11.17.jar!/fxglassets/ui/fonts/VarelaRound-Regular.ttf
23:15:56.510 [FXGL Background Thread 1 ] DEBUG FXGLApplication      - Loading default localization
23:15:56.510 [FXGL Background Thread 1 ] DEBUG FXGLAssetLoaderServi - Loading from file system: jar:file:/C:/Users/chunh/.m2/repository/com/github/almasb/fxgl/11.17/fxgl-11.17.jar!/fxglassets/languages/english.lang
23:15:56.530 [FXGL Background Thread 1 ] INFO  FXGLApplication      - FXGL initialization took: 0.497 sec
23:15:56.540 [JavaFX Application Thread] DEBUG Input                - Registered new binding: Jump - Space
23:15:56.541 [JavaFX Application Thread] DEBUG FXGLAssetLoaderServi - Loading from file system: file:/C:/Users/chunh/IdeaProjects/catprojecttrail1/target/classes/assets/music/bgm.mp3
23:15:56.576 [FXGL Background Thread 4 ] DEBUG FXGLAssetLoaderServi - Loading from file system: jar:file:/C:/Users/chunh/.m2/repository/com/github/almasb/fxgl/11.17/fxgl-11.17.jar!/fxglassets/ui/fonts/Abel-Regular.ttf
23:15:56.580 [FXGL Background Thread 4 ] DEBUG FXGLAssetLoaderServi - Loading from file system: jar:file:/C:/Users/chunh/.m2/repository/com/github/almasb/fxgl/11.17/fxgl-11.17.jar!/fxglassets/ui/fonts/lucida_console.ttf
23:15:56.586 [FXGL Background Thread 4 ] DEBUG FXGLAssetLoaderServi - Loading from file system: jar:file:/C:/Users/chunh/.m2/repository/com/github/almasb/fxgl/11.17/fxgl-11.17.jar!/fxglassets/ui/fonts/Courier-Prime.ttf
23:15:56.707 [JavaFX Application Thread] DEBUG AudioPlayer          - Playing music com.almasb.fxgl.audio.Music@5604cb83
23:15:56.707 [JavaFX Application Thread] DEBUG FXGLAssetLoaderServi - Loading from file system: jar:file:/C:/Users/chunh/.m2/repository/com/github/almasb/fxgl/11.17/fxgl-11.17.jar!/fxglassets/textures/fxgl_icon.png
23:15:56.741 [JavaFX Application Thread] DEBUG FXGLAssetLoaderServi - Loading from file system: jar:file:/C:/Users/chunh/.m2/repository/com/github/almasb/fxgl/11.17/fxgl-11.17.jar!/fxglassets/textures/fxgl_default_cursor.png
23:15:56.744 [JavaFX Application Thread] DEBUG Input                - Registered new binding: Screenshot - CTRL+8
23:15:56.745 [JavaFX Application Thread] DEBUG Input                - Registered new binding: System info dump - CTRL+9
23:15:56.745 [JavaFX Application Thread] DEBUG Input                - Registered new binding: Restart - CTRL+R
23:15:56.747 [JavaFX Application Thread] DEBUG Input                - Registered new binding: Toggle Debug Camera - CTRL+C
23:15:56.751 [JavaFX Application Thread] DEBUG LoopRunner           - Starting loop
23:15:56.751 [JavaFX Application Thread] DEBUG LoopRunner           - Initializing JavaFX AnimationTimerLoop
23:15:56.858 [JavaFX Application Thread] DEBUG Input                - Clearing active input actions
23:15:56.863 [JavaFX Application Thread] DEBUG GameApplicationServi - Removing overlay from FXGLStartupScene and adding to FXGLMainMenuDummyScene
23:15:56.864 [JavaFX Application Thread] DEBUG PrimaryStageWindow   - FXGLStartupScene -> FXGLMainMenuDummyScene
23:15:56.864 [JavaFX Application Thread] DEBUG PrimaryStageWindow   - Push state: FXGLDefaultMenu
23:15:56.873 [JavaFX Application Thread] DEBUG Input                - Clearing active input actions
23:15:56.901 [JavaFX Application Thread] DEBUG GameApplicationServi - Removing overlay from FXGLMainMenuDummyScene and adding to FXGLDefaultMenu
23:15:56.901 [JavaFX Application Thread] DEBUG PrimaryStageWindow   - FXGLMainMenuDummyScene -> FXGLDefaultMenu
23:15:56.901 [JavaFX Application Thread] DEBUG FXGLApplication      - Registering font factories with UI factory
23:15:57.591 [FXGL Background Thread 2 ] INFO  UpdaterService       - Your current version:  11.17
23:15:57.592 [FXGL Background Thread 2 ] INFO  UpdaterService       - Latest stable version: 17
23:15:58.128 [JavaFX Application Thread] DEBUG Menu                 - fireNewGame()
23:15:58.129 [JavaFX Application Thread] DEBUG GameApplicationServi - Starting new game
23:15:58.131 [JavaFX Application Thread] DEBUG PrimaryStageWindow   - Pop state: FXGLDefaultMenu
23:15:58.131 [JavaFX Application Thread] DEBUG Input                - Clearing active input actions
23:15:58.133 [JavaFX Application Thread] DEBUG GameApplicationServi - Removing overlay from FXGLDefaultMenu and adding to FXGLMainMenuDummyScene
23:15:58.134 [JavaFX Application Thread] DEBUG PrimaryStageWindow   - FXGLMainMenuDummyScene <- FXGLDefaultMenu
23:15:58.135 [JavaFX Application Thread] DEBUG Input                - Clearing active input actions
23:15:58.142 [JavaFX Application Thread] DEBUG GameApplicationServi - Removing overlay from FXGLMainMenuDummyScene and adding to FXGLLoadingScene
23:15:58.143 [JavaFX Application Thread] DEBUG PrimaryStageWindow   - FXGLMainMenuDummyScene -> FXGLLoadingScene
23:15:58.143 [JavaFX Application Thread] DEBUG GameApplicationServi - Clearing previous game
23:15:58.143 [JavaFX Application Thread] DEBUG GameScene            - Clearing game scene
23:15:58.143 [JavaFX Application Thread] DEBUG GameWorld            - Clearing game world
23:15:58.143 [JavaFX Application Thread] DEBUG PhysicsWorld         - Clearing physics world
23:15:58.145 [FXGL Background Thread 2 ] DEBUG FXGLApplication      - Initializing game
23:15:58.160 [FXGL Background Thread 2 ] DEBUG FXGLAssetLoaderServi - Loading from file system: file:/C:/Users/chunh/IdeaProjects/catprojecttrail1/target/classes/assets/textures/plane.png
23:15:58.203 [FXGL Background Thread 2 ] INFO  FXGLApplication      - Game initialization took: 0.057 sec
23:15:58.203 [JavaFX Application Thread] DEBUG Input                - Clearing active input actions
23:15:58.210 [JavaFX Application Thread] DEBUG GameApplicationServi - Removing overlay from FXGLLoadingScene and adding to GameScene
23:15:58.210 [JavaFX Application Thread] DEBUG PrimaryStageWindow   - FXGLLoadingScene -> GameScene
23:15:58.212 [JavaFX Application Thread] DEBUG FXGLAssetLoaderServi - Loading from file system: file:/C:/Users/chunh/IdeaProjects/catprojecttrail1/target/classes/assets/textures/cloud.png
23:15:58.220 [JavaFX Application Thread] DEBUG FXGLAssetLoaderServi - Loading from file system: file:/C:/Users/chunh/IdeaProjects/catprojecttrail1/target/classes/assets/textures/blue_mountain.png
23:15:58.264 [JavaFX Application Thread] DEBUG FXGLAssetLoaderServi - Loading from file system: file:/C:/Users/chunh/IdeaProjects/catprojecttrail1/target/classes/assets/textures/bird.png
23:15:58.824 [JavaFX Application Thread] DEBUG Input                - Mocking key press: Space
23:15:58.920 [JavaFX Application Thread] DEBUG Input                - Mocking key release: Space
23:15:59.507 [FXGL Background Thread 3 ] DEBUG Engine               - Logging environment variables
23:15:59.508 [FXGL Background Thread 3 ] DEBUG Engine               - achievements: []
23:15:59.508 [FXGL Background Thread 3 ] DEBUG Engine               - actualHeight: 823.0
23:15:59.508 [FXGL Background Thread 3 ] DEBUG Engine               - actualHeightProperty: ReadOnlyDoubleProperty [value: 823.0]
23:15:59.509 [FXGL Background Thread 3 ] DEBUG Engine               - actualWidth: 1485.0
23:15:59.509 [FXGL Background Thread 3 ] DEBUG Engine               - actualWidthProperty: ReadOnlyDoubleProperty [value: 1485.0]
23:15:59.509 [FXGL Background Thread 3 ] DEBUG Engine               - appIcon: fxgl_icon.png
23:15:59.509 [FXGL Background Thread 3 ] DEBUG Engine               - applicationMode: DEVELOPER
23:15:59.509 [FXGL Background Thread 3 ] DEBUG Engine               - cSSList: [fxgl_dark.css]
23:15:59.509 [FXGL Background Thread 3 ] DEBUG Engine               - collisionDetectionStrategy: BRUTE_FORCE
23:15:59.509 [FXGL Background Thread 3 ] DEBUG Engine               - configClass: Optional.empty
23:15:59.509 [FXGL Background Thread 3 ] DEBUG Engine               - credits: []
23:15:59.509 [FXGL Background Thread 3 ] DEBUG Engine               - defaultCursor: CursorInfo(imageName=fxgl_default_cursor.png, hotspotX=7.0, hotspotY=6.0)
23:15:59.509 [FXGL Background Thread 3 ] DEBUG Engine               - devBBoxColorProperty: ObjectProperty [value: 0xff0000ff]
23:15:59.509 [FXGL Background Thread 3 ] DEBUG Engine               - devEnableDebugCameraProperty: BooleanProperty [value: false]
23:15:59.509 [FXGL Background Thread 3 ] DEBUG Engine               - devSensorColorProperty: ObjectProperty [value: 0xffff00ff]
23:15:59.509 [FXGL Background Thread 3 ] DEBUG Engine               - devShowBBoxProperty: BooleanProperty [value: false]
23:15:59.510 [FXGL Background Thread 3 ] DEBUG Engine               - devShowPositionProperty: BooleanProperty [value: false]
23:15:59.510 [FXGL Background Thread 3 ] DEBUG Engine               - enabledMenuItems: []
23:15:59.510 [FXGL Background Thread 3 ] DEBUG Engine               - engineServices: [class com.almasb.fxgl.app.services.FXGLAssetLoaderService, class com.almasb.fxgl.app.FXGLApplication$GameApplicationService, class com.almasb.fxgl.app.services.FXGLDialogService, class com.almasb.fxgl.app.services.IOTaskExecutorService, class com.almasb.fxgl.io.FileSystemService, class com.almasb.fxgl.localization.LocalizationService, class com.almasb.fxgl.app.services.SystemBundleService, class com.almasb.fxgl.profile.SaveLoadService, class com.almasb.fxgl.ui.FXGLUIFactoryServiceProvider, class com.almasb.fxgl.ui.FXGLDialogFactoryServiceProvider, class com.almasb.fxgl.audio.AudioPlayer, class com.almasb.fxgl.notification.impl.NotificationServiceProvider, class com.almasb.fxgl.achievement.AchievementService, class com.almasb.fxgl.cutscene.CutsceneService, class com.almasb.fxgl.minigames.MiniGameService, class com.almasb.fxgl.net.NetService, class com.almasb.fxgl.app.services.UpdaterService, class com.almasb.fxgl.dev.DevService]
23:15:59.510 [FXGL Background Thread 3 ] DEBUG Engine               - fontGame: Abel-Regular.ttf
23:15:59.510 [FXGL Background Thread 3 ] DEBUG Engine               - fontMono: lucida_console.ttf
23:15:59.510 [FXGL Background Thread 3 ] DEBUG Engine               - fontText: Courier-Prime.ttf
23:15:59.510 [FXGL Background Thread 3 ] DEBUG Engine               - fontUI: VarelaRound-Regular.ttf
23:15:59.510 [FXGL Background Thread 3 ] DEBUG Engine               - fullScreen: BooleanProperty [value: false]
23:15:59.510 [FXGL Background Thread 3 ] DEBUG Engine               - gameDifficulty: MEDIUM
23:15:59.510 [FXGL Background Thread 3 ] DEBUG Engine               - gameDifficultyProperty: ObjectProperty [value: MEDIUM]
23:15:59.510 [FXGL Background Thread 3 ] DEBUG Engine               - globalMusicVolume: 0.5
23:15:59.510 [FXGL Background Thread 3 ] DEBUG Engine               - globalMusicVolumeProperty: DoubleProperty [value: 0.5]
23:15:59.511 [FXGL Background Thread 3 ] DEBUG Engine               - globalSoundVolume: 0.5
23:15:59.511 [FXGL Background Thread 3 ] DEBUG Engine               - globalSoundVolumeProperty: DoubleProperty [value: 0.5]
23:15:59.511 [FXGL Background Thread 3 ] DEBUG Engine               - height: 1080
23:15:59.511 [FXGL Background Thread 3 ] DEBUG Engine               - is3D: false
23:15:59.511 [FXGL Background Thread 3 ] DEBUG Engine               - isAndroid: false
23:15:59.511 [FXGL Background Thread 3 ] DEBUG Engine               - isBrowser: false
23:15:59.511 [FXGL Background Thread 3 ] DEBUG Engine               - isClickFeedbackEnabled: false
23:15:59.511 [FXGL Background Thread 3 ] DEBUG Engine               - isCloseConfirmation: false
23:15:59.511 [FXGL Background Thread 3 ] DEBUG Engine               - isDesktop: true
23:15:59.511 [FXGL Background Thread 3 ] DEBUG Engine               - isDeveloperMenuEnabled: false
23:15:59.511 [FXGL Background Thread 3 ] DEBUG Engine               - isEntityPreloadEnabled: true
23:15:59.511 [FXGL Background Thread 3 ] DEBUG Engine               - isExperimentalTiledLargeMap: false
23:15:59.511 [FXGL Background Thread 3 ] DEBUG Engine               - isFileSystemWriteAllowed: true
23:15:59.511 [FXGL Background Thread 3 ] DEBUG Engine               - isFullScreenAllowed: false
23:15:59.511 [FXGL Background Thread 3 ] DEBUG Engine               - isFullScreenFromStart: false
23:15:59.512 [FXGL Background Thread 3 ] DEBUG Engine               - isGameMenuEnabled: true
23:15:59.512 [FXGL Background Thread 3 ] DEBUG Engine               - isIOS: false
23:15:59.512 [FXGL Background Thread 3 ] DEBUG Engine               - isIntroEnabled: false
23:15:59.512 [FXGL Background Thread 3 ] DEBUG Engine               - isLinux: false
23:15:59.512 [FXGL Background Thread 3 ] DEBUG Engine               - isMac: false
23:15:59.512 [FXGL Background Thread 3 ] DEBUG Engine               - isMainMenuEnabled: true
23:15:59.512 [FXGL Background Thread 3 ] DEBUG Engine               - isManualResizeEnabled: false
23:15:59.512 [FXGL Background Thread 3 ] DEBUG Engine               - isMobile: false
23:15:59.512 [FXGL Background Thread 3 ] DEBUG Engine               - isNative: false
23:15:59.512 [FXGL Background Thread 3 ] DEBUG Engine               - isPauseMusicWhenMinimized: true
23:15:59.512 [FXGL Background Thread 3 ] DEBUG Engine               - isPreserveResizeRatio: false
23:15:59.512 [FXGL Background Thread 3 ] DEBUG Engine               - isProfilingEnabled: false
23:15:59.512 [FXGL Background Thread 3 ] DEBUG Engine               - isScaleAffectedOnResize: true
23:15:59.512 [FXGL Background Thread 3 ] DEBUG Engine               - isSingleStep: false
23:15:59.512 [FXGL Background Thread 3 ] DEBUG Engine               - isUserProfileEnabled: false
23:15:59.512 [FXGL Background Thread 3 ] DEBUG Engine               - isWindows: true
23:15:59.512 [FXGL Background Thread 3 ] DEBUG Engine               - language: ObjectProperty [value: ENGLISH]
23:15:59.513 [FXGL Background Thread 3 ] DEBUG Engine               - menuKey: ESCAPE
23:15:59.513 [FXGL Background Thread 3 ] DEBUG Engine               - mouseSensitivity: 0.2
23:15:59.513 [FXGL Background Thread 3 ] DEBUG Engine               - notificationViewClass: class com.almasb.fxgl.notification.view.XboxNotificationView
23:15:59.513 [FXGL Background Thread 3 ] DEBUG Engine               - pixelsPerMeter: 50.0
23:15:59.513 [FXGL Background Thread 3 ] DEBUG Engine               - platform: WINDOWS
23:15:59.513 [FXGL Background Thread 3 ] DEBUG Engine               - prefHeightProperty: ReadOnlyDoubleProperty [value: 1080.0]
23:15:59.513 [FXGL Background Thread 3 ] DEBUG Engine               - prefWidthProperty: ReadOnlyDoubleProperty [value: 1980.0]
23:15:59.513 [FXGL Background Thread 3 ] DEBUG Engine               - profileDir: profiles/
23:15:59.513 [FXGL Background Thread 3 ] DEBUG Engine               - profileName: StringProperty [value: DEFAULT]
23:15:59.513 [FXGL Background Thread 3 ] DEBUG Engine               - randomSeed: -1
23:15:59.514 [FXGL Background Thread 3 ] DEBUG Engine               - runtimeInfo: RuntimeInfo(platform=WINDOWS, version=11.17, build=16.07.2021 15.46)
23:15:59.514 [FXGL Background Thread 3 ] DEBUG Engine               - saveFileExt: sav
23:15:59.514 [FXGL Background Thread 3 ] DEBUG Engine               - scaledHeightProp$fxgl: DoubleProperty [bound, value: 823.0]
23:15:59.514 [FXGL Background Thread 3 ] DEBUG Engine               - scaledWidthProp$fxgl: DoubleProperty [bound, value: 1485.0]
23:15:59.514 [FXGL Background Thread 3 ] DEBUG Engine               - sceneFactory: com.almasb.fxgl.app.scene.SceneFactory@7875391a
23:15:59.514 [FXGL Background Thread 3 ] DEBUG Engine               - secondsIn24h: 60
23:15:59.514 [FXGL Background Thread 3 ] DEBUG Engine               - soundMenuBack: menu/back.wav
23:15:59.514 [FXGL Background Thread 3 ] DEBUG Engine               - soundMenuPress: menu/press.wav
23:15:59.514 [FXGL Background Thread 3 ] DEBUG Engine               - soundMenuSelect: menu/select.wav
23:15:59.514 [FXGL Background Thread 3 ] DEBUG Engine               - soundNotification: core/notification.wav
23:15:59.514 [FXGL Background Thread 3 ] DEBUG Engine               - stageStyle: DECORATED
23:15:59.514 [FXGL Background Thread 3 ] DEBUG Engine               - supportedLanguages: [ENGLISH, FRENCH, GERMAN, HUNGARIAN, RUSSIAN]
23:15:59.514 [FXGL Background Thread 3 ] DEBUG Engine               - ticksPerSecond: -1
23:15:59.514 [FXGL Background Thread 3 ] DEBUG Engine               - title: Speedy Plane
23:15:59.514 [FXGL Background Thread 3 ] DEBUG Engine               - urlGithub: https://github.com/AlmasB/FXGL
23:15:59.515 [FXGL Background Thread 3 ] DEBUG Engine               - urlLeaderboard: http://fxgl-top.herokuapp.com/
23:15:59.515 [FXGL Background Thread 3 ] DEBUG Engine               - urlPOM: https://raw.githubusercontent.com/AlmasB/FXGL/release/README.md
23:15:59.515 [FXGL Background Thread 3 ] DEBUG Engine               - userAppClass: class com.almasb.fxglgames.flappy.FlappyBirdApp
23:15:59.515 [FXGL Background Thread 3 ] DEBUG Engine               - version: 1.0
23:15:59.515 [FXGL Background Thread 3 ] DEBUG Engine               - versionCheckDays: 7
23:15:59.515 [FXGL Background Thread 3 ] DEBUG Engine               - width: 1980
23:15:59.515 [FXGL Background Thread 3 ] DEBUG Engine               - Logging services
23:15:59.515 [FXGL Background Thread 3 ] DEBUG Engine               - class com.almasb.fxgl.app.services.FXGLAssetLoaderService
23:15:59.515 [FXGL Background Thread 3 ] DEBUG Engine               - class com.almasb.fxgl.app.FXGLApplication$GameApplicationService
23:15:59.515 [FXGL Background Thread 3 ] DEBUG Engine               - class com.almasb.fxgl.app.services.FXGLDialogService
23:15:59.515 [FXGL Background Thread 3 ] DEBUG Engine               - class com.almasb.fxgl.app.services.IOTaskExecutorService
23:15:59.515 [FXGL Background Thread 3 ] DEBUG Engine               - class com.almasb.fxgl.io.FileSystemService
23:15:59.515 [FXGL Background Thread 3 ] DEBUG Engine               - class com.almasb.fxgl.localization.LocalizationService
23:15:59.515 [FXGL Background Thread 3 ] DEBUG Engine               - class com.almasb.fxgl.app.services.SystemBundleService
23:15:59.515 [FXGL Background Thread 3 ] DEBUG Engine               - class com.almasb.fxgl.profile.SaveLoadService
23:15:59.515 [FXGL Background Thread 3 ] DEBUG Engine               - class com.almasb.fxgl.ui.FXGLUIFactoryServiceProvider
23:15:59.516 [FXGL Background Thread 3 ] DEBUG Engine               - class com.almasb.fxgl.ui.FXGLDialogFactoryServiceProvider
23:15:59.516 [FXGL Background Thread 3 ] DEBUG Engine               - class com.almasb.fxgl.audio.AudioPlayer
23:15:59.516 [FXGL Background Thread 3 ] DEBUG Engine               - class com.almasb.fxgl.notification.impl.NotificationServiceProvider
23:15:59.516 [FXGL Background Thread 3 ] DEBUG Engine               - class com.almasb.fxgl.achievement.AchievementService
23:15:59.516 [FXGL Background Thread 3 ] DEBUG Engine               - class com.almasb.fxgl.cutscene.CutsceneService
23:15:59.516 [FXGL Background Thread 3 ] DEBUG Engine               - class com.almasb.fxgl.minigames.MiniGameService
23:15:59.516 [FXGL Background Thread 3 ] DEBUG Engine               - class com.almasb.fxgl.net.NetService
23:15:59.516 [FXGL Background Thread 3 ] DEBUG Engine               - class com.almasb.fxgl.app.services.UpdaterService
23:15:59.516 [FXGL Background Thread 3 ] DEBUG Engine               - class com.almasb.fxgl.dev.DevService
23:15:59.792 [JavaFX Application Thread] DEBUG Input                - Mocking key press: Space
23:15:59.905 [JavaFX Application Thread] DEBUG Input                - Mocking key release: Space
23:16:00.671 [JavaFX Application Thread] DEBUG Input                - Mocking key press: Space
23:16:00.771 [JavaFX Application Thread] DEBUG Input                - Mocking key release: Space
23:16:01.608 [JavaFX Application Thread] DEBUG Input                - Mocking key press: Space
23:16:01.688 [JavaFX Application Thread] DEBUG Input                - Mocking key release: Space
23:16:02.688 [JavaFX Application Thread] DEBUG Input                - Mocking key press: Space
23:16:02.792 [JavaFX Application Thread] DEBUG Input                - Mocking key release: Space
23:16:03.953 [JavaFX Application Thread] DEBUG Input                - Mocking key press: Space
23:16:04.001 [JavaFX Application Thread] DEBUG Input                - Mocking key release: Space
23:16:04.968 [JavaFX Application Thread] DEBUG Input                - Mocking key press: Space
23:16:05.033 [JavaFX Application Thread] DEBUG Input                - Mocking key release: Space
23:16:06.089 [JavaFX Application Thread] DEBUG Input                - Mocking key press: Space
23:16:06.192 [JavaFX Application Thread] DEBUG Input                - Mocking key release: Space
23:16:07.345 [JavaFX Application Thread] DEBUG Input                - Mocking key press: Space
23:16:07.424 [JavaFX Application Thread] DEBUG Input                - Mocking key release: Space
23:16:08.432 [JavaFX Application Thread] DEBUG Input                - Mocking key press: Space
23:16:08.504 [JavaFX Application Thread] DEBUG Input                - Mocking key release: Space
23:16:09.592 [JavaFX Application Thread] DEBUG Input                - Mocking key press: Space
23:16:09.681 [JavaFX Application Thread] DEBUG Input                - Mocking key release: Space
23:16:10.728 [JavaFX Application Thread] DEBUG Input                - Mocking key press: Space
23:16:10.824 [JavaFX Application Thread] DEBUG Input                - Mocking key release: Space
23:16:11.921 [JavaFX Application Thread] DEBUG Input                - Mocking key press: Space
23:16:12.033 [JavaFX Application Thread] DEBUG Input                - Mocking key release: Space
23:16:13.135 [JavaFX Application Thread] DEBUG Input                - Mocking key press: Space
23:16:13.224 [JavaFX Application Thread] DEBUG Input                - Mocking key release: Space
23:16:14.260 [JavaFX Application Thread] DEBUG Input                - Mocking key press: Space
23:16:14.376 [JavaFX Application Thread] DEBUG Input                - Mocking key release: Space
23:16:15.408 [JavaFX Application Thread] DEBUG Input                - Mocking key press: Space
23:16:15.504 [JavaFX Application Thread] DEBUG Input                - Mocking key release: Space
23:16:16.449 [JavaFX Application Thread] DEBUG Input                - Mocking key press: Space
23:16:16.569 [JavaFX Application Thread] DEBUG Input                - Mocking key release: Space
23:16:17.848 [JavaFX Application Thread] DEBUG Input                - Mocking key press: Space
23:16:17.952 [JavaFX Application Thread] DEBUG Input                - Mocking key release: Space
23:16:19.057 [JavaFX Application Thread] DEBUG Input                - Mocking key press: Space
23:16:19.155 [JavaFX Application Thread] DEBUG Input                - Mocking key release: Space
23:16:20.162 [JavaFX Application Thread] DEBUG Input                - Mocking key press: Space
23:16:20.241 [JavaFX Application Thread] DEBUG Input                - Mocking key release: Space
23:16:21.305 [JavaFX Application Thread] DEBUG Input                - Mocking key press: Space
23:16:21.395 [JavaFX Application Thread] DEBUG Input                - Mocking key release: Space
23:16:22.433 [JavaFX Application Thread] DEBUG Input                - Mocking key press: Space
23:16:22.513 [JavaFX Application Thread] DEBUG Input                - Mocking key release: Space
23:16:23.634 [JavaFX Application Thread] DEBUG Input                - Mocking key press: Space
23:16:23.737 [JavaFX Application Thread] DEBUG Input                - Mocking key release: Space
23:16:24.801 [JavaFX Application Thread] DEBUG Input                - Mocking key press: Space
23:16:24.896 [JavaFX Application Thread] DEBUG Input                - Mocking key release: Space
23:16:25.913 [JavaFX Application Thread] DEBUG Input                - Mocking key press: Space
23:16:25.961 [JavaFX Application Thread] DEBUG Input                - Mocking key release: Space
23:16:27.001 [JavaFX Application Thread] DEBUG Input                - Mocking key press: Space
23:16:27.074 [JavaFX Application Thread] DEBUG Input                - Mocking key release: Space
23:16:27.993 [JavaFX Application Thread] DEBUG Input                - Mocking key press: Space
23:16:28.097 [JavaFX Application Thread] DEBUG Input                - Mocking key release: Space
23:16:29.440 [JavaFX Application Thread] DEBUG Input                - Mocking key press: Space
23:16:29.521 [JavaFX Application Thread] DEBUG Input                - Mocking key release: Space
23:16:30.569 [JavaFX Application Thread] DEBUG Input                - Mocking key press: Space
23:16:30.665 [JavaFX Application Thread] DEBUG Input                - Mocking key release: Space
23:16:31.642 [JavaFX Application Thread] DEBUG Input                - Mocking key press: Space
23:16:31.721 [JavaFX Application Thread] DEBUG Input                - Mocking key release: Space
23:16:32.457 [JavaFX Application Thread] DEBUG Input                - Mocking key press: Space
23:16:32.545 [JavaFX Application Thread] DEBUG Input                - Mocking key release: Space
23:16:32.766 [JavaFX Application Thread] DEBUG PrimaryStageWindow   - Push state: DialogSubScene
23:16:32.766 [JavaFX Application Thread] DEBUG Input                - Clearing active input actions
23:16:32.767 [JavaFX Application Thread] DEBUG GameApplicationServi - Removing overlay from GameScene and adding to DialogSubScene
23:16:32.767 [JavaFX Application Thread] DEBUG PrimaryStageWindow   - GameScene -> DialogSubScene
23:16:33.889 [JavaFX Application Thread] DEBUG PrimaryStageWindow   - Pop state: DialogSubScene
23:16:33.890 [JavaFX Application Thread] DEBUG Input                - Clearing active input actions
23:16:33.890 [JavaFX Application Thread] DEBUG GameApplicationServi - Removing overlay from DialogSubScene and adding to GameScene
23:16:33.890 [JavaFX Application Thread] DEBUG PrimaryStageWindow   - GameScene <- DialogSubScene
23:16:33.890 [JavaFX Application Thread] DEBUG GameApplicationServi - Starting new game
23:16:33.891 [JavaFX Application Thread] DEBUG Input                - Clearing active input actions
23:16:33.894 [JavaFX Application Thread] DEBUG GameApplicationServi - Removing overlay from GameScene and adding to FXGLLoadingScene
23:16:33.894 [JavaFX Application Thread] DEBUG PrimaryStageWindow   - GameScene -> FXGLLoadingScene
23:16:33.894 [JavaFX Application Thread] DEBUG GameApplicationServi - Clearing previous game
23:16:33.894 [JavaFX Application Thread] DEBUG GameScene            - Clearing game scene
23:16:33.894 [JavaFX Application Thread] DEBUG GameWorld            - Clearing game world
23:16:33.897 [JavaFX Application Thread] DEBUG PhysicsWorld         - Clearing physics world
23:16:33.897 [FXGL Background Thread 2 ] DEBUG FXGLApplication      - Initializing game
23:16:33.900 [FXGL Background Thread 2 ] INFO  FXGLApplication      - Game initialization took: 0.002 sec
23:16:33.903 [JavaFX Application Thread] DEBUG Input                - Clearing active input actions
23:16:33.906 [JavaFX Application Thread] DEBUG GameApplicationServi - Removing overlay from FXGLLoadingScene and adding to GameScene
23:16:33.906 [JavaFX Application Thread] DEBUG PrimaryStageWindow   - FXGLLoadingScene -> GameScene
23:16:35.020 [JavaFX Application Thread] DEBUG PrimaryStageWindow   - Push state: DialogSubScene
23:16:35.020 [JavaFX Application Thread] DEBUG Input                - Clearing active input actions
23:16:35.021 [JavaFX Application Thread] DEBUG GameApplicationServi - Removing overlay from GameScene and adding to DialogSubScene
23:16:35.021 [JavaFX Application Thread] DEBUG PrimaryStageWindow   - GameScene -> DialogSubScene
23:16:36.073 [JavaFX Application Thread] DEBUG PrimaryStageWindow   - Pop state: DialogSubScene
23:16:36.073 [JavaFX Application Thread] DEBUG Input                - Clearing active input actions
23:16:36.074 [JavaFX Application Thread] DEBUG GameApplicationServi - Removing overlay from DialogSubScene and adding to GameScene
23:16:36.074 [JavaFX Application Thread] DEBUG PrimaryStageWindow   - GameScene <- DialogSubScene
23:16:36.074 [JavaFX Application Thread] DEBUG GameApplicationServi - Starting new game
23:16:36.074 [JavaFX Application Thread] DEBUG Input                - Clearing active input actions
23:16:36.076 [JavaFX Application Thread] DEBUG GameApplicationServi - Removing overlay from GameScene and adding to FXGLLoadingScene
23:16:36.076 [JavaFX Application Thread] DEBUG PrimaryStageWindow   - GameScene -> FXGLLoadingScene
23:16:36.076 [JavaFX Application Thread] DEBUG GameApplicationServi - Clearing previous game
23:16:36.076 [JavaFX Application Thread] DEBUG GameScene            - Clearing game scene
23:16:36.077 [JavaFX Application Thread] DEBUG GameWorld            - Clearing game world
23:16:36.077 [JavaFX Application Thread] DEBUG PhysicsWorld         - Clearing physics world
23:16:36.077 [FXGL Background Thread 2 ] DEBUG FXGLApplication      - Initializing game
23:16:36.079 [FXGL Background Thread 2 ] INFO  FXGLApplication      - Game initialization took: 0.001 sec
23:16:36.079 [JavaFX Application Thread] DEBUG Input                - Clearing active input actions
23:16:36.082 [JavaFX Application Thread] DEBUG GameApplicationServi - Removing overlay from FXGLLoadingScene and adding to GameScene
23:16:36.082 [JavaFX Application Thread] DEBUG PrimaryStageWindow   - FXGLLoadingScene -> GameScene
23:16:36.707 [JavaFX Application Thread] DEBUG Input                - Mocking key press: Space
23:16:36.769 [JavaFX Application Thread] DEBUG Input                - Mocking key release: Space
23:16:37.692 [JavaFX Application Thread] DEBUG PrimaryStageWindow   - Push state: DialogSubScene
23:16:37.692 [JavaFX Application Thread] DEBUG Input                - Clearing active input actions
23:16:37.692 [JavaFX Application Thread] DEBUG GameApplicationServi - Removing overlay from GameScene and adding to DialogSubScene
23:16:37.692 [JavaFX Application Thread] DEBUG PrimaryStageWindow   - GameScene -> DialogSubScene
23:16:38.490 [JavaFX Application Thread] DEBUG PrimaryStageWindow   - Pop state: DialogSubScene
23:16:38.490 [JavaFX Application Thread] DEBUG Input                - Clearing active input actions
23:16:38.490 [JavaFX Application Thread] DEBUG GameApplicationServi - Removing overlay from DialogSubScene and adding to GameScene
23:16:38.490 [JavaFX Application Thread] DEBUG PrimaryStageWindow   - GameScene <- DialogSubScene
23:16:38.490 [JavaFX Application Thread] DEBUG GameApplicationServi - Starting new game
23:16:38.490 [JavaFX Application Thread] DEBUG Input                - Clearing active input actions
23:16:38.492 [JavaFX Application Thread] DEBUG GameApplicationServi - Removing overlay from GameScene and adding to FXGLLoadingScene
23:16:38.492 [JavaFX Application Thread] DEBUG PrimaryStageWindow   - GameScene -> FXGLLoadingScene
23:16:38.492 [JavaFX Application Thread] DEBUG GameApplicationServi - Clearing previous game
23:16:38.492 [JavaFX Application Thread] DEBUG GameScene            - Clearing game scene
23:16:38.492 [JavaFX Application Thread] DEBUG GameWorld            - Clearing game world
23:16:38.493 [JavaFX Application Thread] DEBUG PhysicsWorld         - Clearing physics world
23:16:38.493 [FXGL Background Thread 2 ] DEBUG FXGLApplication      - Initializing game
23:16:38.495 [FXGL Background Thread 2 ] INFO  FXGLApplication      - Game initialization took: 0.002 sec
23:16:38.496 [JavaFX Application Thread] DEBUG Input                - Clearing active input actions
23:16:38.498 [JavaFX Application Thread] DEBUG GameApplicationServi - Removing overlay from FXGLLoadingScene and adding to GameScene
23:16:38.499 [JavaFX Application Thread] DEBUG PrimaryStageWindow   - FXGLLoadingScene -> GameScene
23:16:39.561 [JavaFX Application Thread] DEBUG PrimaryStageWindow   - Push state: DialogSubScene
23:16:39.562 [JavaFX Application Thread] DEBUG Input                - Clearing active input actions
23:16:39.562 [JavaFX Application Thread] DEBUG GameApplicationServi - Removing overlay from GameScene and adding to DialogSubScene
23:16:39.562 [JavaFX Application Thread] DEBUG PrimaryStageWindow   - GameScene -> DialogSubScene
23:16:40.250 [JavaFX Application Thread] DEBUG PrimaryStageWindow   - Pop state: DialogSubScene
23:16:40.250 [JavaFX Application Thread] DEBUG Input                - Clearing active input actions
23:16:40.250 [JavaFX Application Thread] DEBUG GameApplicationServi - Removing overlay from DialogSubScene and adding to GameScene
23:16:40.250 [JavaFX Application Thread] DEBUG PrimaryStageWindow   - GameScene <- DialogSubScene
23:16:40.250 [JavaFX Application Thread] DEBUG GameApplicationServi - Starting new game
23:16:40.250 [JavaFX Application Thread] DEBUG Input                - Clearing active input actions
23:16:40.253 [JavaFX Application Thread] DEBUG GameApplicationServi - Removing overlay from GameScene and adding to FXGLLoadingScene
23:16:40.253 [JavaFX Application Thread] DEBUG PrimaryStageWindow   - GameScene -> FXGLLoadingScene
23:16:40.253 [JavaFX Application Thread] DEBUG GameApplicationServi - Clearing previous game
23:16:40.253 [JavaFX Application Thread] DEBUG GameScene            - Clearing game scene
23:16:40.253 [JavaFX Application Thread] DEBUG GameWorld            - Clearing game world
23:16:40.253 [JavaFX Application Thread] DEBUG PhysicsWorld         - Clearing physics world
23:16:40.253 [FXGL Background Thread 2 ] DEBUG FXGLApplication      - Initializing game
23:16:40.255 [FXGL Background Thread 2 ] INFO  FXGLApplication      - Game initialization took: 0.002 sec
23:16:40.256 [JavaFX Application Thread] DEBUG Input                - Clearing active input actions
23:16:40.258 [JavaFX Application Thread] DEBUG GameApplicationServi - Removing overlay from FXGLLoadingScene and adding to GameScene
23:16:40.258 [JavaFX Application Thread] DEBUG PrimaryStageWindow   - FXGLLoadingScene -> GameScene
23:16:41.339 [JavaFX Application Thread] DEBUG PrimaryStageWindow   - Push state: DialogSubScene
23:16:41.339 [JavaFX Application Thread] DEBUG Input                - Clearing active input actions
23:16:41.340 [JavaFX Application Thread] DEBUG GameApplicationServi - Removing overlay from GameScene and adding to DialogSubScene
23:16:41.340 [JavaFX Application Thread] DEBUG PrimaryStageWindow   - GameScene -> DialogSubScene
23:16:43.098 [JavaFX Application Thread] DEBUG PrimaryStageWindow   - Pop state: DialogSubScene
23:16:43.098 [JavaFX Application Thread] DEBUG Input                - Clearing active input actions
23:16:43.098 [JavaFX Application Thread] DEBUG GameApplicationServi - Removing overlay from DialogSubScene and adding to GameScene
23:16:43.098 [JavaFX Application Thread] DEBUG PrimaryStageWindow   - GameScene <- DialogSubScene
23:16:43.098 [JavaFX Application Thread] DEBUG GameApplicationServi - Starting new game
23:16:43.098 [JavaFX Application Thread] DEBUG Input                - Clearing active input actions
23:16:43.100 [JavaFX Application Thread] DEBUG GameApplicationServi - Removing overlay from GameScene and adding to FXGLLoadingScene
23:16:43.100 [JavaFX Application Thread] DEBUG PrimaryStageWindow   - GameScene -> FXGLLoadingScene
23:16:43.100 [JavaFX Application Thread] DEBUG GameApplicationServi - Clearing previous game
23:16:43.100 [JavaFX Application Thread] DEBUG GameScene            - Clearing game scene
23:16:43.100 [JavaFX Application Thread] DEBUG GameWorld            - Clearing game world
23:16:43.101 [JavaFX Application Thread] DEBUG PhysicsWorld         - Clearing physics world
23:16:43.101 [FXGL Background Thread 2 ] DEBUG FXGLApplication      - Initializing game
23:16:43.103 [FXGL Background Thread 2 ] INFO  FXGLApplication      - Game initialization took: 0.002 sec
23:16:43.104 [JavaFX Application Thread] DEBUG Input                - Clearing active input actions
23:16:43.107 [JavaFX Application Thread] DEBUG GameApplicationServi - Removing overlay from FXGLLoadingScene and adding to GameScene
23:16:43.107 [JavaFX Application Thread] DEBUG PrimaryStageWindow   - FXGLLoadingScene -> GameScene
23:16:43.674 [JavaFX Application Thread] DEBUG Input                - Mocking key press: Space
23:16:43.738 [JavaFX Application Thread] DEBUG Input                - Mocking key release: Space
23:16:44.551 [JavaFX Application Thread] DEBUG PrimaryStageWindow   - Push state: DialogSubScene
23:16:44.551 [JavaFX Application Thread] DEBUG Input                - Clearing active input actions
23:16:44.552 [JavaFX Application Thread] DEBUG GameApplicationServi - Removing overlay from GameScene and adding to DialogSubScene
23:16:44.552 [JavaFX Application Thread] DEBUG PrimaryStageWindow   - GameScene -> DialogSubScene
23:16:45.066 [JavaFX Application Thread] DEBUG PrimaryStageWindow   - Pop state: DialogSubScene
23:16:45.066 [JavaFX Application Thread] DEBUG Input                - Clearing active input actions
23:16:45.066 [JavaFX Application Thread] DEBUG GameApplicationServi - Removing overlay from DialogSubScene and adding to GameScene
23:16:45.066 [JavaFX Application Thread] DEBUG PrimaryStageWindow   - GameScene <- DialogSubScene
23:16:45.066 [JavaFX Application Thread] DEBUG GameApplicationServi - Starting new game
23:16:45.066 [JavaFX Application Thread] DEBUG Input                - Clearing active input actions
23:16:45.069 [JavaFX Application Thread] DEBUG GameApplicationServi - Removing overlay from GameScene and adding to FXGLLoadingScene
23:16:45.069 [JavaFX Application Thread] DEBUG PrimaryStageWindow   - GameScene -> FXGLLoadingScene
23:16:45.069 [JavaFX Application Thread] DEBUG GameApplicationServi - Clearing previous game
23:16:45.069 [JavaFX Application Thread] DEBUG GameScene            - Clearing game scene
23:16:45.069 [JavaFX Application Thread] DEBUG GameWorld            - Clearing game world
23:16:45.070 [JavaFX Application Thread] DEBUG PhysicsWorld         - Clearing physics world
23:16:45.070 [FXGL Background Thread 2 ] DEBUG FXGLApplication      - Initializing game
23:16:45.072 [FXGL Background Thread 2 ] INFO  FXGLApplication      - Game initialization took: 0.002 sec
23:16:45.073 [JavaFX Application Thread] DEBUG Input                - Clearing active input actions
23:16:45.076 [JavaFX Application Thread] DEBUG GameApplicationServi - Removing overlay from FXGLLoadingScene and adding to GameScene
23:16:45.076 [JavaFX Application Thread] DEBUG PrimaryStageWindow   - FXGLLoadingScene -> GameScene
23:16:45.731 [JavaFX Application Thread] DEBUG Input                - Mocking key press: Space
23:16:45.809 [JavaFX Application Thread] DEBUG Input                - Mocking key release: Space
23:16:46.876 [JavaFX Application Thread] DEBUG PrimaryStageWindow   - Push state: DialogSubScene
23:16:46.876 [JavaFX Application Thread] DEBUG Input                - Clearing active input actions
23:16:46.876 [JavaFX Application Thread] DEBUG GameApplicationServi - Removing overlay from GameScene and adding to DialogSubScene
23:16:46.876 [JavaFX Application Thread] DEBUG PrimaryStageWindow   - GameScene -> DialogSubScene
23:16:47.562 [JavaFX Application Thread] DEBUG PrimaryStageWindow   - Pop state: DialogSubScene
23:16:47.562 [JavaFX Application Thread] DEBUG Input                - Clearing active input actions
23:16:47.562 [JavaFX Application Thread] DEBUG GameApplicationServi - Removing overlay from DialogSubScene and adding to GameScene
23:16:47.562 [JavaFX Application Thread] DEBUG PrimaryStageWindow   - GameScene <- DialogSubScene
23:16:47.562 [JavaFX Application Thread] DEBUG GameApplicationServi - Starting new game
23:16:47.562 [JavaFX Application Thread] DEBUG Input                - Clearing active input actions
23:16:47.564 [JavaFX Application Thread] DEBUG GameApplicationServi - Removing overlay from GameScene and adding to FXGLLoadingScene
23:16:47.564 [JavaFX Application Thread] DEBUG PrimaryStageWindow   - GameScene -> FXGLLoadingScene
23:16:47.564 [JavaFX Application Thread] DEBUG GameApplicationServi - Clearing previous game
23:16:47.564 [JavaFX Application Thread] DEBUG GameScene            - Clearing game scene
23:16:47.564 [JavaFX Application Thread] DEBUG GameWorld            - Clearing game world
23:16:47.565 [JavaFX Application Thread] DEBUG PhysicsWorld         - Clearing physics world
23:16:47.565 [FXGL Background Thread 2 ] DEBUG FXGLApplication      - Initializing game
23:16:47.567 [FXGL Background Thread 2 ] INFO  FXGLApplication      - Game initialization took: 0.002 sec
23:16:47.567 [JavaFX Application Thread] DEBUG Input                - Clearing active input actions
23:16:47.570 [JavaFX Application Thread] DEBUG GameApplicationServi - Removing overlay from FXGLLoadingScene and adding to GameScene
23:16:47.570 [JavaFX Application Thread] DEBUG PrimaryStageWindow   - FXGLLoadingScene -> GameScene
23:16:48.234 [JavaFX Application Thread] DEBUG Input                - Mocking key press: Space
23:16:48.306 [JavaFX Application Thread] DEBUG Input                - Mocking key release: Space
23:16:49.445 [JavaFX Application Thread] DEBUG PrimaryStageWindow   - Push state: DialogSubScene
23:16:49.446 [JavaFX Application Thread] DEBUG Input                - Clearing active input actions
23:16:49.446 [JavaFX Application Thread] DEBUG GameApplicationServi - Removing overlay from GameScene and adding to DialogSubScene
23:16:49.446 [JavaFX Application Thread] DEBUG PrimaryStageWindow   - GameScene -> DialogSubScene
23:16:50.145 [JavaFX Application Thread] DEBUG PrimaryStageWindow   - Pop state: DialogSubScene
23:16:50.145 [JavaFX Application Thread] DEBUG Input                - Clearing active input actions
23:16:50.146 [JavaFX Application Thread] DEBUG GameApplicationServi - Removing overlay from DialogSubScene and adding to GameScene
23:16:50.146 [JavaFX Application Thread] DEBUG PrimaryStageWindow   - GameScene <- DialogSubScene
23:16:50.146 [JavaFX Application Thread] DEBUG GameApplicationServi - Starting new game
23:16:50.146 [JavaFX Application Thread] DEBUG Input                - Clearing active input actions
23:16:50.148 [JavaFX Application Thread] DEBUG GameApplicationServi - Removing overlay from GameScene and adding to FXGLLoadingScene
23:16:50.148 [JavaFX Application Thread] DEBUG PrimaryStageWindow   - GameScene -> FXGLLoadingScene
23:16:50.148 [JavaFX Application Thread] DEBUG GameApplicationServi - Clearing previous game
23:16:50.148 [JavaFX Application Thread] DEBUG GameScene            - Clearing game scene
23:16:50.148 [JavaFX Application Thread] DEBUG GameWorld            - Clearing game world
23:16:50.148 [JavaFX Application Thread] DEBUG PhysicsWorld         - Clearing physics world
23:16:50.148 [FXGL Background Thread 2 ] DEBUG FXGLApplication      - Initializing game
23:16:50.150 [FXGL Background Thread 2 ] INFO  FXGLApplication      - Game initialization took: 0.002 sec
23:16:50.150 [JavaFX Application Thread] DEBUG Input                - Clearing active input actions
23:16:50.152 [JavaFX Application Thread] DEBUG GameApplicationServi - Removing overlay from FXGLLoadingScene and adding to GameScene
23:16:50.152 [JavaFX Application Thread] DEBUG PrimaryStageWindow   - FXGLLoadingScene -> GameScene
23:16:50.804 [JavaFX Application Thread] DEBUG Input                - Mocking key press: Space
23:16:50.874 [JavaFX Application Thread] DEBUG Input                - Mocking key release: Space
23:16:51.802 [JavaFX Application Thread] DEBUG Input                - Mocking key press: Space
23:16:51.849 [JavaFX Application Thread] DEBUG Input                - Mocking key release: Space
23:16:53.018 [JavaFX Application Thread] DEBUG Input                - Mocking key press: Space
23:16:53.098 [JavaFX Application Thread] DEBUG Input                - Mocking key release: Space
23:16:54.186 [JavaFX Application Thread] DEBUG Input                - Mocking key press: Space
23:16:54.250 [JavaFX Application Thread] DEBUG Input                - Mocking key release: Space
23:16:55.268 [JavaFX Application Thread] DEBUG Input                - Mocking key press: Space
23:16:55.346 [JavaFX Application Thread] DEBUG Input                - Mocking key release: Space
23:16:56.322 [JavaFX Application Thread] DEBUG Input                - Mocking key press: Space
23:16:56.377 [JavaFX Application Thread] DEBUG Input                - Mocking key release: Space
23:16:57.261 [JavaFX Application Thread] DEBUG PrimaryStageWindow   - Push state: DialogSubScene
23:16:57.261 [JavaFX Application Thread] DEBUG Input                - Clearing active input actions
23:16:57.261 [JavaFX Application Thread] DEBUG GameApplicationServi - Removing overlay from GameScene and adding to DialogSubScene
23:16:57.261 [JavaFX Application Thread] DEBUG PrimaryStageWindow   - GameScene -> DialogSubScene
23:16:58.226 [JavaFX Application Thread] DEBUG PrimaryStageWindow   - Pop state: DialogSubScene
23:16:58.226 [JavaFX Application Thread] DEBUG Input                - Clearing active input actions
23:16:58.226 [JavaFX Application Thread] DEBUG GameApplicationServi - Removing overlay from DialogSubScene and adding to GameScene
23:16:58.226 [JavaFX Application Thread] DEBUG PrimaryStageWindow   - GameScene <- DialogSubScene
23:16:58.226 [JavaFX Application Thread] DEBUG GameApplicationServi - Starting new game
23:16:58.226 [JavaFX Application Thread] DEBUG Input                - Clearing active input actions
23:16:58.228 [JavaFX Application Thread] DEBUG GameApplicationServi - Removing overlay from GameScene and adding to FXGLLoadingScene
23:16:58.228 [JavaFX Application Thread] DEBUG PrimaryStageWindow   - GameScene -> FXGLLoadingScene
23:16:58.228 [JavaFX Application Thread] DEBUG GameApplicationServi - Clearing previous game
23:16:58.228 [JavaFX Application Thread] DEBUG GameScene            - Clearing game scene
23:16:58.228 [JavaFX Application Thread] DEBUG GameWorld            - Clearing game world
23:16:58.228 [JavaFX Application Thread] DEBUG PhysicsWorld         - Clearing physics world
23:16:58.228 [FXGL Background Thread 2 ] DEBUG FXGLApplication      - Initializing game
23:16:58.230 [FXGL Background Thread 2 ] INFO  FXGLApplication      - Game initialization took: 0.001 sec
23:16:58.230 [JavaFX Application Thread] DEBUG Input                - Clearing active input actions
23:16:58.232 [JavaFX Application Thread] DEBUG GameApplicationServi - Removing overlay from FXGLLoadingScene and adding to GameScene
23:16:58.232 [JavaFX Application Thread] DEBUG PrimaryStageWindow   - FXGLLoadingScene -> GameScene
23:16:59.354 [JavaFX Application Thread] DEBUG PrimaryStageWindow   - Push state: DialogSubScene
23:16:59.354 [JavaFX Application Thread] DEBUG Input                - Clearing active input actions
23:16:59.355 [JavaFX Application Thread] DEBUG GameApplicationServi - Removing overlay from GameScene and adding to DialogSubScene
23:16:59.355 [JavaFX Application Thread] DEBUG PrimaryStageWindow   - GameScene -> DialogSubScene
23:17:00.778 [JavaFX Application Thread] DEBUG PrimaryStageWindow   - Pop state: DialogSubScene
23:17:00.778 [JavaFX Application Thread] DEBUG Input                - Clearing active input actions
23:17:00.778 [JavaFX Application Thread] DEBUG GameApplicationServi - Removing overlay from DialogSubScene and adding to GameScene
23:17:00.778 [JavaFX Application Thread] DEBUG PrimaryStageWindow   - GameScene <- DialogSubScene
23:17:00.778 [JavaFX Application Thread] DEBUG GameApplicationServi - Starting new game
23:17:00.778 [JavaFX Application Thread] DEBUG Input                - Clearing active input actions
23:17:00.780 [JavaFX Application Thread] DEBUG GameApplicationServi - Removing overlay from GameScene and adding to FXGLLoadingScene
23:17:00.780 [JavaFX Application Thread] DEBUG PrimaryStageWindow   - GameScene -> FXGLLoadingScene
23:17:00.780 [JavaFX Application Thread] DEBUG GameApplicationServi - Clearing previous game
23:17:00.780 [JavaFX Application Thread] DEBUG GameScene            - Clearing game scene
23:17:00.780 [JavaFX Application Thread] DEBUG GameWorld            - Clearing game world
23:17:00.780 [JavaFX Application Thread] DEBUG PhysicsWorld         - Clearing physics world
23:17:00.780 [FXGL Background Thread 2 ] DEBUG FXGLApplication      - Initializing game
23:17:00.782 [FXGL Background Thread 2 ] INFO  FXGLApplication      - Game initialization took: 0.002 sec
23:17:00.783 [JavaFX Application Thread] DEBUG Input                - Clearing active input actions
23:17:00.786 [JavaFX Application Thread] DEBUG GameApplicationServi - Removing overlay from FXGLLoadingScene and adding to GameScene
23:17:00.786 [JavaFX Application Thread] DEBUG PrimaryStageWindow   - FXGLLoadingScene -> GameScene
23:17:01.516 [JavaFX Application Thread] DEBUG Input                - Mocking key press: Space
23:17:01.594 [JavaFX Application Thread] DEBUG Input                - Mocking key release: Space
23:17:02.365 [JavaFX Application Thread] DEBUG PrimaryStageWindow   - Push state: DialogSubScene
23:17:02.365 [JavaFX Application Thread] DEBUG Input                - Clearing active input actions
23:17:02.365 [JavaFX Application Thread] DEBUG GameApplicationServi - Removing overlay from GameScene and adding to DialogSubScene
23:17:02.366 [JavaFX Application Thread] DEBUG PrimaryStageWindow   - GameScene -> DialogSubScene
23:17:03.090 [JavaFX Application Thread] DEBUG PrimaryStageWindow   - Pop state: DialogSubScene
23:17:03.090 [JavaFX Application Thread] DEBUG Input                - Clearing active input actions
23:17:03.090 [JavaFX Application Thread] DEBUG GameApplicationServi - Removing overlay from DialogSubScene and adding to GameScene
23:17:03.090 [JavaFX Application Thread] DEBUG PrimaryStageWindow   - GameScene <- DialogSubScene
23:17:03.090 [JavaFX Application Thread] DEBUG GameApplicationServi - Starting new game
23:17:03.090 [JavaFX Application Thread] DEBUG Input                - Clearing active input actions
23:17:03.092 [JavaFX Application Thread] DEBUG GameApplicationServi - Removing overlay from GameScene and adding to FXGLLoadingScene
23:17:03.092 [JavaFX Application Thread] DEBUG PrimaryStageWindow   - GameScene -> FXGLLoadingScene
23:17:03.092 [JavaFX Application Thread] DEBUG GameApplicationServi - Clearing previous game
23:17:03.092 [JavaFX Application Thread] DEBUG GameScene            - Clearing game scene
23:17:03.092 [JavaFX Application Thread] DEBUG GameWorld            - Clearing game world
23:17:03.092 [JavaFX Application Thread] DEBUG PhysicsWorld         - Clearing physics world
23:17:03.093 [FXGL Background Thread 2 ] DEBUG FXGLApplication      - Initializing game
23:17:03.094 [FXGL Background Thread 2 ] INFO  FXGLApplication      - Game initialization took: 0.001 sec
23:17:03.094 [JavaFX Application Thread] DEBUG Input                - Clearing active input actions
23:17:03.096 [JavaFX Application Thread] DEBUG GameApplicationServi - Removing overlay from FXGLLoadingScene and adding to GameScene
23:17:03.096 [JavaFX Application Thread] DEBUG PrimaryStageWindow   - FXGLLoadingScene -> GameScene
23:17:03.491 [JavaFX Application Thread] DEBUG Input                - Mocking key press: Space
23:17:03.570 [JavaFX Application Thread] DEBUG Input                - Mocking key release: Space
23:17:04.578 [JavaFX Application Thread] DEBUG Input                - Mocking key press: Space
23:17:04.650 [JavaFX Application Thread] DEBUG Input                - Mocking key release: Space
23:17:06.140 [JavaFX Application Thread] DEBUG Input                - Mocking key press: Space
23:17:06.202 [JavaFX Application Thread] DEBUG Input                - Mocking key release: Space
23:17:07.187 [JavaFX Application Thread] DEBUG Input                - Mocking key press: Space
23:17:07.241 [JavaFX Application Thread] DEBUG Input                - Mocking key release: Space
23:17:08.307 [JavaFX Application Thread] DEBUG Input                - Mocking key press: Space
23:17:08.378 [JavaFX Application Thread] DEBUG Input                - Mocking key release: Space
23:17:09.512 [JavaFX Application Thread] DEBUG PrimaryStageWindow   - Push state: DialogSubScene
23:17:09.512 [JavaFX Application Thread] DEBUG Input                - Clearing active input actions
23:17:09.513 [JavaFX Application Thread] DEBUG GameApplicationServi - Removing overlay from GameScene and adding to DialogSubScene
23:17:09.513 [JavaFX Application Thread] DEBUG PrimaryStageWindow   - GameScene -> DialogSubScene
23:17:10.283 [JavaFX Application Thread] DEBUG PrimaryStageWindow   - Pop state: DialogSubScene
23:17:10.283 [JavaFX Application Thread] DEBUG Input                - Clearing active input actions
23:17:10.283 [JavaFX Application Thread] DEBUG GameApplicationServi - Removing overlay from DialogSubScene and adding to GameScene
23:17:10.283 [JavaFX Application Thread] DEBUG PrimaryStageWindow   - GameScene <- DialogSubScene
23:17:10.283 [JavaFX Application Thread] DEBUG GameApplicationServi - Starting new game
23:17:10.283 [JavaFX Application Thread] DEBUG Input                - Clearing active input actions
23:17:10.285 [JavaFX Application Thread] DEBUG GameApplicationServi - Removing overlay from GameScene and adding to FXGLLoadingScene
23:17:10.285 [JavaFX Application Thread] DEBUG PrimaryStageWindow   - GameScene -> FXGLLoadingScene
23:17:10.285 [JavaFX Application Thread] DEBUG GameApplicationServi - Clearing previous game
23:17:10.285 [JavaFX Application Thread] DEBUG GameScene            - Clearing game scene
23:17:10.285 [JavaFX Application Thread] DEBUG GameWorld            - Clearing game world
23:17:10.285 [JavaFX Application Thread] DEBUG PhysicsWorld         - Clearing physics world
23:17:10.286 [FXGL Background Thread 2 ] DEBUG FXGLApplication      - Initializing game
23:17:10.288 [FXGL Background Thread 2 ] INFO  FXGLApplication      - Game initialization took: 0.002 sec
23:17:10.288 [JavaFX Application Thread] DEBUG Input                - Clearing active input actions
23:17:10.290 [JavaFX Application Thread] DEBUG GameApplicationServi - Removing overlay from FXGLLoadingScene and adding to GameScene
23:17:10.291 [JavaFX Application Thread] DEBUG PrimaryStageWindow   - FXGLLoadingScene -> GameScene
23:17:11.268 [JavaFX Application Thread] DEBUG Input                - Mocking key press: Space
23:17:11.354 [JavaFX Application Thread] DEBUG Input                - Mocking key release: Space
23:17:11.419 [JavaFX Application Thread] DEBUG PrimaryStageWindow   - Push state: DialogSubScene
23:17:11.419 [JavaFX Application Thread] DEBUG Input                - Clearing active input actions
23:17:11.422 [JavaFX Application Thread] DEBUG GameApplicationServi - Removing overlay from GameScene and adding to DialogSubScene
23:17:11.422 [JavaFX Application Thread] DEBUG PrimaryStageWindow   - GameScene -> DialogSubScene
23:17:12.323 [JavaFX Application Thread] DEBUG PrimaryStageWindow   - Pop state: DialogSubScene
23:17:12.323 [JavaFX Application Thread] DEBUG Input                - Clearing active input actions
23:17:12.323 [JavaFX Application Thread] DEBUG GameApplicationServi - Removing overlay from DialogSubScene and adding to GameScene
23:17:12.323 [JavaFX Application Thread] DEBUG PrimaryStageWindow   - GameScene <- DialogSubScene
23:17:12.323 [JavaFX Application Thread] DEBUG GameApplicationServi - Starting new game
23:17:12.323 [JavaFX Application Thread] DEBUG Input                - Clearing active input actions
23:17:12.325 [JavaFX Application Thread] DEBUG GameApplicationServi - Removing overlay from GameScene and adding to FXGLLoadingScene
23:17:12.326 [JavaFX Application Thread] DEBUG PrimaryStageWindow   - GameScene -> FXGLLoadingScene
23:17:12.326 [JavaFX Application Thread] DEBUG GameApplicationServi - Clearing previous game
23:17:12.326 [JavaFX Application Thread] DEBUG GameScene            - Clearing game scene
23:17:12.326 [JavaFX Application Thread] DEBUG GameWorld            - Clearing game world
23:17:12.326 [JavaFX Application Thread] DEBUG PhysicsWorld         - Clearing physics world
23:17:12.326 [FXGL Background Thread 2 ] DEBUG FXGLApplication      - Initializing game
23:17:12.328 [FXGL Background Thread 2 ] INFO  FXGLApplication      - Game initialization took: 0.001 sec
23:17:12.328 [JavaFX Application Thread] DEBUG Input                - Clearing active input actions
23:17:12.330 [JavaFX Application Thread] DEBUG GameApplicationServi - Removing overlay from FXGLLoadingScene and adding to GameScene
23:17:12.331 [JavaFX Application Thread] DEBUG PrimaryStageWindow   - FXGLLoadingScene -> GameScene
23:17:13.340 [JavaFX Application Thread] DEBUG Input                - Mocking key press: Space
23:17:13.387 [JavaFX Application Thread] DEBUG Input                - Mocking key release: Space
23:17:13.452 [JavaFX Application Thread] DEBUG PrimaryStageWindow   - Push state: DialogSubScene
23:17:13.453 [JavaFX Application Thread] DEBUG Input                - Clearing active input actions
23:17:13.453 [JavaFX Application Thread] DEBUG GameApplicationServi - Removing overlay from GameScene and adding to DialogSubScene
23:17:13.453 [JavaFX Application Thread] DEBUG PrimaryStageWindow   - GameScene -> DialogSubScene
23:17:14.354 [JavaFX Application Thread] DEBUG PrimaryStageWindow   - Pop state: DialogSubScene
23:17:14.354 [JavaFX Application Thread] DEBUG Input                - Clearing active input actions
23:17:14.355 [JavaFX Application Thread] DEBUG GameApplicationServi - Removing overlay from DialogSubScene and adding to GameScene
23:17:14.355 [JavaFX Application Thread] DEBUG PrimaryStageWindow   - GameScene <- DialogSubScene
23:17:14.355 [JavaFX Application Thread] DEBUG GameApplicationServi - Starting new game
23:17:14.355 [JavaFX Application Thread] DEBUG Input                - Clearing active input actions
23:17:14.356 [JavaFX Application Thread] DEBUG GameApplicationServi - Removing overlay from GameScene and adding to FXGLLoadingScene
23:17:14.357 [JavaFX Application Thread] DEBUG PrimaryStageWindow   - GameScene -> FXGLLoadingScene
23:17:14.357 [JavaFX Application Thread] DEBUG GameApplicationServi - Clearing previous game
23:17:14.357 [JavaFX Application Thread] DEBUG GameScene            - Clearing game scene
23:17:14.357 [JavaFX Application Thread] DEBUG GameWorld            - Clearing game world
23:17:14.357 [JavaFX Application Thread] DEBUG PhysicsWorld         - Clearing physics world
23:17:14.357 [FXGL Background Thread 2 ] DEBUG FXGLApplication      - Initializing game
23:17:14.358 [FXGL Background Thread 2 ] INFO  FXGLApplication      - Game initialization took: 0.001 sec
23:17:14.359 [JavaFX Application Thread] DEBUG Input                - Clearing active input actions
23:17:14.360 [JavaFX Application Thread] DEBUG GameApplicationServi - Removing overlay from FXGLLoadingScene and adding to GameScene
23:17:14.360 [JavaFX Application Thread] DEBUG PrimaryStageWindow   - FXGLLoadingScene -> GameScene
23:17:15.420 [JavaFX Application Thread] DEBUG Input                - Mocking key press: Space
23:17:15.484 [JavaFX Application Thread] DEBUG PrimaryStageWindow   - Push state: DialogSubScene
23:17:15.484 [JavaFX Application Thread] DEBUG Input                - Clearing active input actions
23:17:15.485 [JavaFX Application Thread] DEBUG GameApplicationServi - Removing overlay from GameScene and adding to DialogSubScene
23:17:15.485 [JavaFX Application Thread] DEBUG PrimaryStageWindow   - GameScene -> DialogSubScene
23:17:15.499 [JavaFX Application Thread] DEBUG Input                - Mocking key release: Space
23:17:25.975 [JavaFX Application Thread] DEBUG AudioPlayer          - Pausing music com.almasb.fxgl.audio.Music@5604cb83
23:17:25.976 [JavaFX Application Thread] DEBUG LoopRunner           - Pausing loop
23:17:33.672 [JavaFX Application Thread] DEBUG LoopRunner           - Resuming loop
23:17:33.673 [JavaFX Application Thread] DEBUG AudioPlayer          - Resuming music com.almasb.fxgl.audio.Music@5604cb83
23:17:40.571 [JavaFX Application Thread] DEBUG FXGLApplication      - Exiting FXGL
23:17:40.571 [JavaFX Application Thread] DEBUG LoopRunner           - Stopping loop
23:17:40.572 [JavaFX Application Thread] DEBUG SystemBundleService  - Saving FXGL system data
23:17:40.573 [JavaFX Application Thread] DEBUG FileSystemAccess     - Writing to: C:\Users\chunh\IdeaProjects\catprojecttrail1\system\fxgl.bundle
23:17:40.574 [JavaFX Application Thread] DEBUG Async                - Shutting down background threads
23:17:40.575 [JavaFX Application Thread] DEBUG PrimaryStageWindow   - Closing main window
23:17:40.587 [JavaFX Application Thread] DEBUG Logger               - Closing Logger
