23:17:59.418 [main                     ] DEBUG Logger               - Configured Logger
23:17:59.422 [main                     ] DEBUG GameApplication      - Logging settings
Title: Speedy Plane
Version: 1.0
Width: 1980
Height: 1080
Fullscreen: false
Intro: false
Profiling: false
Single step:false
App Mode: DEVELOPER
Menu Key: ESCAPE
Stage Style: DECORATED
Scene Factory: class com.almasb.fxgl.app.scene.SceneFactory

23:17:59.926 [JavaFX Application Thread] DEBUG FXGLApplication      - Initializing FXGL
23:17:59.933 [JavaFX Application Thread] INFO  Engine               - FXGL-11.17 (16.07.2021 15.46) on WINDOWS (J:17.0.1 FX:16)
23:17:59.933 [JavaFX Application Thread] DEBUG Engine               - JRE Vendor Name: Oracle Corporation
23:17:59.933 [JavaFX Application Thread] DEBUG Engine               - Running on OS: Windows 10 version 10.0
23:17:59.933 [JavaFX Application Thread] DEBUG Engine               - Architecture: amd64
23:17:59.933 [JavaFX Application Thread] INFO  Engine               - Source code and latest versions at: https://github.com/AlmasB/FXGL
23:17:59.934 [JavaFX Application Thread] INFO  Engine               -              Join the FXGL chat at: https://gitter.im/AlmasB/FXGL
23:18:00.060 [JavaFX Application Thread] DEBUG PrimaryStageWindow   - Creating a JavaFX scene
23:18:00.060 [JavaFX Application Thread] DEBUG PrimaryStageWindow   - Target size > screen size
23:18:00.116 [JavaFX Application Thread] DEBUG PrimaryStageWindow   - Target settings size: 1980.0 x 1080.0
23:18:00.116 [JavaFX Application Thread] DEBUG PrimaryStageWindow   - Scaled scene size:    1485.0 x 823.0
23:18:00.116 [JavaFX Application Thread] DEBUG PrimaryStageWindow   - Scaled ratio: (0.75, 0.7620370370370371)
23:18:00.118 [JavaFX Application Thread] DEBUG PrimaryStageWindow   - Set initial scene to FXGLStartupScene
23:18:00.125 [JavaFX Application Thread] DEBUG PrimaryStageWindow   - Opening main window
23:18:00.226 [JavaFX Application Thread] DEBUG PrimaryStageWindow   - Window border size: (15.0, 37.79998779296875)
23:18:00.226 [JavaFX Application Thread] DEBUG PrimaryStageWindow   - Scaled size: 1485.0 x 823.0
23:18:00.226 [JavaFX Application Thread] DEBUG PrimaryStageWindow   - Scaled ratio: (0.75, 0.7620370370370371)
23:18:00.226 [JavaFX Application Thread] DEBUG PrimaryStageWindow   - Scene size: 1485.0 x 823.0
23:18:00.227 [JavaFX Application Thread] DEBUG PrimaryStageWindow   - Stage size: 1500.0 x 860.7999877929688
23:18:00.237 [FXGL Background Thread 1 ] DEBUG Engine               - Initializing environment variables
23:18:00.296 [FXGL Background Thread 1 ] DEBUG FXGLAssetLoaderServi - User app class for loading assets: class com.almasb.fxglgames.flappy.FlappyBirdApp
23:18:00.296 [FXGL Background Thread 1 ] DEBUG GameApplicationServi - Applying CSS: fxgl_dark.css
23:18:00.297 [FXGL Background Thread 1 ] DEBUG FXGLAssetLoaderServi - Loading from file system: jar:file:/C:/Users/chunh/.m2/repository/com/github/almasb/fxgl/11.17/fxgl-11.17.jar!/fxglassets/ui/css/fxgl_dark.css
23:18:00.340 [FXGL Background Thread 1 ] DEBUG GameApplicationServi - Initializing application scenes
23:18:00.393 [FXGL Background Thread 1 ] DEBUG GameWorld            - Game world initialized
23:18:00.455 [FXGL Background Thread 1 ] DEBUG PhysicsWorld         - Physics world initialized: appHeight=1080, physics.ppm=50.0
23:18:00.456 [FXGL Background Thread 1 ] DEBUG PhysicsWorld         - Using strategy: BRUTE_FORCE
23:18:00.459 [FXGL Background Thread 1 ] DEBUG GameScene            - Game scene initialized: 1980x1080
23:18:00.479 [FXGL Background Thread 1 ] DEBUG FXGL.DefaultMenu     - createMenuBodyMainMenu()
23:18:00.497 [FXGL Background Thread 1 ] DEBUG FXGL.DefaultMenu     - createOptionsMenu()
23:18:00.509 [FXGL Background Thread 1 ] DEBUG FXGLAssetLoaderServi - Loading from file system: jar:file:/C:/Users/chunh/.m2/repository/com/github/almasb/fxgl/11.17/fxgl-11.17.jar!/fxglassets/textures/particles/smoke.png
23:18:00.617 [FXGL Background Thread 1 ] DEBUG FXGLAssetLoaderServi - Loading from file system: jar:file:/C:/Users/chunh/.m2/repository/com/github/almasb/fxgl/11.17/fxgl-11.17.jar!/fxglassets/textures/particles/trace_horizontal.png
23:18:00.641 [FXGL Background Thread 1 ] DEBUG FXGL.DefaultMenu     - createMenuBodyGameMenu()
23:18:00.643 [FXGL Background Thread 1 ] DEBUG FXGL.DefaultMenu     - createOptionsMenu()
23:18:00.663 [FXGL Background Thread 1 ] DEBUG GameApplicationServi - Application scenes initialized
23:18:00.675 [FXGL Background Thread 1 ] DEBUG SystemBundleService  - Loading FXGL system data
23:18:00.684 [FXGL Background Thread 1 ] DEBUG FileSystemAccess     - Reading from: C:\Users\chunh\IdeaProjects\catprojecttrail1\system\fxgl.bundle
23:18:00.693 [FXGL Background Thread 1 ] DEBUG SystemBundleService  - Bundle FXGL: {}
23:18:00.693 [FXGL Background Thread 1 ] DEBUG UpdaterService       - Checking for updates
23:18:00.700 [FXGL Background Thread 4 ] DEBUG FXGLApplication      - Loading fonts
23:18:00.701 [FXGL Background Thread 4 ] DEBUG FXGLAssetLoaderServi - Loading from file system: jar:file:/C:/Users/chunh/.m2/repository/com/github/almasb/fxgl/11.17/fxgl-11.17.jar!/fxglassets/ui/fonts/VarelaRound-Regular.ttf
23:18:00.701 [FXGL Background Thread 1 ] DEBUG FXGLApplication      - Loading default localization
23:18:00.702 [FXGL Background Thread 1 ] DEBUG FXGLAssetLoaderServi - Loading from file system: jar:file:/C:/Users/chunh/.m2/repository/com/github/almasb/fxgl/11.17/fxgl-11.17.jar!/fxglassets/languages/english.lang
23:18:00.722 [FXGL Background Thread 1 ] INFO  FXGLApplication      - FXGL initialization took: 0.485 sec
23:18:00.734 [JavaFX Application Thread] DEBUG Input                - Registered new binding: Jump - Space
23:18:00.734 [JavaFX Application Thread] DEBUG FXGLAssetLoaderServi - Loading from file system: file:/C:/Users/chunh/IdeaProjects/catprojecttrail1/target/classes/assets/music/bgm.mp3
23:18:00.775 [FXGL Background Thread 4 ] DEBUG FXGLAssetLoaderServi - Loading from file system: jar:file:/C:/Users/chunh/.m2/repository/com/github/almasb/fxgl/11.17/fxgl-11.17.jar!/fxglassets/ui/fonts/Abel-Regular.ttf
23:18:00.781 [FXGL Background Thread 4 ] DEBUG FXGLAssetLoaderServi - Loading from file system: jar:file:/C:/Users/chunh/.m2/repository/com/github/almasb/fxgl/11.17/fxgl-11.17.jar!/fxglassets/ui/fonts/lucida_console.ttf
23:18:00.788 [FXGL Background Thread 4 ] DEBUG FXGLAssetLoaderServi - Loading from file system: jar:file:/C:/Users/chunh/.m2/repository/com/github/almasb/fxgl/11.17/fxgl-11.17.jar!/fxglassets/ui/fonts/Courier-Prime.ttf
23:18:00.875 [JavaFX Application Thread] DEBUG AudioPlayer          - Playing music com.almasb.fxgl.audio.Music@68374074
23:18:00.876 [JavaFX Application Thread] DEBUG FXGLAssetLoaderServi - Loading from file system: jar:file:/C:/Users/chunh/.m2/repository/com/github/almasb/fxgl/11.17/fxgl-11.17.jar!/fxglassets/textures/fxgl_icon.png
23:18:00.891 [JavaFX Application Thread] DEBUG FXGLAssetLoaderServi - Loading from file system: jar:file:/C:/Users/chunh/.m2/repository/com/github/almasb/fxgl/11.17/fxgl-11.17.jar!/fxglassets/textures/fxgl_default_cursor.png
23:18:00.894 [JavaFX Application Thread] DEBUG Input                - Registered new binding: Screenshot - CTRL+8
23:18:00.895 [JavaFX Application Thread] DEBUG Input                - Registered new binding: System info dump - CTRL+9
23:18:00.895 [JavaFX Application Thread] DEBUG Input                - Registered new binding: Restart - CTRL+R
23:18:00.896 [JavaFX Application Thread] DEBUG Input                - Registered new binding: Toggle Debug Camera - CTRL+C
23:18:00.907 [JavaFX Application Thread] DEBUG LoopRunner           - Starting loop
23:18:00.908 [JavaFX Application Thread] DEBUG LoopRunner           - Initializing JavaFX AnimationTimerLoop
23:18:00.912 [JavaFX Application Thread] DEBUG Input                - Clearing active input actions
23:18:00.919 [JavaFX Application Thread] DEBUG GameApplicationServi - Removing overlay from FXGLStartupScene and adding to FXGLMainMenuDummyScene
23:18:00.919 [JavaFX Application Thread] DEBUG PrimaryStageWindow   - FXGLStartupScene -> FXGLMainMenuDummyScene
23:18:00.919 [JavaFX Application Thread] DEBUG PrimaryStageWindow   - Push state: FXGLDefaultMenu
23:18:00.933 [JavaFX Application Thread] DEBUG Input                - Clearing active input actions
23:18:00.944 [JavaFX Application Thread] DEBUG GameApplicationServi - Removing overlay from FXGLMainMenuDummyScene and adding to FXGLDefaultMenu
23:18:00.945 [JavaFX Application Thread] DEBUG PrimaryStageWindow   - FXGLMainMenuDummyScene -> FXGLDefaultMenu
23:18:00.945 [JavaFX Application Thread] DEBUG FXGLApplication      - Registering font factories with UI factory
23:18:01.104 [FXGL Background Thread 2 ] INFO  UpdaterService       - Your current version:  11.17
23:18:01.104 [FXGL Background Thread 2 ] INFO  UpdaterService       - Latest stable version: 17
23:18:02.061 [JavaFX Application Thread] DEBUG Menu                 - fireNewGame()
23:18:02.061 [JavaFX Application Thread] DEBUG GameApplicationServi - Starting new game
23:18:02.064 [JavaFX Application Thread] DEBUG PrimaryStageWindow   - Pop state: FXGLDefaultMenu
23:18:02.064 [JavaFX Application Thread] DEBUG Input                - Clearing active input actions
23:18:02.066 [JavaFX Application Thread] DEBUG GameApplicationServi - Removing overlay from FXGLDefaultMenu and adding to FXGLMainMenuDummyScene
23:18:02.066 [JavaFX Application Thread] DEBUG PrimaryStageWindow   - FXGLMainMenuDummyScene <- FXGLDefaultMenu
23:18:02.067 [JavaFX Application Thread] DEBUG Input                - Clearing active input actions
23:18:02.074 [JavaFX Application Thread] DEBUG GameApplicationServi - Removing overlay from FXGLMainMenuDummyScene and adding to FXGLLoadingScene
23:18:02.074 [JavaFX Application Thread] DEBUG PrimaryStageWindow   - FXGLMainMenuDummyScene -> FXGLLoadingScene
23:18:02.074 [JavaFX Application Thread] DEBUG GameApplicationServi - Clearing previous game
23:18:02.074 [JavaFX Application Thread] DEBUG GameScene            - Clearing game scene
23:18:02.075 [JavaFX Application Thread] DEBUG GameWorld            - Clearing game world
23:18:02.075 [JavaFX Application Thread] DEBUG PhysicsWorld         - Clearing physics world
23:18:02.078 [FXGL Background Thread 2 ] DEBUG FXGLApplication      - Initializing game
23:18:02.092 [FXGL Background Thread 2 ] DEBUG FXGLAssetLoaderServi - Loading from file system: file:/C:/Users/chunh/IdeaProjects/catprojecttrail1/target/classes/assets/textures/plane.png
23:18:02.132 [FXGL Background Thread 2 ] INFO  FXGLApplication      - Game initialization took: 0.053 sec
23:18:02.135 [JavaFX Application Thread] DEBUG Input                - Clearing active input actions
23:18:02.142 [JavaFX Application Thread] DEBUG GameApplicationServi - Removing overlay from FXGLLoadingScene and adding to GameScene
23:18:02.143 [JavaFX Application Thread] DEBUG PrimaryStageWindow   - FXGLLoadingScene -> GameScene
23:18:02.148 [JavaFX Application Thread] DEBUG FXGLAssetLoaderServi - Loading from file system: file:/C:/Users/chunh/IdeaProjects/catprojecttrail1/target/classes/assets/textures/cloud.png
23:18:02.155 [JavaFX Application Thread] DEBUG FXGLAssetLoaderServi - Loading from file system: file:/C:/Users/chunh/IdeaProjects/catprojecttrail1/target/classes/assets/textures/blue_mountain.png
23:18:02.205 [JavaFX Application Thread] DEBUG FXGLAssetLoaderServi - Loading from file system: file:/C:/Users/chunh/IdeaProjects/catprojecttrail1/target/classes/assets/textures/bird.png
23:18:02.636 [JavaFX Application Thread] DEBUG Input                - Mocking key press: Space
23:18:02.692 [JavaFX Application Thread] DEBUG Input                - Mocking key release: Space
23:18:03.382 [JavaFX Application Thread] DEBUG Input                - Mocking key press: Space
23:18:03.449 [JavaFX Application Thread] DEBUG Input                - Mocking key release: Space
23:18:03.697 [FXGL Background Thread 3 ] DEBUG Engine               - Logging environment variables
23:18:03.698 [FXGL Background Thread 3 ] DEBUG Engine               - achievements: []
23:18:03.698 [FXGL Background Thread 3 ] DEBUG Engine               - actualHeight: 823.0
23:18:03.699 [FXGL Background Thread 3 ] DEBUG Engine               - actualHeightProperty: ReadOnlyDoubleProperty [value: 823.0]
23:18:03.699 [FXGL Background Thread 3 ] DEBUG Engine               - actualWidth: 1485.0
23:18:03.699 [FXGL Background Thread 3 ] DEBUG Engine               - actualWidthProperty: ReadOnlyDoubleProperty [value: 1485.0]
23:18:03.699 [FXGL Background Thread 3 ] DEBUG Engine               - appIcon: fxgl_icon.png
23:18:03.699 [FXGL Background Thread 3 ] DEBUG Engine               - applicationMode: DEVELOPER
23:18:03.699 [FXGL Background Thread 3 ] DEBUG Engine               - cSSList: [fxgl_dark.css]
23:18:03.699 [FXGL Background Thread 3 ] DEBUG Engine               - collisionDetectionStrategy: BRUTE_FORCE
23:18:03.699 [FXGL Background Thread 3 ] DEBUG Engine               - configClass: Optional.empty
23:18:03.699 [FXGL Background Thread 3 ] DEBUG Engine               - credits: []
23:18:03.699 [FXGL Background Thread 3 ] DEBUG Engine               - defaultCursor: CursorInfo(imageName=fxgl_default_cursor.png, hotspotX=7.0, hotspotY=6.0)
23:18:03.699 [FXGL Background Thread 3 ] DEBUG Engine               - devBBoxColorProperty: ObjectProperty [value: 0xff0000ff]
23:18:03.699 [FXGL Background Thread 3 ] DEBUG Engine               - devEnableDebugCameraProperty: BooleanProperty [value: false]
23:18:03.700 [FXGL Background Thread 3 ] DEBUG Engine               - devSensorColorProperty: ObjectProperty [value: 0xffff00ff]
23:18:03.700 [FXGL Background Thread 3 ] DEBUG Engine               - devShowBBoxProperty: BooleanProperty [value: false]
23:18:03.700 [FXGL Background Thread 3 ] DEBUG Engine               - devShowPositionProperty: BooleanProperty [value: false]
23:18:03.701 [FXGL Background Thread 3 ] DEBUG Engine               - enabledMenuItems: []
23:18:03.701 [FXGL Background Thread 3 ] DEBUG Engine               - engineServices: [class com.almasb.fxgl.app.services.FXGLAssetLoaderService, class com.almasb.fxgl.app.FXGLApplication$GameApplicationService, class com.almasb.fxgl.app.services.FXGLDialogService, class com.almasb.fxgl.app.services.IOTaskExecutorService, class com.almasb.fxgl.io.FileSystemService, class com.almasb.fxgl.localization.LocalizationService, class com.almasb.fxgl.app.services.SystemBundleService, class com.almasb.fxgl.profile.SaveLoadService, class com.almasb.fxgl.ui.FXGLUIFactoryServiceProvider, class com.almasb.fxgl.ui.FXGLDialogFactoryServiceProvider, class com.almasb.fxgl.audio.AudioPlayer, class com.almasb.fxgl.notification.impl.NotificationServiceProvider, class com.almasb.fxgl.achievement.AchievementService, class com.almasb.fxgl.cutscene.CutsceneService, class com.almasb.fxgl.minigames.MiniGameService, class com.almasb.fxgl.net.NetService, class com.almasb.fxgl.app.services.UpdaterService, class com.almasb.fxgl.dev.DevService]
23:18:03.701 [FXGL Background Thread 3 ] DEBUG Engine               - fontGame: Abel-Regular.ttf
23:18:03.701 [FXGL Background Thread 3 ] DEBUG Engine               - fontMono: lucida_console.ttf
23:18:03.701 [FXGL Background Thread 3 ] DEBUG Engine               - fontText: Courier-Prime.ttf
23:18:03.701 [FXGL Background Thread 3 ] DEBUG Engine               - fontUI: VarelaRound-Regular.ttf
23:18:03.701 [FXGL Background Thread 3 ] DEBUG Engine               - fullScreen: BooleanProperty [value: false]
23:18:03.701 [FXGL Background Thread 3 ] DEBUG Engine               - gameDifficulty: MEDIUM
23:18:03.701 [FXGL Background Thread 3 ] DEBUG Engine               - gameDifficultyProperty: ObjectProperty [value: MEDIUM]
23:18:03.702 [FXGL Background Thread 3 ] DEBUG Engine               - globalMusicVolume: 0.5
23:18:03.702 [FXGL Background Thread 3 ] DEBUG Engine               - globalMusicVolumeProperty: DoubleProperty [value: 0.5]
23:18:03.702 [FXGL Background Thread 3 ] DEBUG Engine               - globalSoundVolume: 0.5
23:18:03.702 [FXGL Background Thread 3 ] DEBUG Engine               - globalSoundVolumeProperty: DoubleProperty [value: 0.5]
23:18:03.702 [FXGL Background Thread 3 ] DEBUG Engine               - height: 1080
23:18:03.702 [FXGL Background Thread 3 ] DEBUG Engine               - is3D: false
23:18:03.702 [FXGL Background Thread 3 ] DEBUG Engine               - isAndroid: false
23:18:03.702 [FXGL Background Thread 3 ] DEBUG Engine               - isBrowser: false
23:18:03.702 [FXGL Background Thread 3 ] DEBUG Engine               - isClickFeedbackEnabled: false
23:18:03.702 [FXGL Background Thread 3 ] DEBUG Engine               - isCloseConfirmation: false
23:18:03.702 [FXGL Background Thread 3 ] DEBUG Engine               - isDesktop: true
23:18:03.702 [FXGL Background Thread 3 ] DEBUG Engine               - isDeveloperMenuEnabled: false
23:18:03.702 [FXGL Background Thread 3 ] DEBUG Engine               - isEntityPreloadEnabled: true
23:18:03.703 [FXGL Background Thread 3 ] DEBUG Engine               - isExperimentalTiledLargeMap: false
23:18:03.703 [FXGL Background Thread 3 ] DEBUG Engine               - isFileSystemWriteAllowed: true
23:18:03.703 [FXGL Background Thread 3 ] DEBUG Engine               - isFullScreenAllowed: false
23:18:03.703 [FXGL Background Thread 3 ] DEBUG Engine               - isFullScreenFromStart: false
23:18:03.703 [FXGL Background Thread 3 ] DEBUG Engine               - isGameMenuEnabled: true
23:18:03.703 [FXGL Background Thread 3 ] DEBUG Engine               - isIOS: false
23:18:03.703 [FXGL Background Thread 3 ] DEBUG Engine               - isIntroEnabled: false
23:18:03.703 [FXGL Background Thread 3 ] DEBUG Engine               - isLinux: false
23:18:03.703 [FXGL Background Thread 3 ] DEBUG Engine               - isMac: false
23:18:03.703 [FXGL Background Thread 3 ] DEBUG Engine               - isMainMenuEnabled: true
23:18:03.703 [FXGL Background Thread 3 ] DEBUG Engine               - isManualResizeEnabled: false
23:18:03.703 [FXGL Background Thread 3 ] DEBUG Engine               - isMobile: false
23:18:03.703 [FXGL Background Thread 3 ] DEBUG Engine               - isNative: false
23:18:03.703 [FXGL Background Thread 3 ] DEBUG Engine               - isPauseMusicWhenMinimized: true
23:18:03.703 [FXGL Background Thread 3 ] DEBUG Engine               - isPreserveResizeRatio: false
23:18:03.703 [FXGL Background Thread 3 ] DEBUG Engine               - isProfilingEnabled: false
23:18:03.703 [FXGL Background Thread 3 ] DEBUG Engine               - isScaleAffectedOnResize: true
23:18:03.704 [FXGL Background Thread 3 ] DEBUG Engine               - isSingleStep: false
23:18:03.704 [FXGL Background Thread 3 ] DEBUG Engine               - isUserProfileEnabled: false
23:18:03.704 [FXGL Background Thread 3 ] DEBUG Engine               - isWindows: true
23:18:03.704 [FXGL Background Thread 3 ] DEBUG Engine               - language: ObjectProperty [value: ENGLISH]
23:18:03.704 [FXGL Background Thread 3 ] DEBUG Engine               - menuKey: ESCAPE
23:18:03.704 [FXGL Background Thread 3 ] DEBUG Engine               - mouseSensitivity: 0.2
23:18:03.704 [FXGL Background Thread 3 ] DEBUG Engine               - notificationViewClass: class com.almasb.fxgl.notification.view.XboxNotificationView
23:18:03.704 [FXGL Background Thread 3 ] DEBUG Engine               - pixelsPerMeter: 50.0
23:18:03.704 [FXGL Background Thread 3 ] DEBUG Engine               - platform: WINDOWS
23:18:03.704 [FXGL Background Thread 3 ] DEBUG Engine               - prefHeightProperty: ReadOnlyDoubleProperty [value: 1080.0]
23:18:03.704 [FXGL Background Thread 3 ] DEBUG Engine               - prefWidthProperty: ReadOnlyDoubleProperty [value: 1980.0]
23:18:03.704 [FXGL Background Thread 3 ] DEBUG Engine               - profileDir: profiles/
23:18:03.704 [FXGL Background Thread 3 ] DEBUG Engine               - profileName: StringProperty [value: DEFAULT]
23:18:03.704 [FXGL Background Thread 3 ] DEBUG Engine               - randomSeed: -1
23:18:03.704 [FXGL Background Thread 3 ] DEBUG Engine               - runtimeInfo: RuntimeInfo(platform=WINDOWS, version=11.17, build=16.07.2021 15.46)
23:18:03.704 [FXGL Background Thread 3 ] DEBUG Engine               - saveFileExt: sav
23:18:03.705 [FXGL Background Thread 3 ] DEBUG Engine               - scaledHeightProp$fxgl: DoubleProperty [bound, value: 823.0]
23:18:03.705 [FXGL Background Thread 3 ] DEBUG Engine               - scaledWidthProp$fxgl: DoubleProperty [bound, value: 1485.0]
23:18:03.705 [FXGL Background Thread 3 ] DEBUG Engine               - sceneFactory: com.almasb.fxgl.app.scene.SceneFactory@1963ee2e
23:18:03.705 [FXGL Background Thread 3 ] DEBUG Engine               - secondsIn24h: 60
23:18:03.705 [FXGL Background Thread 3 ] DEBUG Engine               - soundMenuBack: menu/back.wav
23:18:03.705 [FXGL Background Thread 3 ] DEBUG Engine               - soundMenuPress: menu/press.wav
23:18:03.705 [FXGL Background Thread 3 ] DEBUG Engine               - soundMenuSelect: menu/select.wav
23:18:03.705 [FXGL Background Thread 3 ] DEBUG Engine               - soundNotification: core/notification.wav
23:18:03.705 [FXGL Background Thread 3 ] DEBUG Engine               - stageStyle: DECORATED
23:18:03.705 [FXGL Background Thread 3 ] DEBUG Engine               - supportedLanguages: [ENGLISH, FRENCH, GERMAN, HUNGARIAN, RUSSIAN]
23:18:03.705 [FXGL Background Thread 3 ] DEBUG Engine               - ticksPerSecond: -1
23:18:03.705 [FXGL Background Thread 3 ] DEBUG Engine               - title: Speedy Plane
23:18:03.705 [FXGL Background Thread 3 ] DEBUG Engine               - urlGithub: https://github.com/AlmasB/FXGL
23:18:03.705 [FXGL Background Thread 3 ] DEBUG Engine               - urlLeaderboard: http://fxgl-top.herokuapp.com/
23:18:03.705 [FXGL Background Thread 3 ] DEBUG Engine               - urlPOM: https://raw.githubusercontent.com/AlmasB/FXGL/release/README.md
23:18:03.705 [FXGL Background Thread 3 ] DEBUG Engine               - userAppClass: class com.almasb.fxglgames.flappy.FlappyBirdApp
23:18:03.705 [FXGL Background Thread 3 ] DEBUG Engine               - version: 1.0
23:18:03.705 [FXGL Background Thread 3 ] DEBUG Engine               - versionCheckDays: 7
23:18:03.706 [FXGL Background Thread 3 ] DEBUG Engine               - width: 1980
23:18:03.706 [FXGL Background Thread 3 ] DEBUG Engine               - Logging services
23:18:03.706 [FXGL Background Thread 3 ] DEBUG Engine               - class com.almasb.fxgl.app.services.FXGLAssetLoaderService
23:18:03.706 [FXGL Background Thread 3 ] DEBUG Engine               - class com.almasb.fxgl.app.FXGLApplication$GameApplicationService
23:18:03.706 [FXGL Background Thread 3 ] DEBUG Engine               - class com.almasb.fxgl.app.services.FXGLDialogService
23:18:03.706 [FXGL Background Thread 3 ] DEBUG Engine               - class com.almasb.fxgl.app.services.IOTaskExecutorService
23:18:03.706 [FXGL Background Thread 3 ] DEBUG Engine               - class com.almasb.fxgl.io.FileSystemService
23:18:03.706 [FXGL Background Thread 3 ] DEBUG Engine               - class com.almasb.fxgl.localization.LocalizationService
23:18:03.706 [FXGL Background Thread 3 ] DEBUG Engine               - class com.almasb.fxgl.app.services.SystemBundleService
23:18:03.706 [FXGL Background Thread 3 ] DEBUG Engine               - class com.almasb.fxgl.profile.SaveLoadService
23:18:03.706 [FXGL Background Thread 3 ] DEBUG Engine               - class com.almasb.fxgl.ui.FXGLUIFactoryServiceProvider
23:18:03.706 [FXGL Background Thread 3 ] DEBUG Engine               - class com.almasb.fxgl.ui.FXGLDialogFactoryServiceProvider
23:18:03.706 [FXGL Background Thread 3 ] DEBUG Engine               - class com.almasb.fxgl.audio.AudioPlayer
23:18:03.706 [FXGL Background Thread 3 ] DEBUG Engine               - class com.almasb.fxgl.notification.impl.NotificationServiceProvider
23:18:03.707 [FXGL Background Thread 3 ] DEBUG Engine               - class com.almasb.fxgl.achievement.AchievementService
23:18:03.707 [FXGL Background Thread 3 ] DEBUG Engine               - class com.almasb.fxgl.cutscene.CutsceneService
23:18:03.707 [FXGL Background Thread 3 ] DEBUG Engine               - class com.almasb.fxgl.minigames.MiniGameService
23:18:03.707 [FXGL Background Thread 3 ] DEBUG Engine               - class com.almasb.fxgl.net.NetService
23:18:03.707 [FXGL Background Thread 3 ] DEBUG Engine               - class com.almasb.fxgl.app.services.UpdaterService
23:18:03.707 [FXGL Background Thread 3 ] DEBUG Engine               - class com.almasb.fxgl.dev.DevService
23:18:04.265 [JavaFX Application Thread] DEBUG Input                - Mocking key press: Space
23:18:04.326 [JavaFX Application Thread] DEBUG Input                - Mocking key release: Space
23:18:05.404 [JavaFX Application Thread] DEBUG Input                - Mocking key press: Space
23:18:05.500 [JavaFX Application Thread] DEBUG Input                - Mocking key release: Space
23:18:06.488 [JavaFX Application Thread] DEBUG Input                - Mocking key press: Space
23:18:06.571 [JavaFX Application Thread] DEBUG Input                - Mocking key release: Space
23:18:07.628 [JavaFX Application Thread] DEBUG Input                - Mocking key press: Space
23:18:07.693 [JavaFX Application Thread] DEBUG Input                - Mocking key release: Space
23:18:08.702 [JavaFX Application Thread] DEBUG Input                - Mocking key press: Space
23:18:08.761 [JavaFX Application Thread] DEBUG Input                - Mocking key release: Space
23:18:09.893 [JavaFX Application Thread] DEBUG Input                - Mocking key press: Space
23:18:09.965 [JavaFX Application Thread] DEBUG Input                - Mocking key release: Space
23:18:11.103 [JavaFX Application Thread] DEBUG PrimaryStageWindow   - Push state: DialogSubScene
23:18:11.103 [JavaFX Application Thread] DEBUG Input                - Clearing active input actions
23:18:11.103 [JavaFX Application Thread] DEBUG GameApplicationServi - Removing overlay from GameScene and adding to DialogSubScene
23:18:11.103 [JavaFX Application Thread] DEBUG PrimaryStageWindow   - GameScene -> DialogSubScene
23:18:13.613 [JavaFX Application Thread] DEBUG FXGLApplication      - Exiting FXGL
23:18:13.613 [JavaFX Application Thread] DEBUG LoopRunner           - Stopping loop
23:18:13.613 [JavaFX Application Thread] DEBUG SystemBundleService  - Saving FXGL system data
23:18:13.615 [JavaFX Application Thread] DEBUG FileSystemAccess     - Writing to: C:\Users\chunh\IdeaProjects\catprojecttrail1\system\fxgl.bundle
23:18:13.616 [JavaFX Application Thread] DEBUG Async                - Shutting down background threads
23:18:13.616 [JavaFX Application Thread] DEBUG PrimaryStageWindow   - Closing main window
23:18:13.632 [JavaFX Application Thread] DEBUG Logger               - Closing Logger
