15:07:09.087 [main                     ] DEBUG Logger               - Configured Logger
15:07:09.087 [main                     ] DEBUG GameApplication      - Logging settings
Title: Speedy Plane
Version: 1.0
Width: 1980
Height: 1080
Fullscreen: false
Intro: false
Profiling: false
Single step:false
App Mode: DEVELOPER
Menu Key: ESCAPE
Stage Style: DECORATED
Scene Factory: class com.almasb.fxgl.app.scene.SceneFactory

15:07:09.786 [JavaFX Application Thread] DEBUG FXGLApplication      - Initializing FXGL
15:07:09.789 [JavaFX Application Thread] INFO  Engine               - FXGL-11.17 (16.07.2021 15.46) on WINDOWS (J:17.0.1 FX:16)
15:07:09.789 [JavaFX Application Thread] DEBUG Engine               - JRE Vendor Name: Oracle Corporation
15:07:09.790 [JavaFX Application Thread] DEBUG Engine               - Running on OS: Windows 10 version 10.0
15:07:09.790 [JavaFX Application Thread] DEBUG Engine               - Architecture: amd64
15:07:09.790 [JavaFX Application Thread] INFO  Engine               - Source code and latest versions at: https://github.com/AlmasB/FXGL
15:07:09.790 [JavaFX Application Thread] INFO  Engine               -              Join the FXGL chat at: https://gitter.im/AlmasB/FXGL
15:07:09.953 [JavaFX Application Thread] DEBUG PrimaryStageWindow   - Creating a JavaFX scene
15:07:09.953 [JavaFX Application Thread] DEBUG PrimaryStageWindow   - Target size > screen size
15:07:10.018 [JavaFX Application Thread] DEBUG PrimaryStageWindow   - Target settings size: 1980.0 x 1080.0
15:07:10.018 [JavaFX Application Thread] DEBUG PrimaryStageWindow   - Scaled scene size:    1485.0 x 823.0
15:07:10.018 [JavaFX Application Thread] DEBUG PrimaryStageWindow   - Scaled ratio: (0.75, 0.7620370370370371)
15:07:10.019 [JavaFX Application Thread] DEBUG PrimaryStageWindow   - Set initial scene to FXGLStartupScene
15:07:10.032 [JavaFX Application Thread] DEBUG PrimaryStageWindow   - Opening main window
15:07:10.171 [JavaFX Application Thread] DEBUG PrimaryStageWindow   - Window border size: (15.0, 37.79998779296875)
15:07:10.172 [JavaFX Application Thread] DEBUG PrimaryStageWindow   - Scaled size: 1485.0 x 823.0
15:07:10.173 [JavaFX Application Thread] DEBUG PrimaryStageWindow   - Scaled ratio: (0.75, 0.7620370370370371)
15:07:10.173 [JavaFX Application Thread] DEBUG PrimaryStageWindow   - Scene size: 1485.0 x 823.0
15:07:10.173 [JavaFX Application Thread] DEBUG PrimaryStageWindow   - Stage size: 1500.0 x 860.7999877929688
15:07:10.190 [FXGL Background Thread 1 ] DEBUG Engine               - Initializing environment variables
15:07:10.298 [FXGL Background Thread 1 ] DEBUG FXGLAssetLoaderServi - User app class for loading assets: class com.almasb.fxglgames.flappy.FlappyBirdApp
15:07:10.298 [FXGL Background Thread 1 ] DEBUG GameApplicationServi - Applying CSS: fxgl_dark.css
15:07:10.300 [FXGL Background Thread 1 ] DEBUG FXGLAssetLoaderServi - Loading from file system: jar:file:/C:/Users/chunh/.m2/repository/com/github/almasb/fxgl/11.17/fxgl-11.17.jar!/fxglassets/ui/css/fxgl_dark.css
15:07:10.377 [FXGL Background Thread 1 ] DEBUG GameApplicationServi - Initializing application scenes
15:07:10.442 [FXGL Background Thread 1 ] DEBUG GameWorld            - Game world initialized
15:07:10.514 [FXGL Background Thread 1 ] DEBUG PhysicsWorld         - Physics world initialized: appHeight=1080, physics.ppm=50.0
15:07:10.515 [FXGL Background Thread 1 ] DEBUG PhysicsWorld         - Using strategy: BRUTE_FORCE
15:07:10.518 [FXGL Background Thread 1 ] DEBUG GameScene            - Game scene initialized: 1980x1080
15:07:10.536 [FXGL Background Thread 1 ] DEBUG FXGL.DefaultMenu     - createMenuBodyMainMenu()
15:07:10.559 [FXGL Background Thread 1 ] DEBUG FXGL.DefaultMenu     - createOptionsMenu()
15:07:10.571 [FXGL Background Thread 1 ] DEBUG FXGLAssetLoaderServi - Loading from file system: jar:file:/C:/Users/chunh/.m2/repository/com/github/almasb/fxgl/11.17/fxgl-11.17.jar!/fxglassets/textures/particles/smoke.png
15:07:10.698 [FXGL Background Thread 1 ] DEBUG FXGLAssetLoaderServi - Loading from file system: jar:file:/C:/Users/chunh/.m2/repository/com/github/almasb/fxgl/11.17/fxgl-11.17.jar!/fxglassets/textures/particles/trace_horizontal.png
15:07:10.720 [FXGL Background Thread 1 ] DEBUG FXGL.DefaultMenu     - createMenuBodyGameMenu()
15:07:10.722 [FXGL Background Thread 1 ] DEBUG FXGL.DefaultMenu     - createOptionsMenu()
15:07:10.748 [FXGL Background Thread 1 ] DEBUG GameApplicationServi - Application scenes initialized
15:07:10.760 [FXGL Background Thread 1 ] DEBUG SystemBundleService  - Loading FXGL system data
15:07:10.765 [FXGL Background Thread 1 ] DEBUG FileSystemAccess     - Reading from: C:\Users\chunh\IdeaProjects\catprojecttrail1\system\fxgl.bundle
15:07:10.772 [FXGL Background Thread 1 ] DEBUG SystemBundleService  - Bundle FXGL: {}
15:07:10.772 [FXGL Background Thread 1 ] DEBUG UpdaterService       - Checking for updates
15:07:10.777 [FXGL Background Thread 4 ] DEBUG FXGLApplication      - Loading fonts
15:07:10.777 [FXGL Background Thread 4 ] DEBUG FXGLAssetLoaderServi - Loading from file system: jar:file:/C:/Users/chunh/.m2/repository/com/github/almasb/fxgl/11.17/fxgl-11.17.jar!/fxglassets/ui/fonts/VarelaRound-Regular.ttf
15:07:10.777 [FXGL Background Thread 1 ] DEBUG FXGLApplication      - Loading default localization
15:07:10.778 [FXGL Background Thread 1 ] DEBUG FXGLAssetLoaderServi - Loading from file system: jar:file:/C:/Users/chunh/.m2/repository/com/github/almasb/fxgl/11.17/fxgl-11.17.jar!/fxglassets/languages/english.lang
15:07:10.801 [FXGL Background Thread 1 ] INFO  FXGLApplication      - FXGL initialization took: 0.611 sec
15:07:10.809 [JavaFX Application Thread] DEBUG Input                - Registered new binding: Jump - Space
15:07:10.810 [JavaFX Application Thread] DEBUG FXGLAssetLoaderServi - Loading from file system: file:/C:/Users/chunh/IdeaProjects/catprojecttrail1/target/classes/assets/music/bgm.mp3
15:07:10.846 [FXGL Background Thread 4 ] DEBUG FXGLAssetLoaderServi - Loading from file system: jar:file:/C:/Users/chunh/.m2/repository/com/github/almasb/fxgl/11.17/fxgl-11.17.jar!/fxglassets/ui/fonts/Abel-Regular.ttf
15:07:10.851 [FXGL Background Thread 4 ] DEBUG FXGLAssetLoaderServi - Loading from file system: jar:file:/C:/Users/chunh/.m2/repository/com/github/almasb/fxgl/11.17/fxgl-11.17.jar!/fxglassets/ui/fonts/lucida_console.ttf
15:07:10.859 [FXGL Background Thread 4 ] DEBUG FXGLAssetLoaderServi - Loading from file system: jar:file:/C:/Users/chunh/.m2/repository/com/github/almasb/fxgl/11.17/fxgl-11.17.jar!/fxglassets/ui/fonts/Courier-Prime.ttf
15:07:10.967 [JavaFX Application Thread] DEBUG AudioPlayer          - Playing music com.almasb.fxgl.audio.Music@5604cb83
15:07:10.967 [JavaFX Application Thread] DEBUG FXGLAssetLoaderServi - Loading from file system: jar:file:/C:/Users/chunh/.m2/repository/com/github/almasb/fxgl/11.17/fxgl-11.17.jar!/fxglassets/textures/fxgl_icon.png
15:07:10.986 [JavaFX Application Thread] DEBUG FXGLAssetLoaderServi - Loading from file system: jar:file:/C:/Users/chunh/.m2/repository/com/github/almasb/fxgl/11.17/fxgl-11.17.jar!/fxglassets/textures/fxgl_default_cursor.png
15:07:10.988 [JavaFX Application Thread] DEBUG Input                - Registered new binding: Screenshot - CTRL+8
15:07:10.989 [JavaFX Application Thread] DEBUG Input                - Registered new binding: System info dump - CTRL+9
15:07:10.989 [JavaFX Application Thread] DEBUG Input                - Registered new binding: Restart - CTRL+R
15:07:10.991 [JavaFX Application Thread] DEBUG Input                - Registered new binding: Toggle Debug Camera - CTRL+C
15:07:10.994 [JavaFX Application Thread] DEBUG LoopRunner           - Starting loop
15:07:10.995 [JavaFX Application Thread] DEBUG LoopRunner           - Initializing JavaFX AnimationTimerLoop
15:07:10.999 [JavaFX Application Thread] DEBUG Input                - Clearing active input actions
15:07:11.014 [JavaFX Application Thread] DEBUG GameApplicationServi - Removing overlay from FXGLStartupScene and adding to FXGLMainMenuDummyScene
15:07:11.015 [JavaFX Application Thread] DEBUG PrimaryStageWindow   - FXGLStartupScene -> FXGLMainMenuDummyScene
15:07:11.015 [JavaFX Application Thread] DEBUG PrimaryStageWindow   - Push state: FXGLDefaultMenu
15:07:11.027 [JavaFX Application Thread] DEBUG Input                - Clearing active input actions
15:07:11.041 [JavaFX Application Thread] DEBUG GameApplicationServi - Removing overlay from FXGLMainMenuDummyScene and adding to FXGLDefaultMenu
15:07:11.042 [JavaFX Application Thread] DEBUG PrimaryStageWindow   - FXGLMainMenuDummyScene -> FXGLDefaultMenu
15:07:11.045 [JavaFX Application Thread] DEBUG FXGLApplication      - Registering font factories with UI factory
15:07:11.530 [FXGL Background Thread 2 ] INFO  UpdaterService       - Your current version:  11.17
15:07:11.530 [FXGL Background Thread 2 ] INFO  UpdaterService       - Latest stable version: 17
15:07:13.778 [FXGL Background Thread 3 ] DEBUG Engine               - Logging environment variables
15:07:13.778 [FXGL Background Thread 3 ] DEBUG Engine               - achievements: []
15:07:13.778 [FXGL Background Thread 3 ] DEBUG Engine               - actualHeight: 823.0
15:07:13.778 [FXGL Background Thread 3 ] DEBUG Engine               - actualHeightProperty: ReadOnlyDoubleProperty [value: 823.0]
15:07:13.778 [FXGL Background Thread 3 ] DEBUG Engine               - actualWidth: 1485.0
15:07:13.778 [FXGL Background Thread 3 ] DEBUG Engine               - actualWidthProperty: ReadOnlyDoubleProperty [value: 1485.0]
15:07:13.779 [FXGL Background Thread 3 ] DEBUG Engine               - appIcon: fxgl_icon.png
15:07:13.779 [FXGL Background Thread 3 ] DEBUG Engine               - applicationMode: DEVELOPER
15:07:13.779 [FXGL Background Thread 3 ] DEBUG Engine               - cSSList: [fxgl_dark.css]
15:07:13.779 [FXGL Background Thread 3 ] DEBUG Engine               - collisionDetectionStrategy: BRUTE_FORCE
15:07:13.779 [FXGL Background Thread 3 ] DEBUG Engine               - configClass: Optional.empty
15:07:13.779 [FXGL Background Thread 3 ] DEBUG Engine               - credits: []
15:07:13.779 [FXGL Background Thread 3 ] DEBUG Engine               - defaultCursor: CursorInfo(imageName=fxgl_default_cursor.png, hotspotX=7.0, hotspotY=6.0)
15:07:13.779 [FXGL Background Thread 3 ] DEBUG Engine               - devBBoxColorProperty: ObjectProperty [value: 0xff0000ff]
15:07:13.780 [FXGL Background Thread 3 ] DEBUG Engine               - devEnableDebugCameraProperty: BooleanProperty [value: false]
15:07:13.780 [FXGL Background Thread 3 ] DEBUG Engine               - devSensorColorProperty: ObjectProperty [value: 0xffff00ff]
15:07:13.780 [FXGL Background Thread 3 ] DEBUG Engine               - devShowBBoxProperty: BooleanProperty [value: false]
15:07:13.780 [FXGL Background Thread 3 ] DEBUG Engine               - devShowPositionProperty: BooleanProperty [value: false]
15:07:13.780 [FXGL Background Thread 3 ] DEBUG Engine               - enabledMenuItems: []
15:07:13.780 [FXGL Background Thread 3 ] DEBUG Engine               - engineServices: [class com.almasb.fxgl.app.services.FXGLAssetLoaderService, class com.almasb.fxgl.app.FXGLApplication$GameApplicationService, class com.almasb.fxgl.app.services.FXGLDialogService, class com.almasb.fxgl.app.services.IOTaskExecutorService, class com.almasb.fxgl.io.FileSystemService, class com.almasb.fxgl.localization.LocalizationService, class com.almasb.fxgl.app.services.SystemBundleService, class com.almasb.fxgl.profile.SaveLoadService, class com.almasb.fxgl.ui.FXGLUIFactoryServiceProvider, class com.almasb.fxgl.ui.FXGLDialogFactoryServiceProvider, class com.almasb.fxgl.audio.AudioPlayer, class com.almasb.fxgl.notification.impl.NotificationServiceProvider, class com.almasb.fxgl.achievement.AchievementService, class com.almasb.fxgl.cutscene.CutsceneService, class com.almasb.fxgl.minigames.MiniGameService, class com.almasb.fxgl.net.NetService, class com.almasb.fxgl.app.services.UpdaterService, class com.almasb.fxgl.dev.DevService]
15:07:13.780 [FXGL Background Thread 3 ] DEBUG Engine               - fontGame: Abel-Regular.ttf
15:07:13.781 [FXGL Background Thread 3 ] DEBUG Engine               - fontMono: lucida_console.ttf
15:07:13.781 [FXGL Background Thread 3 ] DEBUG Engine               - fontText: Courier-Prime.ttf
15:07:13.781 [FXGL Background Thread 3 ] DEBUG Engine               - fontUI: VarelaRound-Regular.ttf
15:07:13.781 [FXGL Background Thread 3 ] DEBUG Engine               - fullScreen: BooleanProperty [value: false]
15:07:13.781 [FXGL Background Thread 3 ] DEBUG Engine               - gameDifficulty: MEDIUM
15:07:13.781 [FXGL Background Thread 3 ] DEBUG Engine               - gameDifficultyProperty: ObjectProperty [value: MEDIUM]
15:07:13.781 [FXGL Background Thread 3 ] DEBUG Engine               - globalMusicVolume: 0.5
15:07:13.782 [FXGL Background Thread 3 ] DEBUG Engine               - globalMusicVolumeProperty: DoubleProperty [value: 0.5]
15:07:13.782 [FXGL Background Thread 3 ] DEBUG Engine               - globalSoundVolume: 0.5
15:07:13.782 [FXGL Background Thread 3 ] DEBUG Engine               - globalSoundVolumeProperty: DoubleProperty [value: 0.5]
15:07:13.782 [FXGL Background Thread 3 ] DEBUG Engine               - height: 1080
15:07:13.782 [FXGL Background Thread 3 ] DEBUG Engine               - is3D: false
15:07:13.783 [FXGL Background Thread 3 ] DEBUG Engine               - isAndroid: false
15:07:13.783 [FXGL Background Thread 3 ] DEBUG Engine               - isBrowser: false
15:07:13.783 [FXGL Background Thread 3 ] DEBUG Engine               - isClickFeedbackEnabled: false
15:07:13.783 [FXGL Background Thread 3 ] DEBUG Engine               - isCloseConfirmation: false
15:07:13.783 [FXGL Background Thread 3 ] DEBUG Engine               - isDesktop: true
15:07:13.783 [FXGL Background Thread 3 ] DEBUG Engine               - isDeveloperMenuEnabled: false
15:07:13.783 [FXGL Background Thread 3 ] DEBUG Engine               - isEntityPreloadEnabled: true
15:07:13.783 [FXGL Background Thread 3 ] DEBUG Engine               - isExperimentalTiledLargeMap: false
15:07:13.783 [FXGL Background Thread 3 ] DEBUG Engine               - isFileSystemWriteAllowed: true
15:07:13.783 [FXGL Background Thread 3 ] DEBUG Engine               - isFullScreenAllowed: false
15:07:13.784 [FXGL Background Thread 3 ] DEBUG Engine               - isFullScreenFromStart: false
15:07:13.784 [FXGL Background Thread 3 ] DEBUG Engine               - isGameMenuEnabled: true
15:07:13.784 [FXGL Background Thread 3 ] DEBUG Engine               - isIOS: false
15:07:13.784 [FXGL Background Thread 3 ] DEBUG Engine               - isIntroEnabled: false
15:07:13.784 [FXGL Background Thread 3 ] DEBUG Engine               - isLinux: false
15:07:13.784 [FXGL Background Thread 3 ] DEBUG Engine               - isMac: false
15:07:13.784 [FXGL Background Thread 3 ] DEBUG Engine               - isMainMenuEnabled: true
15:07:13.784 [FXGL Background Thread 3 ] DEBUG Engine               - isManualResizeEnabled: false
15:07:13.785 [FXGL Background Thread 3 ] DEBUG Engine               - isMobile: false
15:07:13.785 [FXGL Background Thread 3 ] DEBUG Engine               - isNative: false
15:07:13.785 [FXGL Background Thread 3 ] DEBUG Engine               - isPauseMusicWhenMinimized: true
15:07:13.785 [FXGL Background Thread 3 ] DEBUG Engine               - isPreserveResizeRatio: false
15:07:13.785 [FXGL Background Thread 3 ] DEBUG Engine               - isProfilingEnabled: false
15:07:13.785 [FXGL Background Thread 3 ] DEBUG Engine               - isScaleAffectedOnResize: true
15:07:13.786 [FXGL Background Thread 3 ] DEBUG Engine               - isSingleStep: false
15:07:13.786 [FXGL Background Thread 3 ] DEBUG Engine               - isUserProfileEnabled: false
15:07:13.786 [FXGL Background Thread 3 ] DEBUG Engine               - isWindows: true
15:07:13.786 [FXGL Background Thread 3 ] DEBUG Engine               - language: ObjectProperty [value: ENGLISH]
15:07:13.786 [FXGL Background Thread 3 ] DEBUG Engine               - menuKey: ESCAPE
15:07:13.786 [FXGL Background Thread 3 ] DEBUG Engine               - mouseSensitivity: 0.2
15:07:13.786 [FXGL Background Thread 3 ] DEBUG Engine               - notificationViewClass: class com.almasb.fxgl.notification.view.XboxNotificationView
15:07:13.786 [FXGL Background Thread 3 ] DEBUG Engine               - pixelsPerMeter: 50.0
15:07:13.787 [FXGL Background Thread 3 ] DEBUG Engine               - platform: WINDOWS
15:07:13.787 [FXGL Background Thread 3 ] DEBUG Engine               - prefHeightProperty: ReadOnlyDoubleProperty [value: 1080.0]
15:07:13.787 [FXGL Background Thread 3 ] DEBUG Engine               - prefWidthProperty: ReadOnlyDoubleProperty [value: 1980.0]
15:07:13.787 [FXGL Background Thread 3 ] DEBUG Engine               - profileDir: profiles/
15:07:13.787 [FXGL Background Thread 3 ] DEBUG Engine               - profileName: StringProperty [value: DEFAULT]
15:07:13.787 [FXGL Background Thread 3 ] DEBUG Engine               - randomSeed: -1
15:07:13.787 [FXGL Background Thread 3 ] DEBUG Engine               - runtimeInfo: RuntimeInfo(platform=WINDOWS, version=11.17, build=16.07.2021 15.46)
15:07:13.787 [FXGL Background Thread 3 ] DEBUG Engine               - saveFileExt: sav
15:07:13.787 [FXGL Background Thread 3 ] DEBUG Engine               - scaledHeightProp$fxgl: DoubleProperty [bound, value: 823.0]
15:07:13.787 [FXGL Background Thread 3 ] DEBUG Engine               - scaledWidthProp$fxgl: DoubleProperty [bound, value: 1485.0]
15:07:13.788 [FXGL Background Thread 3 ] DEBUG Engine               - sceneFactory: com.almasb.fxgl.app.scene.SceneFactory@5fbee074
15:07:13.788 [FXGL Background Thread 3 ] DEBUG Engine               - secondsIn24h: 60
15:07:13.788 [FXGL Background Thread 3 ] DEBUG Engine               - soundMenuBack: menu/back.wav
15:07:13.788 [FXGL Background Thread 3 ] DEBUG Engine               - soundMenuPress: menu/press.wav
15:07:13.788 [FXGL Background Thread 3 ] DEBUG Engine               - soundMenuSelect: menu/select.wav
15:07:13.788 [FXGL Background Thread 3 ] DEBUG Engine               - soundNotification: core/notification.wav
15:07:13.788 [FXGL Background Thread 3 ] DEBUG Engine               - stageStyle: DECORATED
15:07:13.789 [FXGL Background Thread 3 ] DEBUG Engine               - supportedLanguages: [ENGLISH, FRENCH, GERMAN, HUNGARIAN, RUSSIAN]
15:07:13.789 [FXGL Background Thread 3 ] DEBUG Engine               - ticksPerSecond: -1
15:07:13.789 [FXGL Background Thread 3 ] DEBUG Engine               - title: Speedy Plane
15:07:13.789 [FXGL Background Thread 3 ] DEBUG Engine               - urlGithub: https://github.com/AlmasB/FXGL
15:07:13.789 [FXGL Background Thread 3 ] DEBUG Engine               - urlLeaderboard: http://fxgl-top.herokuapp.com/
15:07:13.789 [FXGL Background Thread 3 ] DEBUG Engine               - urlPOM: https://raw.githubusercontent.com/AlmasB/FXGL/release/README.md
15:07:13.789 [FXGL Background Thread 3 ] DEBUG Engine               - userAppClass: class com.almasb.fxglgames.flappy.FlappyBirdApp
15:07:13.789 [FXGL Background Thread 3 ] DEBUG Engine               - version: 1.0
15:07:13.789 [FXGL Background Thread 3 ] DEBUG Engine               - versionCheckDays: 7
15:07:13.789 [FXGL Background Thread 3 ] DEBUG Engine               - width: 1980
15:07:13.789 [FXGL Background Thread 3 ] DEBUG Engine               - Logging services
15:07:13.789 [FXGL Background Thread 3 ] DEBUG Engine               - class com.almasb.fxgl.app.services.FXGLAssetLoaderService
15:07:13.790 [FXGL Background Thread 3 ] DEBUG Engine               - class com.almasb.fxgl.app.FXGLApplication$GameApplicationService
15:07:13.790 [FXGL Background Thread 3 ] DEBUG Engine               - class com.almasb.fxgl.app.services.FXGLDialogService
15:07:13.790 [FXGL Background Thread 3 ] DEBUG Engine               - class com.almasb.fxgl.app.services.IOTaskExecutorService
15:07:13.790 [FXGL Background Thread 3 ] DEBUG Engine               - class com.almasb.fxgl.io.FileSystemService
15:07:13.790 [FXGL Background Thread 3 ] DEBUG Engine               - class com.almasb.fxgl.localization.LocalizationService
15:07:13.790 [FXGL Background Thread 3 ] DEBUG Engine               - class com.almasb.fxgl.app.services.SystemBundleService
15:07:13.790 [FXGL Background Thread 3 ] DEBUG Engine               - class com.almasb.fxgl.profile.SaveLoadService
15:07:13.790 [FXGL Background Thread 3 ] DEBUG Engine               - class com.almasb.fxgl.ui.FXGLUIFactoryServiceProvider
15:07:13.790 [FXGL Background Thread 3 ] DEBUG Engine               - class com.almasb.fxgl.ui.FXGLDialogFactoryServiceProvider
15:07:13.790 [FXGL Background Thread 3 ] DEBUG Engine               - class com.almasb.fxgl.audio.AudioPlayer
15:07:13.790 [FXGL Background Thread 3 ] DEBUG Engine               - class com.almasb.fxgl.notification.impl.NotificationServiceProvider
15:07:13.790 [FXGL Background Thread 3 ] DEBUG Engine               - class com.almasb.fxgl.achievement.AchievementService
15:07:13.790 [FXGL Background Thread 3 ] DEBUG Engine               - class com.almasb.fxgl.cutscene.CutsceneService
15:07:13.790 [FXGL Background Thread 3 ] DEBUG Engine               - class com.almasb.fxgl.minigames.MiniGameService
15:07:13.790 [FXGL Background Thread 3 ] DEBUG Engine               - class com.almasb.fxgl.net.NetService
15:07:13.790 [FXGL Background Thread 3 ] DEBUG Engine               - class com.almasb.fxgl.app.services.UpdaterService
15:07:13.790 [FXGL Background Thread 3 ] DEBUG Engine               - class com.almasb.fxgl.dev.DevService
15:07:18.411 [JavaFX Application Thread] DEBUG Menu                 - fireNewGame()
15:07:18.411 [JavaFX Application Thread] DEBUG GameApplicationServi - Starting new game
15:07:18.443 [JavaFX Application Thread] DEBUG PrimaryStageWindow   - Pop state: FXGLDefaultMenu
15:07:18.443 [JavaFX Application Thread] DEBUG Input                - Clearing active input actions
15:07:18.444 [JavaFX Application Thread] DEBUG GameApplicationServi - Removing overlay from FXGLDefaultMenu and adding to FXGLMainMenuDummyScene
15:07:18.445 [JavaFX Application Thread] DEBUG PrimaryStageWindow   - FXGLMainMenuDummyScene <- FXGLDefaultMenu
15:07:18.445 [JavaFX Application Thread] DEBUG Input                - Clearing active input actions
15:07:18.453 [JavaFX Application Thread] DEBUG GameApplicationServi - Removing overlay from FXGLMainMenuDummyScene and adding to FXGLLoadingScene
15:07:18.453 [JavaFX Application Thread] DEBUG PrimaryStageWindow   - FXGLMainMenuDummyScene -> FXGLLoadingScene
15:07:18.453 [JavaFX Application Thread] DEBUG GameApplicationServi - Clearing previous game
15:07:18.454 [JavaFX Application Thread] DEBUG GameScene            - Clearing game scene
15:07:18.454 [JavaFX Application Thread] DEBUG GameWorld            - Clearing game world
15:07:18.454 [JavaFX Application Thread] DEBUG PhysicsWorld         - Clearing physics world
15:07:18.456 [FXGL Background Thread 2 ] DEBUG FXGLApplication      - Initializing game
15:07:18.474 [FXGL Background Thread 2 ] DEBUG FXGLAssetLoaderServi - Loading from file system: file:/C:/Users/chunh/IdeaProjects/catprojecttrail1/target/classes/assets/textures/plane.png
15:07:18.528 [FXGL Background Thread 2 ] INFO  FXGLApplication      - Game initialization took: 0.071 sec
15:07:18.529 [JavaFX Application Thread] DEBUG Input                - Clearing active input actions
15:07:18.537 [JavaFX Application Thread] DEBUG GameApplicationServi - Removing overlay from FXGLLoadingScene and adding to GameScene
15:07:18.538 [JavaFX Application Thread] DEBUG PrimaryStageWindow   - FXGLLoadingScene -> GameScene
15:07:18.541 [JavaFX Application Thread] DEBUG FXGLAssetLoaderServi - Loading from file system: file:/C:/Users/chunh/IdeaProjects/catprojecttrail1/target/classes/assets/textures/cloud.png
15:07:18.550 [JavaFX Application Thread] WARN  Entity               - Entity already has component: com.almasb.fxgl.entity.components.ViewComponent
15:07:18.551 [JavaFX Application Thread] DEBUG FXGLAssetLoaderServi - Loading from file system: file:/C:/Users/chunh/IdeaProjects/catprojecttrail1/target/classes/assets/textures/blue_mountain.png
15:07:18.632 [JavaFX Application Thread] DEBUG FXGLAssetLoaderServi - Loading from file system: file:/C:/Users/chunh/IdeaProjects/catprojecttrail1/target/classes/assets/textures/bird.png
15:07:19.181 [JavaFX Application Thread] DEBUG Input                - Mocking key press: Space
15:07:19.258 [JavaFX Application Thread] DEBUG Input                - Mocking key release: Space
15:07:19.875 [JavaFX Application Thread] DEBUG PrimaryStageWindow   - Push state: DialogSubScene
15:07:19.875 [JavaFX Application Thread] DEBUG Input                - Clearing active input actions
15:07:19.876 [JavaFX Application Thread] DEBUG GameApplicationServi - Removing overlay from GameScene and adding to DialogSubScene
15:07:19.876 [JavaFX Application Thread] DEBUG PrimaryStageWindow   - GameScene -> DialogSubScene
15:07:20.675 [JavaFX Application Thread] DEBUG PrimaryStageWindow   - Pop state: DialogSubScene
15:07:20.676 [JavaFX Application Thread] DEBUG Input                - Clearing active input actions
15:07:20.676 [JavaFX Application Thread] DEBUG GameApplicationServi - Removing overlay from DialogSubScene and adding to GameScene
15:07:20.677 [JavaFX Application Thread] DEBUG PrimaryStageWindow   - GameScene <- DialogSubScene
15:07:20.677 [JavaFX Application Thread] DEBUG GameApplicationServi - Starting new game
15:07:20.677 [JavaFX Application Thread] DEBUG Input                - Clearing active input actions
15:07:20.684 [JavaFX Application Thread] DEBUG GameApplicationServi - Removing overlay from GameScene and adding to FXGLLoadingScene
15:07:20.684 [JavaFX Application Thread] DEBUG PrimaryStageWindow   - GameScene -> FXGLLoadingScene
15:07:20.684 [JavaFX Application Thread] DEBUG GameApplicationServi - Clearing previous game
15:07:20.684 [JavaFX Application Thread] DEBUG GameScene            - Clearing game scene
15:07:20.684 [JavaFX Application Thread] DEBUG GameWorld            - Clearing game world
15:07:20.687 [JavaFX Application Thread] DEBUG PhysicsWorld         - Clearing physics world
15:07:20.687 [FXGL Background Thread 2 ] DEBUG FXGLApplication      - Initializing game
15:07:20.691 [FXGL Background Thread 2 ] INFO  FXGLApplication      - Game initialization took: 0.003 sec
15:07:20.692 [JavaFX Application Thread] DEBUG Input                - Clearing active input actions
15:07:20.699 [JavaFX Application Thread] DEBUG GameApplicationServi - Removing overlay from FXGLLoadingScene and adding to GameScene
15:07:20.699 [JavaFX Application Thread] DEBUG PrimaryStageWindow   - FXGLLoadingScene -> GameScene
15:07:20.702 [JavaFX Application Thread] WARN  Entity               - Entity already has component: com.almasb.fxgl.entity.components.ViewComponent
15:07:21.099 [JavaFX Application Thread] DEBUG Input                - Mocking key press: Space
15:07:21.186 [JavaFX Application Thread] DEBUG Input                - Mocking key release: Space
15:07:21.835 [JavaFX Application Thread] DEBUG PrimaryStageWindow   - Push state: DialogSubScene
15:07:21.835 [JavaFX Application Thread] DEBUG Input                - Clearing active input actions
15:07:21.837 [JavaFX Application Thread] DEBUG GameApplicationServi - Removing overlay from GameScene and adding to DialogSubScene
15:07:21.838 [JavaFX Application Thread] DEBUG PrimaryStageWindow   - GameScene -> DialogSubScene
15:07:22.446 [JavaFX Application Thread] DEBUG PrimaryStageWindow   - Pop state: DialogSubScene
15:07:22.447 [JavaFX Application Thread] DEBUG Input                - Clearing active input actions
15:07:22.447 [JavaFX Application Thread] DEBUG GameApplicationServi - Removing overlay from DialogSubScene and adding to GameScene
15:07:22.448 [JavaFX Application Thread] DEBUG PrimaryStageWindow   - GameScene <- DialogSubScene
15:07:22.448 [JavaFX Application Thread] DEBUG GameApplicationServi - Starting new game
15:07:22.448 [JavaFX Application Thread] DEBUG Input                - Clearing active input actions
15:07:22.452 [JavaFX Application Thread] DEBUG GameApplicationServi - Removing overlay from GameScene and adding to FXGLLoadingScene
15:07:22.453 [JavaFX Application Thread] DEBUG PrimaryStageWindow   - GameScene -> FXGLLoadingScene
15:07:22.453 [JavaFX Application Thread] DEBUG GameApplicationServi - Clearing previous game
15:07:22.453 [JavaFX Application Thread] DEBUG GameScene            - Clearing game scene
15:07:22.453 [JavaFX Application Thread] DEBUG GameWorld            - Clearing game world
15:07:22.454 [JavaFX Application Thread] DEBUG PhysicsWorld         - Clearing physics world
15:07:22.454 [FXGL Background Thread 2 ] DEBUG FXGLApplication      - Initializing game
15:07:22.457 [FXGL Background Thread 2 ] INFO  FXGLApplication      - Game initialization took: 0.002 sec
15:07:22.459 [JavaFX Application Thread] DEBUG Input                - Clearing active input actions
15:07:22.463 [JavaFX Application Thread] DEBUG GameApplicationServi - Removing overlay from FXGLLoadingScene and adding to GameScene
15:07:22.464 [JavaFX Application Thread] DEBUG PrimaryStageWindow   - FXGLLoadingScene -> GameScene
15:07:22.466 [JavaFX Application Thread] WARN  Entity               - Entity already has component: com.almasb.fxgl.entity.components.ViewComponent
15:07:22.901 [JavaFX Application Thread] DEBUG Input                - Mocking key press: Space
15:07:23.019 [JavaFX Application Thread] DEBUG Input                - Mocking key release: Space
15:07:23.148 [JavaFX Application Thread] DEBUG Input                - Mocking key press: Space
15:07:23.158 [JavaFX Application Thread] DEBUG Input                - Mocking key release: Space
15:07:23.174 [JavaFX Application Thread] DEBUG Input                - Mocking key press: Space
15:07:23.208 [JavaFX Application Thread] DEBUG Input                - Mocking key release: Space
15:07:23.371 [JavaFX Application Thread] DEBUG Input                - Mocking key press: Space
15:07:23.459 [JavaFX Application Thread] DEBUG Input                - Mocking key release: Space
15:07:23.599 [JavaFX Application Thread] DEBUG PrimaryStageWindow   - Push state: DialogSubScene
15:07:23.600 [JavaFX Application Thread] DEBUG Input                - Clearing active input actions
15:07:23.601 [JavaFX Application Thread] DEBUG GameApplicationServi - Removing overlay from GameScene and adding to DialogSubScene
15:07:23.602 [JavaFX Application Thread] DEBUG PrimaryStageWindow   - GameScene -> DialogSubScene
15:07:24.275 [JavaFX Application Thread] DEBUG PrimaryStageWindow   - Pop state: DialogSubScene
15:07:24.275 [JavaFX Application Thread] DEBUG Input                - Clearing active input actions
15:07:24.276 [JavaFX Application Thread] DEBUG GameApplicationServi - Removing overlay from DialogSubScene and adding to GameScene
15:07:24.276 [JavaFX Application Thread] DEBUG PrimaryStageWindow   - GameScene <- DialogSubScene
15:07:24.276 [JavaFX Application Thread] DEBUG GameApplicationServi - Starting new game
15:07:24.276 [JavaFX Application Thread] DEBUG Input                - Clearing active input actions
15:07:24.280 [JavaFX Application Thread] DEBUG GameApplicationServi - Removing overlay from GameScene and adding to FXGLLoadingScene
15:07:24.280 [JavaFX Application Thread] DEBUG PrimaryStageWindow   - GameScene -> FXGLLoadingScene
15:07:24.280 [JavaFX Application Thread] DEBUG GameApplicationServi - Clearing previous game
15:07:24.280 [JavaFX Application Thread] DEBUG GameScene            - Clearing game scene
15:07:24.280 [JavaFX Application Thread] DEBUG GameWorld            - Clearing game world
15:07:24.281 [JavaFX Application Thread] DEBUG PhysicsWorld         - Clearing physics world
15:07:24.281 [FXGL Background Thread 2 ] DEBUG FXGLApplication      - Initializing game
15:07:24.284 [FXGL Background Thread 2 ] INFO  FXGLApplication      - Game initialization took: 0.002 sec
15:07:24.284 [JavaFX Application Thread] DEBUG Input                - Clearing active input actions
15:07:24.288 [JavaFX Application Thread] DEBUG GameApplicationServi - Removing overlay from FXGLLoadingScene and adding to GameScene
15:07:24.288 [JavaFX Application Thread] DEBUG PrimaryStageWindow   - FXGLLoadingScene -> GameScene
15:07:24.289 [JavaFX Application Thread] WARN  Entity               - Entity already has component: com.almasb.fxgl.entity.components.ViewComponent
15:07:24.790 [JavaFX Application Thread] DEBUG Input                - Mocking key press: Space
15:07:24.874 [JavaFX Application Thread] DEBUG Input                - Mocking key release: Space
15:07:25.349 [JavaFX Application Thread] DEBUG Input                - Mocking key press: Space
15:07:25.480 [JavaFX Application Thread] DEBUG Input                - Mocking key release: Space
15:07:25.649 [JavaFX Application Thread] DEBUG PrimaryStageWindow   - Push state: DialogSubScene
15:07:25.649 [JavaFX Application Thread] DEBUG Input                - Clearing active input actions
15:07:25.651 [JavaFX Application Thread] DEBUG GameApplicationServi - Removing overlay from GameScene and adding to DialogSubScene
15:07:25.651 [JavaFX Application Thread] DEBUG PrimaryStageWindow   - GameScene -> DialogSubScene
15:07:26.339 [JavaFX Application Thread] DEBUG PrimaryStageWindow   - Pop state: DialogSubScene
15:07:26.339 [JavaFX Application Thread] DEBUG Input                - Clearing active input actions
15:07:26.339 [JavaFX Application Thread] DEBUG GameApplicationServi - Removing overlay from DialogSubScene and adding to GameScene
15:07:26.339 [JavaFX Application Thread] DEBUG PrimaryStageWindow   - GameScene <- DialogSubScene
15:07:26.340 [JavaFX Application Thread] DEBUG GameApplicationServi - Starting new game
15:07:26.340 [JavaFX Application Thread] DEBUG Input                - Clearing active input actions
15:07:26.342 [JavaFX Application Thread] DEBUG GameApplicationServi - Removing overlay from GameScene and adding to FXGLLoadingScene
15:07:26.343 [JavaFX Application Thread] DEBUG PrimaryStageWindow   - GameScene -> FXGLLoadingScene
15:07:26.343 [JavaFX Application Thread] DEBUG GameApplicationServi - Clearing previous game
15:07:26.343 [JavaFX Application Thread] DEBUG GameScene            - Clearing game scene
15:07:26.343 [JavaFX Application Thread] DEBUG GameWorld            - Clearing game world
15:07:26.344 [JavaFX Application Thread] DEBUG PhysicsWorld         - Clearing physics world
15:07:26.344 [FXGL Background Thread 2 ] DEBUG FXGLApplication      - Initializing game
15:07:26.347 [FXGL Background Thread 2 ] INFO  FXGLApplication      - Game initialization took: 0.003 sec
15:07:26.348 [JavaFX Application Thread] DEBUG Input                - Clearing active input actions
15:07:26.351 [JavaFX Application Thread] DEBUG GameApplicationServi - Removing overlay from FXGLLoadingScene and adding to GameScene
15:07:26.351 [JavaFX Application Thread] DEBUG PrimaryStageWindow   - FXGLLoadingScene -> GameScene
15:07:26.353 [JavaFX Application Thread] WARN  Entity               - Entity already has component: com.almasb.fxgl.entity.components.ViewComponent
15:07:26.741 [JavaFX Application Thread] DEBUG Input                - Mocking key press: Space
15:07:26.837 [JavaFX Application Thread] DEBUG Input                - Mocking key release: Space
15:07:27.553 [JavaFX Application Thread] DEBUG PrimaryStageWindow   - Push state: DialogSubScene
15:07:27.553 [JavaFX Application Thread] DEBUG Input                - Clearing active input actions
15:07:27.554 [JavaFX Application Thread] DEBUG GameApplicationServi - Removing overlay from GameScene and adding to DialogSubScene
15:07:27.554 [JavaFX Application Thread] DEBUG PrimaryStageWindow   - GameScene -> DialogSubScene
15:07:28.692 [JavaFX Application Thread] DEBUG PrimaryStageWindow   - Pop state: DialogSubScene
15:07:28.692 [JavaFX Application Thread] DEBUG Input                - Clearing active input actions
15:07:28.692 [JavaFX Application Thread] DEBUG GameApplicationServi - Removing overlay from DialogSubScene and adding to GameScene
15:07:28.693 [JavaFX Application Thread] DEBUG PrimaryStageWindow   - GameScene <- DialogSubScene
15:07:28.693 [JavaFX Application Thread] DEBUG GameApplicationServi - Starting new game
15:07:28.693 [JavaFX Application Thread] DEBUG Input                - Clearing active input actions
15:07:28.695 [JavaFX Application Thread] DEBUG GameApplicationServi - Removing overlay from GameScene and adding to FXGLLoadingScene
15:07:28.696 [JavaFX Application Thread] DEBUG PrimaryStageWindow   - GameScene -> FXGLLoadingScene
15:07:28.696 [JavaFX Application Thread] DEBUG GameApplicationServi - Clearing previous game
15:07:28.696 [JavaFX Application Thread] DEBUG GameScene            - Clearing game scene
15:07:28.696 [JavaFX Application Thread] DEBUG GameWorld            - Clearing game world
15:07:28.696 [JavaFX Application Thread] DEBUG PhysicsWorld         - Clearing physics world
15:07:28.697 [FXGL Background Thread 2 ] DEBUG FXGLApplication      - Initializing game
15:07:28.700 [FXGL Background Thread 2 ] INFO  FXGLApplication      - Game initialization took: 0.003 sec
15:07:28.700 [JavaFX Application Thread] DEBUG Input                - Clearing active input actions
15:07:28.703 [JavaFX Application Thread] DEBUG GameApplicationServi - Removing overlay from FXGLLoadingScene and adding to GameScene
15:07:28.703 [JavaFX Application Thread] DEBUG PrimaryStageWindow   - FXGLLoadingScene -> GameScene
15:07:28.706 [JavaFX Application Thread] WARN  Entity               - Entity already has component: com.almasb.fxgl.entity.components.ViewComponent
15:07:29.188 [JavaFX Application Thread] DEBUG Input                - Mocking key press: Space
15:07:29.291 [JavaFX Application Thread] DEBUG Input                - Mocking key release: Space
15:07:29.420 [JavaFX Application Thread] DEBUG Input                - Mocking key press: Space
15:07:29.499 [JavaFX Application Thread] DEBUG Input                - Mocking key release: Space
15:07:30.187 [JavaFX Application Thread] WARN  Entity               - Entity already has component: com.almasb.fxgl.entity.components.ViewComponent
15:07:30.219 [JavaFX Application Thread] DEBUG PrimaryStageWindow   - Push state: DialogSubScene
15:07:30.220 [JavaFX Application Thread] DEBUG Input                - Clearing active input actions
15:07:30.221 [JavaFX Application Thread] DEBUG GameApplicationServi - Removing overlay from GameScene and adding to DialogSubScene
15:07:30.221 [JavaFX Application Thread] DEBUG PrimaryStageWindow   - GameScene -> DialogSubScene
15:07:30.851 [JavaFX Application Thread] DEBUG PrimaryStageWindow   - Pop state: DialogSubScene
15:07:30.851 [JavaFX Application Thread] DEBUG Input                - Clearing active input actions
15:07:30.852 [JavaFX Application Thread] DEBUG GameApplicationServi - Removing overlay from DialogSubScene and adding to GameScene
15:07:30.852 [JavaFX Application Thread] DEBUG PrimaryStageWindow   - GameScene <- DialogSubScene
15:07:30.852 [JavaFX Application Thread] DEBUG GameApplicationServi - Starting new game
15:07:30.852 [JavaFX Application Thread] DEBUG Input                - Clearing active input actions
15:07:30.855 [JavaFX Application Thread] DEBUG GameApplicationServi - Removing overlay from GameScene and adding to FXGLLoadingScene
15:07:30.856 [JavaFX Application Thread] DEBUG PrimaryStageWindow   - GameScene -> FXGLLoadingScene
15:07:30.856 [JavaFX Application Thread] DEBUG GameApplicationServi - Clearing previous game
15:07:30.856 [JavaFX Application Thread] DEBUG GameScene            - Clearing game scene
15:07:30.856 [JavaFX Application Thread] DEBUG GameWorld            - Clearing game world
15:07:30.856 [JavaFX Application Thread] DEBUG PhysicsWorld         - Clearing physics world
15:07:30.857 [FXGL Background Thread 2 ] DEBUG FXGLApplication      - Initializing game
15:07:30.859 [FXGL Background Thread 2 ] INFO  FXGLApplication      - Game initialization took: 0.002 sec
15:07:30.860 [JavaFX Application Thread] DEBUG Input                - Clearing active input actions
15:07:30.862 [JavaFX Application Thread] DEBUG GameApplicationServi - Removing overlay from FXGLLoadingScene and adding to GameScene
15:07:30.863 [JavaFX Application Thread] DEBUG PrimaryStageWindow   - FXGLLoadingScene -> GameScene
15:07:30.864 [JavaFX Application Thread] WARN  Entity               - Entity already has component: com.almasb.fxgl.entity.components.ViewComponent
15:07:31.384 [JavaFX Application Thread] DEBUG Input                - Mocking key press: Space
15:07:31.467 [JavaFX Application Thread] DEBUG Input                - Mocking key release: Space
15:07:31.579 [JavaFX Application Thread] DEBUG Input                - Mocking key press: Space
15:07:31.651 [JavaFX Application Thread] DEBUG Input                - Mocking key release: Space
15:07:32.337 [JavaFX Application Thread] WARN  Entity               - Entity already has component: com.almasb.fxgl.entity.components.ViewComponent
15:07:32.367 [JavaFX Application Thread] DEBUG PrimaryStageWindow   - Push state: DialogSubScene
15:07:32.367 [JavaFX Application Thread] DEBUG Input                - Clearing active input actions
15:07:32.369 [JavaFX Application Thread] DEBUG GameApplicationServi - Removing overlay from GameScene and adding to DialogSubScene
15:07:32.369 [JavaFX Application Thread] DEBUG PrimaryStageWindow   - GameScene -> DialogSubScene
15:07:33.027 [JavaFX Application Thread] DEBUG PrimaryStageWindow   - Pop state: DialogSubScene
15:07:33.027 [JavaFX Application Thread] DEBUG Input                - Clearing active input actions
15:07:33.027 [JavaFX Application Thread] DEBUG GameApplicationServi - Removing overlay from DialogSubScene and adding to GameScene
15:07:33.027 [JavaFX Application Thread] DEBUG PrimaryStageWindow   - GameScene <- DialogSubScene
15:07:33.027 [JavaFX Application Thread] DEBUG GameApplicationServi - Starting new game
15:07:33.027 [JavaFX Application Thread] DEBUG Input                - Clearing active input actions
15:07:33.030 [JavaFX Application Thread] DEBUG GameApplicationServi - Removing overlay from GameScene and adding to FXGLLoadingScene
15:07:33.031 [JavaFX Application Thread] DEBUG PrimaryStageWindow   - GameScene -> FXGLLoadingScene
15:07:33.031 [JavaFX Application Thread] DEBUG GameApplicationServi - Clearing previous game
15:07:33.031 [JavaFX Application Thread] DEBUG GameScene            - Clearing game scene
15:07:33.031 [JavaFX Application Thread] DEBUG GameWorld            - Clearing game world
15:07:33.031 [JavaFX Application Thread] DEBUG PhysicsWorld         - Clearing physics world
15:07:33.032 [FXGL Background Thread 2 ] DEBUG FXGLApplication      - Initializing game
15:07:33.033 [FXGL Background Thread 2 ] INFO  FXGLApplication      - Game initialization took: 0.002 sec
15:07:33.034 [JavaFX Application Thread] DEBUG Input                - Clearing active input actions
15:07:33.037 [JavaFX Application Thread] DEBUG GameApplicationServi - Removing overlay from FXGLLoadingScene and adding to GameScene
15:07:33.037 [JavaFX Application Thread] DEBUG PrimaryStageWindow   - FXGLLoadingScene -> GameScene
15:07:33.040 [JavaFX Application Thread] WARN  Entity               - Entity already has component: com.almasb.fxgl.entity.components.ViewComponent
15:07:33.469 [JavaFX Application Thread] DEBUG Input                - Mocking key press: Space
15:07:33.563 [JavaFX Application Thread] DEBUG Input                - Mocking key release: Space
15:07:34.132 [JavaFX Application Thread] DEBUG Input                - Mocking key press: Space
15:07:34.187 [JavaFX Application Thread] DEBUG Input                - Mocking key release: Space
15:07:34.399 [JavaFX Application Thread] DEBUG PrimaryStageWindow   - Push state: DialogSubScene
15:07:34.399 [JavaFX Application Thread] DEBUG Input                - Clearing active input actions
15:07:34.401 [JavaFX Application Thread] DEBUG GameApplicationServi - Removing overlay from GameScene and adding to DialogSubScene
15:07:34.401 [JavaFX Application Thread] DEBUG PrimaryStageWindow   - GameScene -> DialogSubScene
15:07:35.107 [JavaFX Application Thread] DEBUG PrimaryStageWindow   - Pop state: DialogSubScene
15:07:35.107 [JavaFX Application Thread] DEBUG Input                - Clearing active input actions
15:07:35.108 [JavaFX Application Thread] DEBUG GameApplicationServi - Removing overlay from DialogSubScene and adding to GameScene
15:07:35.108 [JavaFX Application Thread] DEBUG PrimaryStageWindow   - GameScene <- DialogSubScene
15:07:35.108 [JavaFX Application Thread] DEBUG GameApplicationServi - Starting new game
15:07:35.108 [JavaFX Application Thread] DEBUG Input                - Clearing active input actions
15:07:35.111 [JavaFX Application Thread] DEBUG GameApplicationServi - Removing overlay from GameScene and adding to FXGLLoadingScene
15:07:35.111 [JavaFX Application Thread] DEBUG PrimaryStageWindow   - GameScene -> FXGLLoadingScene
15:07:35.111 [JavaFX Application Thread] DEBUG GameApplicationServi - Clearing previous game
15:07:35.111 [JavaFX Application Thread] DEBUG GameScene            - Clearing game scene
15:07:35.111 [JavaFX Application Thread] DEBUG GameWorld            - Clearing game world
15:07:35.112 [JavaFX Application Thread] DEBUG PhysicsWorld         - Clearing physics world
15:07:35.112 [FXGL Background Thread 2 ] DEBUG FXGLApplication      - Initializing game
15:07:35.115 [FXGL Background Thread 2 ] INFO  FXGLApplication      - Game initialization took: 0.002 sec
15:07:35.115 [JavaFX Application Thread] DEBUG Input                - Clearing active input actions
15:07:35.118 [JavaFX Application Thread] DEBUG GameApplicationServi - Removing overlay from FXGLLoadingScene and adding to GameScene
15:07:35.118 [JavaFX Application Thread] DEBUG PrimaryStageWindow   - FXGLLoadingScene -> GameScene
15:07:35.120 [JavaFX Application Thread] WARN  Entity               - Entity already has component: com.almasb.fxgl.entity.components.ViewComponent
15:07:35.637 [JavaFX Application Thread] DEBUG Input                - Mocking key press: Space
15:07:35.715 [JavaFX Application Thread] DEBUG Input                - Mocking key release: Space
15:07:36.023 [JavaFX Application Thread] DEBUG Input                - Mocking key press: Space
15:07:36.092 [JavaFX Application Thread] DEBUG Input                - Mocking key release: Space
15:07:36.606 [JavaFX Application Thread] WARN  Entity               - Entity already has component: com.almasb.fxgl.entity.components.ViewComponent
15:07:36.911 [JavaFX Application Thread] DEBUG Input                - Mocking key press: Space
15:07:36.996 [JavaFX Application Thread] DEBUG Input                - Mocking key release: Space
15:07:38.121 [JavaFX Application Thread] DEBUG Input                - Mocking key press: Space
15:07:38.211 [JavaFX Application Thread] DEBUG Input                - Mocking key release: Space
15:07:39.253 [JavaFX Application Thread] DEBUG Input                - Mocking key press: Space
15:07:39.380 [JavaFX Application Thread] DEBUG Input                - Mocking key release: Space
15:07:39.885 [JavaFX Application Thread] WARN  Entity               - Entity already has component: com.almasb.fxgl.entity.components.ViewComponent
15:07:40.652 [JavaFX Application Thread] DEBUG Input                - Mocking key press: Space
15:07:40.763 [JavaFX Application Thread] DEBUG Input                - Mocking key release: Space
15:07:41.611 [JavaFX Application Thread] DEBUG Input                - Mocking key press: Space
15:07:41.701 [JavaFX Application Thread] DEBUG Input                - Mocking key release: Space
15:07:42.194 [JavaFX Application Thread] DEBUG PrimaryStageWindow   - Push state: DialogSubScene
15:07:42.194 [JavaFX Application Thread] DEBUG Input                - Clearing active input actions
15:07:42.194 [JavaFX Application Thread] DEBUG GameApplicationServi - Removing overlay from GameScene and adding to DialogSubScene
15:07:42.195 [JavaFX Application Thread] DEBUG PrimaryStageWindow   - GameScene -> DialogSubScene
15:07:46.404 [JavaFX Application Thread] DEBUG PrimaryStageWindow   - Pop state: DialogSubScene
15:07:46.404 [JavaFX Application Thread] DEBUG Input                - Clearing active input actions
15:07:46.405 [JavaFX Application Thread] DEBUG GameApplicationServi - Removing overlay from DialogSubScene and adding to GameScene
15:07:46.405 [JavaFX Application Thread] DEBUG PrimaryStageWindow   - GameScene <- DialogSubScene
15:07:46.405 [JavaFX Application Thread] DEBUG Input                - Clearing active input actions
15:07:46.407 [JavaFX Application Thread] DEBUG GameApplicationServi - Removing overlay from GameScene and adding to FXGLMainMenuDummyScene
15:07:46.408 [JavaFX Application Thread] DEBUG PrimaryStageWindow   - GameScene -> FXGLMainMenuDummyScene
15:07:46.408 [JavaFX Application Thread] DEBUG PrimaryStageWindow   - Push state: FXGLDefaultMenu
15:07:46.408 [JavaFX Application Thread] DEBUG Input                - Clearing active input actions
15:07:46.411 [JavaFX Application Thread] DEBUG GameApplicationServi - Removing overlay from FXGLMainMenuDummyScene and adding to FXGLDefaultMenu
15:07:46.411 [JavaFX Application Thread] DEBUG PrimaryStageWindow   - FXGLMainMenuDummyScene -> FXGLDefaultMenu
15:07:47.420 [JavaFX Application Thread] DEBUG Menu                 - fireExit()
15:07:47.421 [JavaFX Application Thread] DEBUG PrimaryStageWindow   - Push state: DialogSubScene
15:07:47.421 [JavaFX Application Thread] DEBUG Input                - Clearing active input actions
15:07:47.422 [JavaFX Application Thread] DEBUG GameApplicationServi - Removing overlay from FXGLDefaultMenu and adding to DialogSubScene
15:07:47.422 [JavaFX Application Thread] DEBUG PrimaryStageWindow   - FXGLDefaultMenu -> DialogSubScene
15:07:48.188 [JavaFX Application Thread] DEBUG PrimaryStageWindow   - Pop state: DialogSubScene
15:07:48.188 [JavaFX Application Thread] DEBUG Input                - Clearing active input actions
15:07:48.188 [JavaFX Application Thread] DEBUG GameApplicationServi - Removing overlay from DialogSubScene and adding to FXGLDefaultMenu
15:07:48.188 [JavaFX Application Thread] DEBUG PrimaryStageWindow   - FXGLDefaultMenu <- DialogSubScene
15:07:48.189 [JavaFX Application Thread] DEBUG FXGLApplication      - Exiting FXGL
15:07:48.189 [JavaFX Application Thread] DEBUG LoopRunner           - Stopping loop
15:07:48.189 [JavaFX Application Thread] DEBUG SystemBundleService  - Saving FXGL system data
15:07:48.201 [JavaFX Application Thread] DEBUG FileSystemAccess     - Writing to: C:\Users\chunh\IdeaProjects\catprojecttrail1\system\fxgl.bundle
15:07:48.204 [JavaFX Application Thread] DEBUG Async                - Shutting down background threads
15:07:48.204 [JavaFX Application Thread] DEBUG PrimaryStageWindow   - Closing main window
15:07:48.227 [JavaFX Application Thread] DEBUG Logger               - Closing Logger
